<?xml version="1.0" encoding="utf-8"?>
<TestRun id="97ca5e9e-b484-4d92-a2bb-b3f39ed7c450" name="nicho@DESKTOP-HE04GST 2023-03-23 18:58:40" runUser="DESKTOP-HE04GST\nicho" xmlns="http://microsoft.com/schemas/VisualStudio/TeamTest/2010">
  <Times creation="2023-03-23T18:58:40.9819380-04:00" queuing="2023-03-23T18:58:40.9819385-04:00" start="2023-03-23T18:58:39.2832603-04:00" finish="2023-03-23T18:58:41.0348848-04:00" />
  <TestSettings name="default" id="2ff9bf8b-c3d1-4ef4-8e2c-70e7ca23208b">
    <Deployment runDeploymentRoot="nicho_DESKTOP-HE04GST_2023-03-23_18_58_40" />
  </TestSettings>
  <Results>
    <UnitTestResult executionId="c8357fb0-2985-4113-9af9-a82349eb87f0" testId="a9cd54ec-4038-4c69-3ba2-ebbac7b264fb" testName="Carlton.Base.Components.Test.CardComponentTests.Card_HeaderContentChildParam_RendersCorrectly" computerName="DESKTOP-HE04GST" duration="00:00:00.0024646" startTime="2023-03-23T18:58:40.9407725-04:00" endTime="2023-03-23T18:58:40.9407727-04:00" testType="13cdc9d9-ddb5-4fa4-a97d-d965ccfc6d4b" outcome="Passed" testListId="8c84fa94-04c1-424b-9868-57a2d4851a1d" relativeResultsDirectory="c8357fb0-2985-4113-9af9-a82349eb87f0" />
    <UnitTestResult executionId="a0d3c20d-cc77-4312-a01a-a50fc3e2a737" testId="8c0fa742-e53b-88c5-7546-617d1694381a" testName="Carlton.Base.Components.Test.AccordionSelectGroupComponentTests.AccordionSelectGroup_ClickItemOneInGroupTwo_SelectedItem_ShouldHaveValue3" computerName="DESKTOP-HE04GST" duration="00:00:00.0025019" startTime="2023-03-23T18:58:40.9512975-04:00" endTime="2023-03-23T18:58:40.9512979-04:00" testType="13cdc9d9-ddb5-4fa4-a97d-d965ccfc6d4b" outcome="Passed" testListId="8c84fa94-04c1-424b-9868-57a2d4851a1d" relativeResultsDirectory="a0d3c20d-cc77-4312-a01a-a50fc3e2a737" />
    <UnitTestResult executionId="665c4214-2af0-4c6a-b41e-8e3074642ab8" testId="5e8b3041-ab42-52f3-9e60-e4f1a50c540d" testName="Carlton.Base.Components.Test.AccordionSelectGroupComponentTests.AccordionSelectGroup_ClickItemTwoInGroupOne_SelectedItem_ShouldHaveValue2" computerName="DESKTOP-HE04GST" duration="00:00:00.0024822" startTime="2023-03-23T18:58:40.9435143-04:00" endTime="2023-03-23T18:58:40.9435144-04:00" testType="13cdc9d9-ddb5-4fa4-a97d-d965ccfc6d4b" outcome="Passed" testListId="8c84fa94-04c1-424b-9868-57a2d4851a1d" relativeResultsDirectory="665c4214-2af0-4c6a-b41e-8e3074642ab8" />
    <UnitTestResult executionId="b5427a18-372a-4be8-b53f-4f6f037e6ad9" testId="6a0fde22-698c-64cf-24be-2800185879be" testName="Carlton.Base.Components.Test.DropDownMenuElementComponentTests.DropDownMenuElement_MenuItemIconParam_RendersCorrectly" computerName="DESKTOP-HE04GST" duration="00:00:00.0024797" startTime="2023-03-23T18:58:40.9390502-04:00" endTime="2023-03-23T18:58:40.9390503-04:00" testType="13cdc9d9-ddb5-4fa4-a97d-d965ccfc6d4b" outcome="Passed" testListId="8c84fa94-04c1-424b-9868-57a2d4851a1d" relativeResultsDirectory="b5427a18-372a-4be8-b53f-4f6f037e6ad9" />
    <UnitTestResult executionId="7527dab2-c0a8-47e8-826e-1debee17cffc" testId="0419bf75-fe13-ba31-ce3d-95f4193a989f" testName="Carlton.Base.Components.Test.DropDownMenuElementComponentTests.DropDownMenuElement_Markup_RendersCorrectly" computerName="DESKTOP-HE04GST" duration="00:00:00.0031978" startTime="2023-03-23T18:58:40.9398749-04:00" endTime="2023-03-23T18:58:40.9398751-04:00" testType="13cdc9d9-ddb5-4fa4-a97d-d965ccfc6d4b" outcome="Passed" testListId="8c84fa94-04c1-424b-9868-57a2d4851a1d" relativeResultsDirectory="7527dab2-c0a8-47e8-826e-1debee17cffc" />
    <UnitTestResult executionId="e0c26c28-8bdc-40d9-b4a5-f3d5b906f466" testId="9ab49dc0-83b2-1475-b2d9-80d8501dfe27" testName="Carlton.Base.Components.Test.AccordionSelectGroupComponentTests.AccordionSelectGroup_ClickItemTwoInGroupOne_GroupOneItemTwo_shouldHaveSelectedClass" computerName="DESKTOP-HE04GST" duration="00:00:00.0060398" startTime="2023-03-23T18:58:40.9436128-04:00" endTime="2023-03-23T18:58:40.9436128-04:00" testType="13cdc9d9-ddb5-4fa4-a97d-d965ccfc6d4b" outcome="Passed" testListId="8c84fa94-04c1-424b-9868-57a2d4851a1d" relativeResultsDirectory="e0c26c28-8bdc-40d9-b4a5-f3d5b906f466" />
    <UnitTestResult executionId="ba44a70d-3f43-4e0d-acff-19773e17268d" testId="8f8cda91-6c58-6446-1708-2929b37dd8b2" testName="Carlton.Base.Components.Test.LogoComponentTests.Logo_IsCollapsedParam_False_ShouldBeExpanded" computerName="DESKTOP-HE04GST" duration="00:00:00.0011929" startTime="2023-03-23T18:58:40.9323583-04:00" endTime="2023-03-23T18:58:40.9323584-04:00" testType="13cdc9d9-ddb5-4fa4-a97d-d965ccfc6d4b" outcome="Passed" testListId="8c84fa94-04c1-424b-9868-57a2d4851a1d" relativeResultsDirectory="ba44a70d-3f43-4e0d-acff-19773e17268d" />
    <UnitTestResult executionId="753ccaea-32cf-4118-bfe7-ed61fcdd9494" testId="0bc93847-7ab6-a1d4-4513-da2be0055e95" testName="Carlton.Base.Components.Test.CardComponentTests.Card_PrimaryContentChildParam_RendersCorrectly" computerName="DESKTOP-HE04GST" duration="00:00:00.0028596" startTime="2023-03-23T18:58:40.9392139-04:00" endTime="2023-03-23T18:58:40.9392139-04:00" testType="13cdc9d9-ddb5-4fa4-a97d-d965ccfc6d4b" outcome="Passed" testListId="8c84fa94-04c1-424b-9868-57a2d4851a1d" relativeResultsDirectory="753ccaea-32cf-4118-bfe7-ed61fcdd9494" />
    <UnitTestResult executionId="32330474-438a-468e-a312-c212dc90db8e" testId="80339c17-f89b-3f86-8de1-e278f14bb281" testName="Carlton.Base.Components.Test.DropDownMenuElementComponentTests.DropDownMenuElement_OnMenuItemSelectedParam_RendersCorrectly" computerName="DESKTOP-HE04GST" duration="00:00:00.0123241" startTime="2023-03-23T18:58:40.9409166-04:00" endTime="2023-03-23T18:58:40.9409167-04:00" testType="13cdc9d9-ddb5-4fa4-a97d-d965ccfc6d4b" outcome="Passed" testListId="8c84fa94-04c1-424b-9868-57a2d4851a1d" relativeResultsDirectory="32330474-438a-468e-a312-c212dc90db8e" />
    <UnitTestResult executionId="7043d5ab-d02e-40e2-97b3-7b4a26a572f7" testId="9af266e9-db80-2c82-0f72-e19a5d601ba4" testName="Carlton.Base.Components.Test.AccordionSelectComponentTests.AccordionSelect_IsExpandedParam_True_WithItems_RendersItemsCorrectly" computerName="DESKTOP-HE04GST" duration="00:00:00.0026590" startTime="2023-03-23T18:58:40.9408380-04:00" endTime="2023-03-23T18:58:40.9408381-04:00" testType="13cdc9d9-ddb5-4fa4-a97d-d965ccfc6d4b" outcome="Passed" testListId="8c84fa94-04c1-424b-9868-57a2d4851a1d" relativeResultsDirectory="7043d5ab-d02e-40e2-97b3-7b4a26a572f7" />
    <UnitTestResult executionId="84c27b4c-ac63-4b03-8bbd-55cf132cdb78" testId="285dd188-0677-95b9-bdc8-5f4be2504763" testName="Carlton.Base.Components.Test.CardComponentTests.Card_Markup_RendersCorrectly" computerName="DESKTOP-HE04GST" duration="00:00:00.0055221" startTime="2023-03-23T18:58:40.9348840-04:00" endTime="2023-03-23T18:58:40.9348841-04:00" testType="13cdc9d9-ddb5-4fa4-a97d-d965ccfc6d4b" outcome="Passed" testListId="8c84fa94-04c1-424b-9868-57a2d4851a1d" relativeResultsDirectory="84c27b4c-ac63-4b03-8bbd-55cf132cdb78" />
    <UnitTestResult executionId="00968f87-5da9-4ea2-84f0-bb1f3a35d6d3" testId="0ddaa31b-8f8c-c076-1ba5-04243a7387d4" testName="Carlton.Base.Components.Test.LogoComponentTests.Logo_IsCollapsedParam_True_ShouldBeCollapsed" computerName="DESKTOP-HE04GST" duration="00:00:00.0014505" startTime="2023-03-23T18:58:40.9325612-04:00" endTime="2023-03-23T18:58:40.9325613-04:00" testType="13cdc9d9-ddb5-4fa4-a97d-d965ccfc6d4b" outcome="Passed" testListId="8c84fa94-04c1-424b-9868-57a2d4851a1d" relativeResultsDirectory="00968f87-5da9-4ea2-84f0-bb1f3a35d6d3" />
    <UnitTestResult executionId="56a829a7-e6d8-4757-9775-b290ec6cd3de" testId="dd3b4cbb-b219-22c8-6753-5c6f2761ff9e" testName="Carlton.Base.Components.Test.ConsoleComponentTests.Console_ValidateFuncParam_ValidatesTrue_RendersCorrectly" computerName="DESKTOP-HE04GST" duration="00:00:00.0051887" startTime="2023-03-23T18:58:40.9288809-04:00" endTime="2023-03-23T18:58:40.9288810-04:00" testType="13cdc9d9-ddb5-4fa4-a97d-d965ccfc6d4b" outcome="Passed" testListId="8c84fa94-04c1-424b-9868-57a2d4851a1d" relativeResultsDirectory="56a829a7-e6d8-4757-9775-b290ec6cd3de" />
    <UnitTestResult executionId="4d0a53bd-8d38-4a9f-931d-953c99aadb07" testId="c0d715a0-c097-c14f-a11f-8653ccbaf94a" testName="Carlton.Base.Components.Test.AccordionSelectGroupComponentTests.AccordionSelectGroup_ClickItemTwoInGroupOne_GroupOneHeader_shouldHaveSelectedClass" computerName="DESKTOP-HE04GST" duration="00:00:00.0187331" startTime="2023-03-23T18:58:40.9421638-04:00" endTime="2023-03-23T18:58:40.9421639-04:00" testType="13cdc9d9-ddb5-4fa4-a97d-d965ccfc6d4b" outcome="Passed" testListId="8c84fa94-04c1-424b-9868-57a2d4851a1d" relativeResultsDirectory="4d0a53bd-8d38-4a9f-931d-953c99aadb07" />
    <UnitTestResult executionId="ba6a83c5-b03a-432c-8f1f-0f5785756f44" testId="2d168e72-b1c4-0b57-fd31-afcc70bd9911" testName="Carlton.Base.Components.Test.ListCardComponentTests.ListCard_Markup_RendersCorrectly" computerName="DESKTOP-HE04GST" duration="00:00:00.0216387" startTime="2023-03-23T18:58:40.9338394-04:00" endTime="2023-03-23T18:58:40.9338395-04:00" testType="13cdc9d9-ddb5-4fa4-a97d-d965ccfc6d4b" outcome="Passed" testListId="8c84fa94-04c1-424b-9868-57a2d4851a1d" relativeResultsDirectory="ba6a83c5-b03a-432c-8f1f-0f5785756f44" />
    <UnitTestResult executionId="a9d14d27-d37f-4cda-9cc5-3ba7068a2f6c" testId="28e5ce2b-c2f6-29ef-06b9-51a41bccc67e" testName="Carlton.Base.Components.Test.ConsoleComponentTests.Console_ValidateFuncParam_ValidatesFalse_RendersCorrectly" computerName="DESKTOP-HE04GST" duration="00:00:00.0024415" startTime="2023-03-23T18:58:40.9311850-04:00" endTime="2023-03-23T18:58:40.9311856-04:00" testType="13cdc9d9-ddb5-4fa4-a97d-d965ccfc6d4b" outcome="Passed" testListId="8c84fa94-04c1-424b-9868-57a2d4851a1d" relativeResultsDirectory="a9d14d27-d37f-4cda-9cc5-3ba7068a2f6c" />
    <UnitTestResult executionId="5a3a664f-19c2-4dda-9263-02b304c09ce4" testId="ec8af086-98d2-3322-a972-cba4c8592581" testName="Carlton.Base.Components.Test.ConsoleComponentTests.Console_OnChangeCallbackParam_IfValidatesTrue_RendersCorrectly" computerName="DESKTOP-HE04GST" duration="00:00:00.0032980" startTime="2023-03-23T18:58:40.9346966-04:00" endTime="2023-03-23T18:58:40.9346967-04:00" testType="13cdc9d9-ddb5-4fa4-a97d-d965ccfc6d4b" outcome="Passed" testListId="8c84fa94-04c1-424b-9868-57a2d4851a1d" relativeResultsDirectory="5a3a664f-19c2-4dda-9263-02b304c09ce4" />
    <UnitTestResult executionId="854e4edb-a1c4-4d00-9a4e-76c78d2d7b51" testId="663d98db-4c1c-7d60-e8fc-b858868a8a67" testName="Carlton.Base.Components.Test.LogoComponentTests.Logo_Markup_RendersCorrectly" computerName="DESKTOP-HE04GST" duration="00:00:00.4051244" startTime="2023-03-23T18:58:40.9316528-04:00" endTime="2023-03-23T18:58:40.9316529-04:00" testType="13cdc9d9-ddb5-4fa4-a97d-d965ccfc6d4b" outcome="Passed" testListId="8c84fa94-04c1-424b-9868-57a2d4851a1d" relativeResultsDirectory="854e4edb-a1c4-4d00-9a4e-76c78d2d7b51" />
    <UnitTestResult executionId="e389f1dd-7a52-44a9-bf93-3f6aa62ea13b" testId="6c658e31-a5af-984a-b3aa-736c3e076c38" testName="Carlton.Base.Components.Test.AccordionSelectGroupComponentTests.AccordionSelectGroup_ShouldContainTwoGroups" computerName="DESKTOP-HE04GST" duration="00:00:00.0021222" startTime="2023-03-23T18:58:40.9535303-04:00" endTime="2023-03-23T18:58:40.9535304-04:00" testType="13cdc9d9-ddb5-4fa4-a97d-d965ccfc6d4b" outcome="Passed" testListId="8c84fa94-04c1-424b-9868-57a2d4851a1d" relativeResultsDirectory="e389f1dd-7a52-44a9-bf93-3f6aa62ea13b" />
    <UnitTestResult executionId="f1d04a7b-c637-4b36-8ea6-5d477accf49a" testId="c8690b79-49ac-faa7-a548-aba851334b26" testName="Carlton.Base.Components.Test.ListCardComponentTests.ListCard_RendersCorrectNumberOfItems" computerName="DESKTOP-HE04GST" duration="00:00:00.0066210" startTime="2023-03-23T18:58:40.9313003-04:00" endTime="2023-03-23T18:58:40.9313004-04:00" testType="13cdc9d9-ddb5-4fa4-a97d-d965ccfc6d4b" outcome="Passed" testListId="8c84fa94-04c1-424b-9868-57a2d4851a1d" relativeResultsDirectory="f1d04a7b-c637-4b36-8ea6-5d477accf49a" />
    <UnitTestResult executionId="c2910b3b-8d09-4b4c-b1a2-c3b03eaa0d55" testId="4214e635-97b6-add6-af3b-40484aee00b6" testName="Carlton.Base.Components.Test.AccordionSelectComponentTests.AccordionSelect_IsExpandedParam_False_RendersCorrectIcon" computerName="DESKTOP-HE04GST" duration="00:00:00.0020269" startTime="2023-03-23T18:58:40.9347950-04:00" endTime="2023-03-23T18:58:40.9347951-04:00" testType="13cdc9d9-ddb5-4fa4-a97d-d965ccfc6d4b" outcome="Passed" testListId="8c84fa94-04c1-424b-9868-57a2d4851a1d" relativeResultsDirectory="c2910b3b-8d09-4b4c-b1a2-c3b03eaa0d55" />
    <UnitTestResult executionId="7490ecf9-347e-4a87-b857-e8d0ae251979" testId="944700e8-75b8-cb16-201c-3ec2bce0b13f" testName="Carlton.Base.Components.Test.CountCardComponentTests.CountCard_IconParam_ShouldRenderIconClassCorrectly" computerName="DESKTOP-HE04GST" duration="00:00:00.0061807" startTime="2023-03-23T18:58:40.9289800-04:00" endTime="2023-03-23T18:58:40.9289801-04:00" testType="13cdc9d9-ddb5-4fa4-a97d-d965ccfc6d4b" outcome="Passed" testListId="8c84fa94-04c1-424b-9868-57a2d4851a1d" relativeResultsDirectory="7490ecf9-347e-4a87-b857-e8d0ae251979" />
    <UnitTestResult executionId="58045de8-d221-44d4-9c26-eef589a5c2be" testId="99cc2ea2-db64-a29c-4541-bffd4014afd6" testName="Carlton.Base.Components.Test.PageTitleComponentTests.PageTitle_TitleParam_RendersCorrectly" computerName="DESKTOP-HE04GST" duration="00:00:00.0050811" startTime="2023-03-23T18:58:40.9387824-04:00" endTime="2023-03-23T18:58:40.9387825-04:00" testType="13cdc9d9-ddb5-4fa4-a97d-d965ccfc6d4b" outcome="Passed" testListId="8c84fa94-04c1-424b-9868-57a2d4851a1d" relativeResultsDirectory="58045de8-d221-44d4-9c26-eef589a5c2be" />
    <UnitTestResult executionId="9d565558-b0fc-4921-974f-94e694a73710" testId="2c9b92b9-1afd-edb7-7bdb-ccd631dcba2d" testName="Carlton.Base.Components.Test.AccordionSelectComponentTests.AccordionSelect_SelectedValueParam_Exists_Should_HaveSelectedClass" computerName="DESKTOP-HE04GST" duration="00:00:00.0030040" startTime="2023-03-23T18:58:40.9424172-04:00" endTime="2023-03-23T18:58:40.9424173-04:00" testType="13cdc9d9-ddb5-4fa4-a97d-d965ccfc6d4b" outcome="Passed" testListId="8c84fa94-04c1-424b-9868-57a2d4851a1d" relativeResultsDirectory="9d565558-b0fc-4921-974f-94e694a73710" />
    <UnitTestResult executionId="3f581775-e6a1-420e-9c74-2c2ec820dd08" testId="57af2ecf-7842-7141-295b-a5a34c2bbfc4" testName="Carlton.Base.Components.Test.AccordionSelectComponentTests.AccordionSelect_IsExpandedParam_True_RendersExpandedStateCorrectly" computerName="DESKTOP-HE04GST" duration="00:00:00.0019581" startTime="2023-03-23T18:58:40.9413305-04:00" endTime="2023-03-23T18:58:40.9413306-04:00" testType="13cdc9d9-ddb5-4fa4-a97d-d965ccfc6d4b" outcome="Passed" testListId="8c84fa94-04c1-424b-9868-57a2d4851a1d" relativeResultsDirectory="3f581775-e6a1-420e-9c74-2c2ec820dd08" />
    <UnitTestResult executionId="37f502c9-75f0-41b8-afa6-715f0e069c70" testId="4288f0ea-ac9f-09cb-b20a-d2f0cfa56d95" testName="Carlton.Base.Components.Test.ConsoleComponentTests.Console_ReadOnlyParam_RendersCorrectly" computerName="DESKTOP-HE04GST" duration="00:00:00.0038887" startTime="2023-03-23T18:58:40.9391328-04:00" endTime="2023-03-23T18:58:40.9391328-04:00" testType="13cdc9d9-ddb5-4fa4-a97d-d965ccfc6d4b" outcome="Passed" testListId="8c84fa94-04c1-424b-9868-57a2d4851a1d" relativeResultsDirectory="37f502c9-75f0-41b8-afa6-715f0e069c70" />
    <UnitTestResult executionId="59edaf56-0537-475f-a710-f8db4efeed03" testId="f12aee75-fa53-4c05-9706-3be9762ccebf" testName="Carlton.Base.Components.Test.CheckboxComponentTests.Checkbox_Markup_RendersCorrectly" computerName="DESKTOP-HE04GST" duration="00:00:00.0181963" startTime="2023-03-23T18:58:40.9315597-04:00" endTime="2023-03-23T18:58:40.9315598-04:00" testType="13cdc9d9-ddb5-4fa4-a97d-d965ccfc6d4b" outcome="Passed" testListId="8c84fa94-04c1-424b-9868-57a2d4851a1d" relativeResultsDirectory="59edaf56-0537-475f-a710-f8db4efeed03" />
    <UnitTestResult executionId="348770a7-5fd1-4e9a-b86d-0bcad4ceed1a" testId="b0c36cbd-bf22-4603-f3ea-04fa1053c68a" testName="Carlton.Base.Components.Test.AccordionSelectComponentTests.AccordionSelect_IsExpandedParam_False_RendersCollapsedStateCorrectly" computerName="DESKTOP-HE04GST" duration="00:00:00.0022602" startTime="2023-03-23T18:58:40.9410881-04:00" endTime="2023-03-23T18:58:40.9410882-04:00" testType="13cdc9d9-ddb5-4fa4-a97d-d965ccfc6d4b" outcome="Passed" testListId="8c84fa94-04c1-424b-9868-57a2d4851a1d" relativeResultsDirectory="348770a7-5fd1-4e9a-b86d-0bcad4ceed1a" />
    <UnitTestResult executionId="514a4417-08f0-4fb4-89e6-ab988c3b0952" testId="cfcd9d72-0e99-fe1a-9d32-327efc2e96dc" testName="Carlton.Base.Components.Test.DropDownMenuComponentTests.DropDownMenuElement_MenuTemplateParam_RendersCorrectly" computerName="DESKTOP-HE04GST" duration="00:00:00.0087045" startTime="2023-03-23T18:58:40.9400587-04:00" endTime="2023-03-23T18:58:40.9400588-04:00" testType="13cdc9d9-ddb5-4fa4-a97d-d965ccfc6d4b" outcome="Passed" testListId="8c84fa94-04c1-424b-9868-57a2d4851a1d" relativeResultsDirectory="514a4417-08f0-4fb4-89e6-ab988c3b0952" />
    <UnitTestResult executionId="5c068847-f9c2-4da6-8c80-98f76d5244f1" testId="dbaac14b-2718-f881-2c6a-774a0ed9120f" testName="Carlton.Base.Components.Test.CheckboxComponentTests.Checkbox_Markup_IsCheckedParam_False_OnClickCallback" computerName="DESKTOP-HE04GST" duration="00:00:00.3805351" startTime="2023-03-23T18:58:40.8613441-04:00" endTime="2023-03-23T18:58:40.8613442-04:00" testType="13cdc9d9-ddb5-4fa4-a97d-d965ccfc6d4b" outcome="Passed" testListId="8c84fa94-04c1-424b-9868-57a2d4851a1d" relativeResultsDirectory="5c068847-f9c2-4da6-8c80-98f76d5244f1" />
    <UnitTestResult executionId="193bd0ef-2801-42bb-a762-afedacbe4cc2" testId="0e0d66f9-08c9-922d-5459-95ac62e38d38" testName="Carlton.Base.Components.Test.CountCardComponentTests.CountCard_MessageTemplateParam_ShouldRenderMessageCorrectly" computerName="DESKTOP-HE04GST" duration="00:00:00.3778328" startTime="2023-03-23T18:58:40.8613041-04:00" endTime="2023-03-23T18:58:40.8613042-04:00" testType="13cdc9d9-ddb5-4fa4-a97d-d965ccfc6d4b" outcome="Passed" testListId="8c84fa94-04c1-424b-9868-57a2d4851a1d" relativeResultsDirectory="193bd0ef-2801-42bb-a762-afedacbe4cc2" />
    <UnitTestResult executionId="a0b8608d-bbd0-4925-aa11-ba1f601f031a" testId="9435c58a-d5e9-456a-ef54-abeb98b5683f" testName="Carlton.Base.Components.Test.HamburgerCollapserCompoentTests.HamburgerCollapser_IsCollapsedParam_False_ClickEvent_ShouldCollapse" computerName="DESKTOP-HE04GST" duration="00:00:00.0021082" startTime="2023-03-23T18:58:40.9324421-04:00" endTime="2023-03-23T18:58:40.9324422-04:00" testType="13cdc9d9-ddb5-4fa4-a97d-d965ccfc6d4b" outcome="Passed" testListId="8c84fa94-04c1-424b-9868-57a2d4851a1d" relativeResultsDirectory="a0b8608d-bbd0-4925-aa11-ba1f601f031a" />
    <UnitTestResult executionId="2dc5ef01-d9ca-4b54-aa69-3422f8f57acf" testId="6e87a4e1-51d3-619a-ac58-7c3ad7408745" testName="Carlton.Base.Components.Test.AccordionSelectComponentTests.AccordionSelect_AfeterItemSelection_Eventcallback" computerName="DESKTOP-HE04GST" duration="00:00:00.0032765" startTime="2023-03-23T18:58:40.9434320-04:00" endTime="2023-03-23T18:58:40.9434321-04:00" testType="13cdc9d9-ddb5-4fa4-a97d-d965ccfc6d4b" outcome="Passed" testListId="8c84fa94-04c1-424b-9868-57a2d4851a1d" relativeResultsDirectory="2dc5ef01-d9ca-4b54-aa69-3422f8f57acf" />
    <UnitTestResult executionId="6902b986-af21-4290-90ae-fcb2fd026dd5" testId="0d5ad28c-d356-9ef9-b007-d90211888030" testName="Carlton.Base.Components.Test.ConsoleComponentTests.Console_OnChangeCallbackParam_IfValidatesFalse_RendersCorrectly" computerName="DESKTOP-HE04GST" duration="00:00:00.3806651" startTime="2023-03-23T18:58:40.8606227-04:00" endTime="2023-03-23T18:58:40.8606232-04:00" testType="13cdc9d9-ddb5-4fa4-a97d-d965ccfc6d4b" outcome="Passed" testListId="8c84fa94-04c1-424b-9868-57a2d4851a1d" relativeResultsDirectory="6902b986-af21-4290-90ae-fcb2fd026dd5" />
    <UnitTestResult executionId="18e49748-88e4-4783-aba7-4eb7f9168d2d" testId="b71d196b-5d7d-7218-f948-d0c24d038ef9" testName="Carlton.Base.Components.Test.DropDownMenuComponentTests.DropDownMenuElement_MenuItemTemplateParam_RendersCorrectly" computerName="DESKTOP-HE04GST" duration="00:00:00.0037450" startTime="2023-03-23T18:58:40.9423361-04:00" endTime="2023-03-23T18:58:40.9423362-04:00" testType="13cdc9d9-ddb5-4fa4-a97d-d965ccfc6d4b" outcome="Passed" testListId="8c84fa94-04c1-424b-9868-57a2d4851a1d" relativeResultsDirectory="18e49748-88e4-4783-aba7-4eb7f9168d2d" />
    <UnitTestResult executionId="0f26c14c-8ba2-46f5-94e6-7a6ce2050085" testId="45a19fe8-afda-2b11-03ad-18d3d0fc8352" testName="Carlton.Base.Components.Test.CountCardComponentTests.CountCard_CountParam_ShouldRenderCountCorrectly" computerName="DESKTOP-HE04GST" duration="00:00:00.0031982" startTime="2023-03-23T18:58:40.9346084-04:00" endTime="2023-03-23T18:58:40.9346084-04:00" testType="13cdc9d9-ddb5-4fa4-a97d-d965ccfc6d4b" outcome="Passed" testListId="8c84fa94-04c1-424b-9868-57a2d4851a1d" relativeResultsDirectory="0f26c14c-8ba2-46f5-94e6-7a6ce2050085" />
    <UnitTestResult executionId="39234fd7-0c04-42a1-9398-04e87b6ea5d3" testId="6b414ea6-1fb3-c23e-897b-5c3badeb7e36" testName="Carlton.Base.Components.Test.ListCardComponentTests.ListCard_CardSubTitleParam_RendersCorrectly" computerName="DESKTOP-HE04GST" duration="00:00:00.3777303" startTime="2023-03-23T18:58:40.8542792-04:00" endTime="2023-03-23T18:58:40.8543421-04:00" testType="13cdc9d9-ddb5-4fa4-a97d-d965ccfc6d4b" outcome="Passed" testListId="8c84fa94-04c1-424b-9868-57a2d4851a1d" relativeResultsDirectory="39234fd7-0c04-42a1-9398-04e87b6ea5d3" />
    <UnitTestResult executionId="8b139d14-058d-4cfe-8b72-8da67b07c567" testId="177ef4bf-7531-a779-4b80-032e62efe340" testName="Carlton.Base.Components.Test.DropDownMenuComponentTests.DropDownMenuElement_Markup_RendersCorrectly" computerName="DESKTOP-HE04GST" duration="00:00:00.0044484" startTime="2023-03-23T18:58:40.9433725-04:00" endTime="2023-03-23T18:58:40.9433726-04:00" testType="13cdc9d9-ddb5-4fa4-a97d-d965ccfc6d4b" outcome="Passed" testListId="8c84fa94-04c1-424b-9868-57a2d4851a1d" relativeResultsDirectory="8b139d14-058d-4cfe-8b72-8da67b07c567" />
    <UnitTestResult executionId="33a92aba-33f1-4322-9419-8e50aac864bb" testId="f5111f9c-2e86-dca5-d2f6-89efd3276533" testName="Carlton.Base.Components.Test.HamburgerCollapserCompoentTests.HamburgerCollapser_Markup_RendersCorrectly" computerName="DESKTOP-HE04GST" duration="00:00:00.0221363" startTime="2023-03-23T18:58:40.9314887-04:00" endTime="2023-03-23T18:58:40.9314888-04:00" testType="13cdc9d9-ddb5-4fa4-a97d-d965ccfc6d4b" outcome="Passed" testListId="8c84fa94-04c1-424b-9868-57a2d4851a1d" relativeResultsDirectory="33a92aba-33f1-4322-9419-8e50aac864bb" />
    <UnitTestResult executionId="e09f93b6-5262-4fa0-a33c-36a566ef833d" testId="b5bd638c-6513-5638-6a2e-e7489dc0d49f" testName="Carlton.Base.Components.Test.DropDownMenuElementComponentTests.DropDownMenuElement_MenuItemNameParam_RendersCorrectly" computerName="DESKTOP-HE04GST" duration="00:00:00.0016391" startTime="2023-03-23T18:58:40.9411886-04:00" endTime="2023-03-23T18:58:40.9411886-04:00" testType="13cdc9d9-ddb5-4fa4-a97d-d965ccfc6d4b" outcome="Passed" testListId="8c84fa94-04c1-424b-9868-57a2d4851a1d" relativeResultsDirectory="e09f93b6-5262-4fa0-a33c-36a566ef833d" />
    <UnitTestResult executionId="99f0809e-796d-4d93-907d-cc6a07dbdb86" testId="86dcb968-4ef1-cce6-3771-f83a548b7b9b" testName="Carlton.Base.Components.Test.FloatingActionButtonComponentTests.FloatingActionButton_Markup_RendersCorrectly" computerName="DESKTOP-HE04GST" duration="00:00:00.0221974" startTime="2023-03-23T18:58:40.9316167-04:00" endTime="2023-03-23T18:58:40.9316168-04:00" testType="13cdc9d9-ddb5-4fa4-a97d-d965ccfc6d4b" outcome="Passed" testListId="8c84fa94-04c1-424b-9868-57a2d4851a1d" relativeResultsDirectory="99f0809e-796d-4d93-907d-cc6a07dbdb86" />
    <UnitTestResult executionId="45b934c6-e160-418e-bae9-2c1d4fb171b1" testId="aaddcc13-0d0a-5a13-8cfa-ad746270cb43" testName="Carlton.Base.Components.Test.AccordionSelectGroupComponentTests.AccordionSelectGroup_ClickItemOneInGroupTwo_GroupTwoHeader_shouldHaveSelectedClass" computerName="DESKTOP-HE04GST" duration="00:00:00.0038866" startTime="2023-03-23T18:58:40.9486780-04:00" endTime="2023-03-23T18:58:40.9486781-04:00" testType="13cdc9d9-ddb5-4fa4-a97d-d965ccfc6d4b" outcome="Passed" testListId="8c84fa94-04c1-424b-9868-57a2d4851a1d" relativeResultsDirectory="45b934c6-e160-418e-bae9-2c1d4fb171b1" />
    <UnitTestResult executionId="31f5af83-1834-4245-aeb0-9d3b1f93cbd8" testId="8033c0c9-ca76-1afd-1cca-480ec5208cfe" testName="Carlton.Base.Components.Test.DropDownMenuComponentTests.DropDownMenuElement_ShouldRenderCorrecetNumberOfItems" computerName="DESKTOP-HE04GST" duration="00:00:00.0030565" startTime="2023-03-23T18:58:40.9424933-04:00" endTime="2023-03-23T18:58:40.9424934-04:00" testType="13cdc9d9-ddb5-4fa4-a97d-d965ccfc6d4b" outcome="Passed" testListId="8c84fa94-04c1-424b-9868-57a2d4851a1d" relativeResultsDirectory="31f5af83-1834-4245-aeb0-9d3b1f93cbd8" />
    <UnitTestResult executionId="0d4bc3b4-95c6-4fcf-8afd-ad7c210348c7" testId="1bbe93e8-b219-1c8f-9e4f-eb5a6f91ea67" testName="Carlton.Base.Components.Test.ConsoleComponentTests.Console_TextParam_RendersCorrectly" computerName="DESKTOP-HE04GST" duration="00:00:00.0024168" startTime="2023-03-23T18:58:40.9292281-04:00" endTime="2023-03-23T18:58:40.9292282-04:00" testType="13cdc9d9-ddb5-4fa4-a97d-d965ccfc6d4b" outcome="Passed" testListId="8c84fa94-04c1-424b-9868-57a2d4851a1d" relativeResultsDirectory="0d4bc3b4-95c6-4fcf-8afd-ad7c210348c7" />
    <UnitTestResult executionId="8da7529b-9c2b-4489-98bc-ccd516e3f881" testId="4a3ae2b6-4dbd-5950-b332-6609a0e2e6d3" testName="Carlton.Base.Components.Test.AccordionSelectComponentTests.AccordionSelect_Markup_RendersCorrectly" computerName="DESKTOP-HE04GST" duration="00:00:00.0025612" startTime="2023-03-23T18:58:40.9420023-04:00" endTime="2023-03-23T18:58:40.9420024-04:00" testType="13cdc9d9-ddb5-4fa4-a97d-d965ccfc6d4b" outcome="Passed" testListId="8c84fa94-04c1-424b-9868-57a2d4851a1d" relativeResultsDirectory="8da7529b-9c2b-4489-98bc-ccd516e3f881" />
    <UnitTestResult executionId="bfbe673f-93d4-4164-8024-62e141b19166" testId="63aeb55d-6acc-8ed2-f9af-8672936b3196" testName="Carlton.Base.Components.Test.CountCardComponentTests.CountCard_ThemeParam_ShouldRenderThemeClassCorrectly" computerName="DESKTOP-HE04GST" duration="00:00:00.0021030" startTime="2023-03-23T18:58:40.9389694-04:00" endTime="2023-03-23T18:58:40.9389694-04:00" testType="13cdc9d9-ddb5-4fa4-a97d-d965ccfc6d4b" outcome="Passed" testListId="8c84fa94-04c1-424b-9868-57a2d4851a1d" relativeResultsDirectory="bfbe673f-93d4-4164-8024-62e141b19166" />
    <UnitTestResult executionId="d5ea1065-0048-4a00-9ea5-9327b3cd55cc" testId="cf3a5550-6410-6de0-5135-92ddacab2c6b" testName="Carlton.Base.Components.Test.ListCardComponentTests.ListCard_HeaderContentChildParam_RendersCorrectly" computerName="DESKTOP-HE04GST" duration="00:00:00.0082855" startTime="2023-03-23T18:58:40.9293215-04:00" endTime="2023-03-23T18:58:40.9293216-04:00" testType="13cdc9d9-ddb5-4fa4-a97d-d965ccfc6d4b" outcome="Passed" testListId="8c84fa94-04c1-424b-9868-57a2d4851a1d" relativeResultsDirectory="d5ea1065-0048-4a00-9ea5-9327b3cd55cc" />
    <UnitTestResult executionId="e4ae37cc-1d52-4cb0-b7e7-0e974e8a6ebe" testId="040ce82b-4387-06af-eec7-b1df3b7630c0" testName="Carlton.Base.Components.Test.ConsoleComponentTests.Console_Markup_RendersCorrectly" computerName="DESKTOP-HE04GST" duration="00:00:00.0290190" startTime="2023-03-23T18:58:40.9329633-04:00" endTime="2023-03-23T18:58:40.9329633-04:00" testType="13cdc9d9-ddb5-4fa4-a97d-d965ccfc6d4b" outcome="Passed" testListId="8c84fa94-04c1-424b-9868-57a2d4851a1d" relativeResultsDirectory="e4ae37cc-1d52-4cb0-b7e7-0e974e8a6ebe" />
    <UnitTestResult executionId="912da3fe-21fb-490b-bed4-05163ce59e48" testId="f1c4e863-32eb-416e-0bea-58a649a5ff15" testName="Carlton.Base.Components.Test.DropDownMenuElementComponentTests.DropDownMenuElement_MenuItemAccentColorIndexParam_RendersCorrectly" computerName="DESKTOP-HE04GST" duration="00:00:00.0131810" startTime="2023-03-23T18:58:40.9337482-04:00" endTime="2023-03-23T18:58:40.9337483-04:00" testType="13cdc9d9-ddb5-4fa4-a97d-d965ccfc6d4b" outcome="Passed" testListId="8c84fa94-04c1-424b-9868-57a2d4851a1d" relativeResultsDirectory="912da3fe-21fb-490b-bed4-05163ce59e48" />
    <UnitTestResult executionId="bd2bd9c4-611d-4328-a4e4-8efa3b83c26f" testId="812e1f11-854c-fa84-5e0b-c94b2808c893" testName="Carlton.Base.Components.Test.HamburgerCollapserCompoentTests.HamburgerCollapser_IsCollapsedParam_True_ClickEvent_ShouldExpand" computerName="DESKTOP-HE04GST" duration="00:00:00.3805510" startTime="2023-03-23T18:58:40.8613307-04:00" endTime="2023-03-23T18:58:40.8613308-04:00" testType="13cdc9d9-ddb5-4fa4-a97d-d965ccfc6d4b" outcome="Passed" testListId="8c84fa94-04c1-424b-9868-57a2d4851a1d" relativeResultsDirectory="bd2bd9c4-611d-4328-a4e4-8efa3b83c26f" />
    <UnitTestResult executionId="c87a0efd-45b6-4aee-a17f-7d5b54f85ee9" testId="6dfba3d5-0b94-d5e0-b405-5cad8c401dbb" testName="Carlton.Base.Components.Test.AccordionSelectGroupComponentTests.AccordionSelectGroup_WithDefaultParameter_shouldSelectCorrectItem" computerName="DESKTOP-HE04GST" duration="00:00:00.0043388" startTime="2023-03-23T18:58:40.9430811-04:00" endTime="2023-03-23T18:58:40.9430812-04:00" testType="13cdc9d9-ddb5-4fa4-a97d-d965ccfc6d4b" outcome="Passed" testListId="8c84fa94-04c1-424b-9868-57a2d4851a1d" relativeResultsDirectory="c87a0efd-45b6-4aee-a17f-7d5b54f85ee9" />
    <UnitTestResult executionId="f723635d-5921-4281-b084-38385617562c" testId="7c5e0bc5-cff2-2c1c-d961-959e6d719773" testName="Carlton.Base.Components.Test.DropDownMenuElementComponentTests.DropDownMenuElement_MenuItemValueParam_RendersCorrectly" computerName="DESKTOP-HE04GST" duration="00:00:00.0025818" startTime="2023-03-23T18:58:40.9345262-04:00" endTime="2023-03-23T18:58:40.9345263-04:00" testType="13cdc9d9-ddb5-4fa4-a97d-d965ccfc6d4b" outcome="Passed" testListId="8c84fa94-04c1-424b-9868-57a2d4851a1d" relativeResultsDirectory="f723635d-5921-4281-b084-38385617562c" />
    <UnitTestResult executionId="534eece2-960e-4841-8500-6b1543cc8d80" testId="272ed11b-0f6b-8525-29db-f1250cc0e93e" testName="Carlton.Base.Components.Test.AccordionSelectGroupComponentTests.AccordionSelectGroup_OnSelectedItemChangedParam_shouldBeCalled" computerName="DESKTOP-HE04GST" duration="00:00:00.0050600" startTime="2023-03-23T18:58:40.9446455-04:00" endTime="2023-03-23T18:58:40.9446456-04:00" testType="13cdc9d9-ddb5-4fa4-a97d-d965ccfc6d4b" outcome="Passed" testListId="8c84fa94-04c1-424b-9868-57a2d4851a1d" relativeResultsDirectory="534eece2-960e-4841-8500-6b1543cc8d80" />
    <UnitTestResult executionId="27d637fb-c044-41af-ba32-27959bad0df4" testId="aae1cbdf-9836-4211-b6ae-a39205130303" testName="Carlton.Base.Components.Test.ListCardComponentTests.ListCard_CardTitleParam_RendersCorrectly" computerName="DESKTOP-HE04GST" duration="00:00:00.0033958" startTime="2023-03-23T18:58:40.9313872-04:00" endTime="2023-03-23T18:58:40.9313873-04:00" testType="13cdc9d9-ddb5-4fa4-a97d-d965ccfc6d4b" outcome="Passed" testListId="8c84fa94-04c1-424b-9868-57a2d4851a1d" relativeResultsDirectory="27d637fb-c044-41af-ba32-27959bad0df4" />
    <UnitTestResult executionId="30290269-806c-4ece-b6d5-f6cf4d693659" testId="324ba117-4946-0e1c-1e0d-c7e574208e1f" testName="Carlton.Base.Components.Test.AccordionSelectComponentTests.AccordionSelect_AfterItemSelection_ReturnsCorrectSelectedItem" computerName="DESKTOP-HE04GST" duration="00:00:00.0031161" startTime="2023-03-23T18:58:40.9422273-04:00" endTime="2023-03-23T18:58:40.9422273-04:00" testType="13cdc9d9-ddb5-4fa4-a97d-d965ccfc6d4b" outcome="Passed" testListId="8c84fa94-04c1-424b-9868-57a2d4851a1d" relativeResultsDirectory="30290269-806c-4ece-b6d5-f6cf4d693659" />
    <UnitTestResult executionId="b3b1ece0-818b-4cce-9e5f-7acdcd4f8697" testId="39cd775a-39c4-77ee-b36e-461f342631d4" testName="Carlton.Base.Components.Test.AccordionSelectGroupComponentTests.AccordionSelectGroup_ClickItemOneInGroupTwo_GroupTwoItemOne_shouldHaveSelectedClass" computerName="DESKTOP-HE04GST" duration="00:00:00.0040501" startTime="2023-03-23T18:58:40.9432907-04:00" endTime="2023-03-23T18:58:40.9432909-04:00" testType="13cdc9d9-ddb5-4fa4-a97d-d965ccfc6d4b" outcome="Passed" testListId="8c84fa94-04c1-424b-9868-57a2d4851a1d" relativeResultsDirectory="b3b1ece0-818b-4cce-9e5f-7acdcd4f8697" />
    <UnitTestResult executionId="908b5632-6a88-448d-af81-d8f5abead6f8" testId="48ca35b3-3058-801a-e437-cbd7b51e5243" testName="Carlton.Base.Components.Test.AccordionSelectComponentTests.AccordionSelect_SelectedValueParam_DoesNotExist_ShouldNot_HaveSelectedClass" computerName="DESKTOP-HE04GST" duration="00:00:00.0030334" startTime="2023-03-23T18:58:40.9432018-04:00" endTime="2023-03-23T18:58:40.9432019-04:00" testType="13cdc9d9-ddb5-4fa4-a97d-d965ccfc6d4b" outcome="Passed" testListId="8c84fa94-04c1-424b-9868-57a2d4851a1d" relativeResultsDirectory="908b5632-6a88-448d-af81-d8f5abead6f8" />
    <UnitTestResult executionId="d398d970-f16f-4b81-a939-2b495d7adca2" testId="934e5d77-d3e7-5288-9b6b-10fb5cf2fb44" testName="Carlton.Base.Components.Test.PageTitleComponentTests.PageTitle_BreadCrumbParam_RendersCorrectly" computerName="DESKTOP-HE04GST" duration="00:00:00.0020940" startTime="2023-03-23T18:58:40.9392682-04:00" endTime="2023-03-23T18:58:40.9392683-04:00" testType="13cdc9d9-ddb5-4fa4-a97d-d965ccfc6d4b" outcome="Passed" testListId="8c84fa94-04c1-424b-9868-57a2d4851a1d" relativeResultsDirectory="d398d970-f16f-4b81-a939-2b495d7adca2" />
    <UnitTestResult executionId="4313b302-85b7-4c60-8e33-05d996e732bc" testId="a5c10f58-cd9e-53ae-5a2b-b8e4b4988e62" testName="Carlton.Base.Components.Test.AccordionSelectComponentTests.AccordionSelect_TitlePara_RendersTitleCorrectly" computerName="DESKTOP-HE04GST" duration="00:00:00.0018668" startTime="2023-03-23T18:58:40.9389063-04:00" endTime="2023-03-23T18:58:40.9389064-04:00" testType="13cdc9d9-ddb5-4fa4-a97d-d965ccfc6d4b" outcome="Passed" testListId="8c84fa94-04c1-424b-9868-57a2d4851a1d" relativeResultsDirectory="4313b302-85b7-4c60-8e33-05d996e732bc" />
    <UnitTestResult executionId="3aabf56f-506b-44fa-a7fc-c17d91e6a9dc" testId="a47f3381-7df0-245f-c2e8-799552811ee1" testName="Carlton.Base.Components.Test.AccordionSelectComponentTests.AccordionSelect_WithItems_Markup_RendersCorrectly" computerName="DESKTOP-HE04GST" duration="00:00:00.0055740" startTime="2023-03-23T18:58:40.9401420-04:00" endTime="2023-03-23T18:58:40.9401421-04:00" testType="13cdc9d9-ddb5-4fa4-a97d-d965ccfc6d4b" outcome="Passed" testListId="8c84fa94-04c1-424b-9868-57a2d4851a1d" relativeResultsDirectory="3aabf56f-506b-44fa-a7fc-c17d91e6a9dc" />
    <UnitTestResult executionId="2e160c85-5f3b-4568-85ae-ce572bcf0871" testId="486e9ba1-e753-20ca-0c09-62b671e1cc0c" testName="Carlton.Base.Components.Test.CountCardComponentTests.CountCard_Markup_RendersCorrectly" computerName="DESKTOP-HE04GST" duration="00:00:00.0330802" startTime="2023-03-23T18:58:40.9329841-04:00" endTime="2023-03-23T18:58:40.9329842-04:00" testType="13cdc9d9-ddb5-4fa4-a97d-d965ccfc6d4b" outcome="Passed" testListId="8c84fa94-04c1-424b-9868-57a2d4851a1d" relativeResultsDirectory="2e160c85-5f3b-4568-85ae-ce572bcf0871" />
    <UnitTestResult executionId="2f8c410f-54ad-4fce-8936-8023f64ddc0e" testId="d9ac749f-3bd6-3d74-7d8d-08cac8782996" testName="Carlton.Base.Components.Test.DropDownMenuComponentTests.DropDownMenuElement_HeaderTemplateParam_RendersCorrectly" computerName="DESKTOP-HE04GST" duration="00:00:00.0029806" startTime="2023-03-23T18:58:40.9412545-04:00" endTime="2023-03-23T18:58:40.9412546-04:00" testType="13cdc9d9-ddb5-4fa4-a97d-d965ccfc6d4b" outcome="Passed" testListId="8c84fa94-04c1-424b-9868-57a2d4851a1d" relativeResultsDirectory="2f8c410f-54ad-4fce-8936-8023f64ddc0e" />
    <UnitTestResult executionId="81c90a65-3a53-4d0a-9b01-adf1cf279aa4" testId="4abc7ea4-adf7-cb95-e891-e2b782813e5f" testName="Carlton.Base.Components.Test.AccordionSelectGroupComponentTests.AccordionSelectGroup_Markup_RendersCorrectly" computerName="DESKTOP-HE04GST" duration="00:00:00.0243405" startTime="2023-03-23T18:58:40.9402260-04:00" endTime="2023-03-23T18:58:40.9402260-04:00" testType="13cdc9d9-ddb5-4fa4-a97d-d965ccfc6d4b" outcome="Passed" testListId="8c84fa94-04c1-424b-9868-57a2d4851a1d" relativeResultsDirectory="81c90a65-3a53-4d0a-9b01-adf1cf279aa4" />
    <UnitTestResult executionId="662ef6e2-8abe-4efa-ae1e-e205b652ad66" testId="2686b6ab-6ead-34da-b8e6-742a8249fe15" testName="Carlton.Base.Components.Test.FloatingActionButtonComponentTests.FloatingActionButton_OnClick_EventCallback" computerName="DESKTOP-HE04GST" duration="00:00:00.3805212" startTime="2023-03-23T18:58:40.8613592-04:00" endTime="2023-03-23T18:58:40.8613592-04:00" testType="13cdc9d9-ddb5-4fa4-a97d-d965ccfc6d4b" outcome="Passed" testListId="8c84fa94-04c1-424b-9868-57a2d4851a1d" relativeResultsDirectory="662ef6e2-8abe-4efa-ae1e-e205b652ad66" />
    <UnitTestResult executionId="3e769050-abe0-4303-b5e1-c58817592e5d" testId="c4fb013e-c3fa-3f7e-a20f-093fae04a3ce" testName="Carlton.Base.Components.Test.DropDownMenuComponentTests.DropDownMenuElement_StyleParam_RendersCorrectly" computerName="DESKTOP-HE04GST" duration="00:00:00.0031567" startTime="2023-03-23T18:58:40.9420850-04:00" endTime="2023-03-23T18:58:40.9420851-04:00" testType="13cdc9d9-ddb5-4fa4-a97d-d965ccfc6d4b" outcome="Passed" testListId="8c84fa94-04c1-424b-9868-57a2d4851a1d" relativeResultsDirectory="3e769050-abe0-4303-b5e1-c58817592e5d" />
    <UnitTestResult executionId="8740ff2c-9e56-4e20-a527-532e0681510c" testId="00890ff1-a2d7-1090-7f0c-ee3e3733722c" testName="Carlton.Base.Components.Test.CardComponentTests.Card_ActionBarContentChildParam_RendersCorrectly" computerName="DESKTOP-HE04GST" duration="00:00:00.0027466" startTime="2023-03-23T18:58:40.9399744-04:00" endTime="2023-03-23T18:58:40.9399745-04:00" testType="13cdc9d9-ddb5-4fa4-a97d-d965ccfc6d4b" outcome="Passed" testListId="8c84fa94-04c1-424b-9868-57a2d4851a1d" relativeResultsDirectory="8740ff2c-9e56-4e20-a527-532e0681510c" />
    <UnitTestResult executionId="0008ab05-51d1-4503-8cdd-ca93afcdccc6" testId="e46b0fdf-dd84-bb5d-9dac-79334302c58b" testName="Carlton.Base.Components.Test.PageTitleComponentTests.PageTitle_Markup_RendersCorrectly" computerName="DESKTOP-HE04GST" duration="00:00:00.4224600" startTime="2023-03-23T18:58:40.9336471-04:00" endTime="2023-03-23T18:58:40.9336472-04:00" testType="13cdc9d9-ddb5-4fa4-a97d-d965ccfc6d4b" outcome="Passed" testListId="8c84fa94-04c1-424b-9868-57a2d4851a1d" relativeResultsDirectory="0008ab05-51d1-4503-8cdd-ca93afcdccc6" />
    <UnitTestResult executionId="47462c2f-9c37-4d7c-8814-034068821de4" testId="a55c7c94-05a7-78e5-48bb-0b197aa09c1a" testName="Carlton.Base.Components.Test.CardComponentTests.Card_CardTitleParam_RendersCorrectly" computerName="DESKTOP-HE04GST" duration="00:00:00.0108251" startTime="2023-03-23T18:58:40.9328725-04:00" endTime="2023-03-23T18:58:40.9328726-04:00" testType="13cdc9d9-ddb5-4fa4-a97d-d965ccfc6d4b" outcome="Passed" testListId="8c84fa94-04c1-424b-9868-57a2d4851a1d" relativeResultsDirectory="47462c2f-9c37-4d7c-8814-034068821de4" />
    <UnitTestResult executionId="d51d83ad-8809-4368-b12c-db72f8bd1de8" testId="b2c30880-ca48-9259-a7ef-8d1bceda0326" testName="Carlton.Base.Components.Test.AccordionSelectComponentTests.AccordionSelect_IsExpandedParam_True_RendersCorrectIcon" computerName="DESKTOP-HE04GST" duration="00:00:00.0140192" startTime="2023-03-23T18:58:40.9339625-04:00" endTime="2023-03-23T18:58:40.9339627-04:00" testType="13cdc9d9-ddb5-4fa4-a97d-d965ccfc6d4b" outcome="Passed" testListId="8c84fa94-04c1-424b-9868-57a2d4851a1d" relativeResultsDirectory="d51d83ad-8809-4368-b12c-db72f8bd1de8" />
    <UnitTestResult executionId="b1bdc1c0-f731-473c-9c5a-33b7384b9e40" testId="060f8454-46b0-25df-c552-2c706f34201c" testName="Carlton.Base.Components.Test.CheckboxComponentTests.Checkbox_Markup_IsCheckedParam_True_OnClickCallback" computerName="DESKTOP-HE04GST" duration="00:00:00.0038309" startTime="2023-03-23T18:58:40.9287721-04:00" endTime="2023-03-23T18:58:40.9287722-04:00" testType="13cdc9d9-ddb5-4fa4-a97d-d965ccfc6d4b" outcome="Passed" testListId="8c84fa94-04c1-424b-9868-57a2d4851a1d" relativeResultsDirectory="b1bdc1c0-f731-473c-9c5a-33b7384b9e40" />
    <UnitTestResult executionId="acbdcdd3-856a-4195-9c09-d259e9842f12" testId="c8ea07f9-de1b-9ccd-bfa0-ad48adf05994" testName="Carlton.Base.Components.Test.DropDownMenuComponentTests.DropDownMenuElement_ClickEvent_ShouldExpandDropdown" computerName="DESKTOP-HE04GST" duration="00:00:00.0111623" startTime="2023-03-23T18:58:40.9410022-04:00" endTime="2023-03-23T18:58:40.9410023-04:00" testType="13cdc9d9-ddb5-4fa4-a97d-d965ccfc6d4b" outcome="Passed" testListId="8c84fa94-04c1-424b-9868-57a2d4851a1d" relativeResultsDirectory="acbdcdd3-856a-4195-9c09-d259e9842f12" />
  </Results>
  <TestDefinitions>
    <UnitTest name="Carlton.Base.Components.Test.AccordionSelectGroupComponentTests.AccordionSelectGroup_ShouldContainTwoGroups" storage="c:\users\nicho\source\repos\nickgalazzo\carlton.base\carlton.base.components.test\bin\debug\net7.0\carlton.base.components.test.dll" id="6c658e31-a5af-984a-b3aa-736c3e076c38">
      <Execution id="e389f1dd-7a52-44a9-bf93-3f6aa62ea13b" />
      <TestMethod codeBase="C:\Users\nicho\source\repos\NickGalazzo\Carlton.Base\Carlton.Base.Components.Test\bin\Debug\net7.0\Carlton.Base.Components.Test.dll" adapterTypeName="executor://xunit/VsTestRunner2/netcoreapp" className="Carlton.Base.Components.Test.AccordionSelectGroupComponentTests" name="AccordionSelectGroup_ShouldContainTwoGroups" />
    </UnitTest>
    <UnitTest name="Carlton.Base.Components.Test.DropDownMenuElementComponentTests.DropDownMenuElement_MenuItemNameParam_RendersCorrectly" storage="c:\users\nicho\source\repos\nickgalazzo\carlton.base\carlton.base.components.test\bin\debug\net7.0\carlton.base.components.test.dll" id="b5bd638c-6513-5638-6a2e-e7489dc0d49f">
      <Execution id="e09f93b6-5262-4fa0-a33c-36a566ef833d" />
      <TestMethod codeBase="C:\Users\nicho\source\repos\NickGalazzo\Carlton.Base\Carlton.Base.Components.Test\bin\Debug\net7.0\Carlton.Base.Components.Test.dll" adapterTypeName="executor://xunit/VsTestRunner2/netcoreapp" className="Carlton.Base.Components.Test.DropDownMenuElementComponentTests" name="DropDownMenuElement_MenuItemNameParam_RendersCorrectly" />
    </UnitTest>
    <UnitTest name="Carlton.Base.Components.Test.LogoComponentTests.Logo_IsCollapsedParam_False_ShouldBeExpanded" storage="c:\users\nicho\source\repos\nickgalazzo\carlton.base\carlton.base.components.test\bin\debug\net7.0\carlton.base.components.test.dll" id="8f8cda91-6c58-6446-1708-2929b37dd8b2">
      <Execution id="ba44a70d-3f43-4e0d-acff-19773e17268d" />
      <TestMethod codeBase="C:\Users\nicho\source\repos\NickGalazzo\Carlton.Base\Carlton.Base.Components.Test\bin\Debug\net7.0\Carlton.Base.Components.Test.dll" adapterTypeName="executor://xunit/VsTestRunner2/netcoreapp" className="Carlton.Base.Components.Test.LogoComponentTests" name="Logo_IsCollapsedParam_False_ShouldBeExpanded" />
    </UnitTest>
    <UnitTest name="Carlton.Base.Components.Test.ConsoleComponentTests.Console_Markup_RendersCorrectly" storage="c:\users\nicho\source\repos\nickgalazzo\carlton.base\carlton.base.components.test\bin\debug\net7.0\carlton.base.components.test.dll" id="040ce82b-4387-06af-eec7-b1df3b7630c0">
      <Execution id="e4ae37cc-1d52-4cb0-b7e7-0e974e8a6ebe" />
      <TestMethod codeBase="C:\Users\nicho\source\repos\NickGalazzo\Carlton.Base\Carlton.Base.Components.Test\bin\Debug\net7.0\Carlton.Base.Components.Test.dll" adapterTypeName="executor://xunit/VsTestRunner2/netcoreapp" className="Carlton.Base.Components.Test.ConsoleComponentTests" name="Console_Markup_RendersCorrectly" />
    </UnitTest>
    <UnitTest name="Carlton.Base.Components.Test.DropDownMenuComponentTests.DropDownMenuElement_MenuTemplateParam_RendersCorrectly" storage="c:\users\nicho\source\repos\nickgalazzo\carlton.base\carlton.base.components.test\bin\debug\net7.0\carlton.base.components.test.dll" id="cfcd9d72-0e99-fe1a-9d32-327efc2e96dc">
      <Execution id="514a4417-08f0-4fb4-89e6-ab988c3b0952" />
      <TestMethod codeBase="C:\Users\nicho\source\repos\NickGalazzo\Carlton.Base\Carlton.Base.Components.Test\bin\Debug\net7.0\Carlton.Base.Components.Test.dll" adapterTypeName="executor://xunit/VsTestRunner2/netcoreapp" className="Carlton.Base.Components.Test.DropDownMenuComponentTests" name="DropDownMenuElement_MenuTemplateParam_RendersCorrectly" />
    </UnitTest>
    <UnitTest name="Carlton.Base.Components.Test.HamburgerCollapserCompoentTests.HamburgerCollapser_Markup_RendersCorrectly" storage="c:\users\nicho\source\repos\nickgalazzo\carlton.base\carlton.base.components.test\bin\debug\net7.0\carlton.base.components.test.dll" id="f5111f9c-2e86-dca5-d2f6-89efd3276533">
      <Execution id="33a92aba-33f1-4322-9419-8e50aac864bb" />
      <TestMethod codeBase="C:\Users\nicho\source\repos\NickGalazzo\Carlton.Base\Carlton.Base.Components.Test\bin\Debug\net7.0\Carlton.Base.Components.Test.dll" adapterTypeName="executor://xunit/VsTestRunner2/netcoreapp" className="Carlton.Base.Components.Test.HamburgerCollapserCompoentTests" name="HamburgerCollapser_Markup_RendersCorrectly" />
    </UnitTest>
    <UnitTest name="Carlton.Base.Components.Test.LogoComponentTests.Logo_IsCollapsedParam_True_ShouldBeCollapsed" storage="c:\users\nicho\source\repos\nickgalazzo\carlton.base\carlton.base.components.test\bin\debug\net7.0\carlton.base.components.test.dll" id="0ddaa31b-8f8c-c076-1ba5-04243a7387d4">
      <Execution id="00968f87-5da9-4ea2-84f0-bb1f3a35d6d3" />
      <TestMethod codeBase="C:\Users\nicho\source\repos\NickGalazzo\Carlton.Base\Carlton.Base.Components.Test\bin\Debug\net7.0\Carlton.Base.Components.Test.dll" adapterTypeName="executor://xunit/VsTestRunner2/netcoreapp" className="Carlton.Base.Components.Test.LogoComponentTests" name="Logo_IsCollapsedParam_True_ShouldBeCollapsed" />
    </UnitTest>
    <UnitTest name="Carlton.Base.Components.Test.AccordionSelectGroupComponentTests.AccordionSelectGroup_ClickItemTwoInGroupOne_GroupOneItemTwo_shouldHaveSelectedClass" storage="c:\users\nicho\source\repos\nickgalazzo\carlton.base\carlton.base.components.test\bin\debug\net7.0\carlton.base.components.test.dll" id="9ab49dc0-83b2-1475-b2d9-80d8501dfe27">
      <Execution id="e0c26c28-8bdc-40d9-b4a5-f3d5b906f466" />
      <TestMethod codeBase="C:\Users\nicho\source\repos\NickGalazzo\Carlton.Base\Carlton.Base.Components.Test\bin\Debug\net7.0\Carlton.Base.Components.Test.dll" adapterTypeName="executor://xunit/VsTestRunner2/netcoreapp" className="Carlton.Base.Components.Test.AccordionSelectGroupComponentTests" name="AccordionSelectGroup_ClickItemTwoInGroupOne_GroupOneItemTwo_shouldHaveSelectedClass" />
    </UnitTest>
    <UnitTest name="Carlton.Base.Components.Test.AccordionSelectComponentTests.AccordionSelect_IsExpandedParam_True_RendersCorrectIcon" storage="c:\users\nicho\source\repos\nickgalazzo\carlton.base\carlton.base.components.test\bin\debug\net7.0\carlton.base.components.test.dll" id="b2c30880-ca48-9259-a7ef-8d1bceda0326">
      <Execution id="d51d83ad-8809-4368-b12c-db72f8bd1de8" />
      <TestMethod codeBase="C:\Users\nicho\source\repos\NickGalazzo\Carlton.Base\Carlton.Base.Components.Test\bin\Debug\net7.0\Carlton.Base.Components.Test.dll" adapterTypeName="executor://xunit/VsTestRunner2/netcoreapp" className="Carlton.Base.Components.Test.AccordionSelectComponentTests" name="AccordionSelect_IsExpandedParam_True_RendersCorrectIcon" />
    </UnitTest>
    <UnitTest name="Carlton.Base.Components.Test.CountCardComponentTests.CountCard_ThemeParam_ShouldRenderThemeClassCorrectly" storage="c:\users\nicho\source\repos\nickgalazzo\carlton.base\carlton.base.components.test\bin\debug\net7.0\carlton.base.components.test.dll" id="63aeb55d-6acc-8ed2-f9af-8672936b3196">
      <Execution id="bfbe673f-93d4-4164-8024-62e141b19166" />
      <TestMethod codeBase="C:\Users\nicho\source\repos\NickGalazzo\Carlton.Base\Carlton.Base.Components.Test\bin\Debug\net7.0\Carlton.Base.Components.Test.dll" adapterTypeName="executor://xunit/VsTestRunner2/netcoreapp" className="Carlton.Base.Components.Test.CountCardComponentTests" name="CountCard_ThemeParam_ShouldRenderThemeClassCorrectly" />
    </UnitTest>
    <UnitTest name="Carlton.Base.Components.Test.DropDownMenuComponentTests.DropDownMenuElement_Markup_RendersCorrectly" storage="c:\users\nicho\source\repos\nickgalazzo\carlton.base\carlton.base.components.test\bin\debug\net7.0\carlton.base.components.test.dll" id="177ef4bf-7531-a779-4b80-032e62efe340">
      <Execution id="8b139d14-058d-4cfe-8b72-8da67b07c567" />
      <TestMethod codeBase="C:\Users\nicho\source\repos\NickGalazzo\Carlton.Base\Carlton.Base.Components.Test\bin\Debug\net7.0\Carlton.Base.Components.Test.dll" adapterTypeName="executor://xunit/VsTestRunner2/netcoreapp" className="Carlton.Base.Components.Test.DropDownMenuComponentTests" name="DropDownMenuElement_Markup_RendersCorrectly" />
    </UnitTest>
    <UnitTest name="Carlton.Base.Components.Test.HamburgerCollapserCompoentTests.HamburgerCollapser_IsCollapsedParam_True_ClickEvent_ShouldExpand" storage="c:\users\nicho\source\repos\nickgalazzo\carlton.base\carlton.base.components.test\bin\debug\net7.0\carlton.base.components.test.dll" id="812e1f11-854c-fa84-5e0b-c94b2808c893">
      <Execution id="bd2bd9c4-611d-4328-a4e4-8efa3b83c26f" />
      <TestMethod codeBase="C:\Users\nicho\source\repos\NickGalazzo\Carlton.Base\Carlton.Base.Components.Test\bin\Debug\net7.0\Carlton.Base.Components.Test.dll" adapterTypeName="executor://xunit/VsTestRunner2/netcoreapp" className="Carlton.Base.Components.Test.HamburgerCollapserCompoentTests" name="HamburgerCollapser_IsCollapsedParam_True_ClickEvent_ShouldExpand" />
    </UnitTest>
    <UnitTest name="Carlton.Base.Components.Test.AccordionSelectComponentTests.AccordionSelect_WithItems_Markup_RendersCorrectly" storage="c:\users\nicho\source\repos\nickgalazzo\carlton.base\carlton.base.components.test\bin\debug\net7.0\carlton.base.components.test.dll" id="a47f3381-7df0-245f-c2e8-799552811ee1">
      <Execution id="3aabf56f-506b-44fa-a7fc-c17d91e6a9dc" />
      <TestMethod codeBase="C:\Users\nicho\source\repos\NickGalazzo\Carlton.Base\Carlton.Base.Components.Test\bin\Debug\net7.0\Carlton.Base.Components.Test.dll" adapterTypeName="executor://xunit/VsTestRunner2/netcoreapp" className="Carlton.Base.Components.Test.AccordionSelectComponentTests" name="AccordionSelect_WithItems_Markup_RendersCorrectly" />
    </UnitTest>
    <UnitTest name="Carlton.Base.Components.Test.AccordionSelectGroupComponentTests.AccordionSelectGroup_ClickItemTwoInGroupOne_GroupOneHeader_shouldHaveSelectedClass" storage="c:\users\nicho\source\repos\nickgalazzo\carlton.base\carlton.base.components.test\bin\debug\net7.0\carlton.base.components.test.dll" id="c0d715a0-c097-c14f-a11f-8653ccbaf94a">
      <Execution id="4d0a53bd-8d38-4a9f-931d-953c99aadb07" />
      <TestMethod codeBase="C:\Users\nicho\source\repos\NickGalazzo\Carlton.Base\Carlton.Base.Components.Test\bin\Debug\net7.0\Carlton.Base.Components.Test.dll" adapterTypeName="executor://xunit/VsTestRunner2/netcoreapp" className="Carlton.Base.Components.Test.AccordionSelectGroupComponentTests" name="AccordionSelectGroup_ClickItemTwoInGroupOne_GroupOneHeader_shouldHaveSelectedClass" />
    </UnitTest>
    <UnitTest name="Carlton.Base.Components.Test.CardComponentTests.Card_ActionBarContentChildParam_RendersCorrectly" storage="c:\users\nicho\source\repos\nickgalazzo\carlton.base\carlton.base.components.test\bin\debug\net7.0\carlton.base.components.test.dll" id="00890ff1-a2d7-1090-7f0c-ee3e3733722c">
      <Execution id="8740ff2c-9e56-4e20-a527-532e0681510c" />
      <TestMethod codeBase="C:\Users\nicho\source\repos\NickGalazzo\Carlton.Base\Carlton.Base.Components.Test\bin\Debug\net7.0\Carlton.Base.Components.Test.dll" adapterTypeName="executor://xunit/VsTestRunner2/netcoreapp" className="Carlton.Base.Components.Test.CardComponentTests" name="Card_ActionBarContentChildParam_RendersCorrectly" />
    </UnitTest>
    <UnitTest name="Carlton.Base.Components.Test.ListCardComponentTests.ListCard_CardTitleParam_RendersCorrectly" storage="c:\users\nicho\source\repos\nickgalazzo\carlton.base\carlton.base.components.test\bin\debug\net7.0\carlton.base.components.test.dll" id="aae1cbdf-9836-4211-b6ae-a39205130303">
      <Execution id="27d637fb-c044-41af-ba32-27959bad0df4" />
      <TestMethod codeBase="C:\Users\nicho\source\repos\NickGalazzo\Carlton.Base\Carlton.Base.Components.Test\bin\Debug\net7.0\Carlton.Base.Components.Test.dll" adapterTypeName="executor://xunit/VsTestRunner2/netcoreapp" className="Carlton.Base.Components.Test.ListCardComponentTests" name="ListCard_CardTitleParam_RendersCorrectly" />
    </UnitTest>
    <UnitTest name="Carlton.Base.Components.Test.CardComponentTests.Card_Markup_RendersCorrectly" storage="c:\users\nicho\source\repos\nickgalazzo\carlton.base\carlton.base.components.test\bin\debug\net7.0\carlton.base.components.test.dll" id="285dd188-0677-95b9-bdc8-5f4be2504763">
      <Execution id="84c27b4c-ac63-4b03-8bbd-55cf132cdb78" />
      <TestMethod codeBase="C:\Users\nicho\source\repos\NickGalazzo\Carlton.Base\Carlton.Base.Components.Test\bin\Debug\net7.0\Carlton.Base.Components.Test.dll" adapterTypeName="executor://xunit/VsTestRunner2/netcoreapp" className="Carlton.Base.Components.Test.CardComponentTests" name="Card_Markup_RendersCorrectly" />
    </UnitTest>
    <UnitTest name="Carlton.Base.Components.Test.CountCardComponentTests.CountCard_Markup_RendersCorrectly" storage="c:\users\nicho\source\repos\nickgalazzo\carlton.base\carlton.base.components.test\bin\debug\net7.0\carlton.base.components.test.dll" id="486e9ba1-e753-20ca-0c09-62b671e1cc0c">
      <Execution id="2e160c85-5f3b-4568-85ae-ce572bcf0871" />
      <TestMethod codeBase="C:\Users\nicho\source\repos\NickGalazzo\Carlton.Base\Carlton.Base.Components.Test\bin\Debug\net7.0\Carlton.Base.Components.Test.dll" adapterTypeName="executor://xunit/VsTestRunner2/netcoreapp" className="Carlton.Base.Components.Test.CountCardComponentTests" name="CountCard_Markup_RendersCorrectly" />
    </UnitTest>
    <UnitTest name="Carlton.Base.Components.Test.CardComponentTests.Card_HeaderContentChildParam_RendersCorrectly" storage="c:\users\nicho\source\repos\nickgalazzo\carlton.base\carlton.base.components.test\bin\debug\net7.0\carlton.base.components.test.dll" id="a9cd54ec-4038-4c69-3ba2-ebbac7b264fb">
      <Execution id="c8357fb0-2985-4113-9af9-a82349eb87f0" />
      <TestMethod codeBase="C:\Users\nicho\source\repos\NickGalazzo\Carlton.Base\Carlton.Base.Components.Test\bin\Debug\net7.0\Carlton.Base.Components.Test.dll" adapterTypeName="executor://xunit/VsTestRunner2/netcoreapp" className="Carlton.Base.Components.Test.CardComponentTests" name="Card_HeaderContentChildParam_RendersCorrectly" />
    </UnitTest>
    <UnitTest name="Carlton.Base.Components.Test.ConsoleComponentTests.Console_OnChangeCallbackParam_IfValidatesTrue_RendersCorrectly" storage="c:\users\nicho\source\repos\nickgalazzo\carlton.base\carlton.base.components.test\bin\debug\net7.0\carlton.base.components.test.dll" id="ec8af086-98d2-3322-a972-cba4c8592581">
      <Execution id="5a3a664f-19c2-4dda-9263-02b304c09ce4" />
      <TestMethod codeBase="C:\Users\nicho\source\repos\NickGalazzo\Carlton.Base\Carlton.Base.Components.Test\bin\Debug\net7.0\Carlton.Base.Components.Test.dll" adapterTypeName="executor://xunit/VsTestRunner2/netcoreapp" className="Carlton.Base.Components.Test.ConsoleComponentTests" name="Console_OnChangeCallbackParam_IfValidatesTrue_RendersCorrectly" />
    </UnitTest>
    <UnitTest name="Carlton.Base.Components.Test.AccordionSelectComponentTests.AccordionSelect_IsExpandedParam_True_RendersExpandedStateCorrectly" storage="c:\users\nicho\source\repos\nickgalazzo\carlton.base\carlton.base.components.test\bin\debug\net7.0\carlton.base.components.test.dll" id="57af2ecf-7842-7141-295b-a5a34c2bbfc4">
      <Execution id="3f581775-e6a1-420e-9c74-2c2ec820dd08" />
      <TestMethod codeBase="C:\Users\nicho\source\repos\NickGalazzo\Carlton.Base\Carlton.Base.Components.Test\bin\Debug\net7.0\Carlton.Base.Components.Test.dll" adapterTypeName="executor://xunit/VsTestRunner2/netcoreapp" className="Carlton.Base.Components.Test.AccordionSelectComponentTests" name="AccordionSelect_IsExpandedParam_True_RendersExpandedStateCorrectly" />
    </UnitTest>
    <UnitTest name="Carlton.Base.Components.Test.AccordionSelectComponentTests.AccordionSelect_AfterItemSelection_ReturnsCorrectSelectedItem" storage="c:\users\nicho\source\repos\nickgalazzo\carlton.base\carlton.base.components.test\bin\debug\net7.0\carlton.base.components.test.dll" id="324ba117-4946-0e1c-1e0d-c7e574208e1f">
      <Execution id="30290269-806c-4ece-b6d5-f6cf4d693659" />
      <TestMethod codeBase="C:\Users\nicho\source\repos\NickGalazzo\Carlton.Base\Carlton.Base.Components.Test\bin\Debug\net7.0\Carlton.Base.Components.Test.dll" adapterTypeName="executor://xunit/VsTestRunner2/netcoreapp" className="Carlton.Base.Components.Test.AccordionSelectComponentTests" name="AccordionSelect_AfterItemSelection_ReturnsCorrectSelectedItem" />
    </UnitTest>
    <UnitTest name="Carlton.Base.Components.Test.CheckboxComponentTests.Checkbox_Markup_RendersCorrectly" storage="c:\users\nicho\source\repos\nickgalazzo\carlton.base\carlton.base.components.test\bin\debug\net7.0\carlton.base.components.test.dll" id="f12aee75-fa53-4c05-9706-3be9762ccebf">
      <Execution id="59edaf56-0537-475f-a710-f8db4efeed03" />
      <TestMethod codeBase="C:\Users\nicho\source\repos\NickGalazzo\Carlton.Base\Carlton.Base.Components.Test\bin\Debug\net7.0\Carlton.Base.Components.Test.dll" adapterTypeName="executor://xunit/VsTestRunner2/netcoreapp" className="Carlton.Base.Components.Test.CheckboxComponentTests" name="Checkbox_Markup_RendersCorrectly" />
    </UnitTest>
    <UnitTest name="Carlton.Base.Components.Test.DropDownMenuComponentTests.DropDownMenuElement_MenuItemTemplateParam_RendersCorrectly" storage="c:\users\nicho\source\repos\nickgalazzo\carlton.base\carlton.base.components.test\bin\debug\net7.0\carlton.base.components.test.dll" id="b71d196b-5d7d-7218-f948-d0c24d038ef9">
      <Execution id="18e49748-88e4-4783-aba7-4eb7f9168d2d" />
      <TestMethod codeBase="C:\Users\nicho\source\repos\NickGalazzo\Carlton.Base\Carlton.Base.Components.Test\bin\Debug\net7.0\Carlton.Base.Components.Test.dll" adapterTypeName="executor://xunit/VsTestRunner2/netcoreapp" className="Carlton.Base.Components.Test.DropDownMenuComponentTests" name="DropDownMenuElement_MenuItemTemplateParam_RendersCorrectly" />
    </UnitTest>
    <UnitTest name="Carlton.Base.Components.Test.AccordionSelectGroupComponentTests.AccordionSelectGroup_ClickItemOneInGroupTwo_SelectedItem_ShouldHaveValue3" storage="c:\users\nicho\source\repos\nickgalazzo\carlton.base\carlton.base.components.test\bin\debug\net7.0\carlton.base.components.test.dll" id="8c0fa742-e53b-88c5-7546-617d1694381a">
      <Execution id="a0d3c20d-cc77-4312-a01a-a50fc3e2a737" />
      <TestMethod codeBase="C:\Users\nicho\source\repos\NickGalazzo\Carlton.Base\Carlton.Base.Components.Test\bin\Debug\net7.0\Carlton.Base.Components.Test.dll" adapterTypeName="executor://xunit/VsTestRunner2/netcoreapp" className="Carlton.Base.Components.Test.AccordionSelectGroupComponentTests" name="AccordionSelectGroup_ClickItemOneInGroupTwo_SelectedItem_ShouldHaveValue3" />
    </UnitTest>
    <UnitTest name="Carlton.Base.Components.Test.ListCardComponentTests.ListCard_Markup_RendersCorrectly" storage="c:\users\nicho\source\repos\nickgalazzo\carlton.base\carlton.base.components.test\bin\debug\net7.0\carlton.base.components.test.dll" id="2d168e72-b1c4-0b57-fd31-afcc70bd9911">
      <Execution id="ba6a83c5-b03a-432c-8f1f-0f5785756f44" />
      <TestMethod codeBase="C:\Users\nicho\source\repos\NickGalazzo\Carlton.Base\Carlton.Base.Components.Test\bin\Debug\net7.0\Carlton.Base.Components.Test.dll" adapterTypeName="executor://xunit/VsTestRunner2/netcoreapp" className="Carlton.Base.Components.Test.ListCardComponentTests" name="ListCard_Markup_RendersCorrectly" />
    </UnitTest>
    <UnitTest name="Carlton.Base.Components.Test.AccordionSelectComponentTests.AccordionSelect_SelectedValueParam_Exists_Should_HaveSelectedClass" storage="c:\users\nicho\source\repos\nickgalazzo\carlton.base\carlton.base.components.test\bin\debug\net7.0\carlton.base.components.test.dll" id="2c9b92b9-1afd-edb7-7bdb-ccd631dcba2d">
      <Execution id="9d565558-b0fc-4921-974f-94e694a73710" />
      <TestMethod codeBase="C:\Users\nicho\source\repos\NickGalazzo\Carlton.Base\Carlton.Base.Components.Test\bin\Debug\net7.0\Carlton.Base.Components.Test.dll" adapterTypeName="executor://xunit/VsTestRunner2/netcoreapp" className="Carlton.Base.Components.Test.AccordionSelectComponentTests" name="AccordionSelect_SelectedValueParam_Exists_Should_HaveSelectedClass" />
    </UnitTest>
    <UnitTest name="Carlton.Base.Components.Test.AccordionSelectGroupComponentTests.AccordionSelectGroup_WithDefaultParameter_shouldSelectCorrectItem" storage="c:\users\nicho\source\repos\nickgalazzo\carlton.base\carlton.base.components.test\bin\debug\net7.0\carlton.base.components.test.dll" id="6dfba3d5-0b94-d5e0-b405-5cad8c401dbb">
      <Execution id="c87a0efd-45b6-4aee-a17f-7d5b54f85ee9" />
      <TestMethod codeBase="C:\Users\nicho\source\repos\NickGalazzo\Carlton.Base\Carlton.Base.Components.Test\bin\Debug\net7.0\Carlton.Base.Components.Test.dll" adapterTypeName="executor://xunit/VsTestRunner2/netcoreapp" className="Carlton.Base.Components.Test.AccordionSelectGroupComponentTests" name="AccordionSelectGroup_WithDefaultParameter_shouldSelectCorrectItem" />
    </UnitTest>
    <UnitTest name="Carlton.Base.Components.Test.CountCardComponentTests.CountCard_CountParam_ShouldRenderCountCorrectly" storage="c:\users\nicho\source\repos\nickgalazzo\carlton.base\carlton.base.components.test\bin\debug\net7.0\carlton.base.components.test.dll" id="45a19fe8-afda-2b11-03ad-18d3d0fc8352">
      <Execution id="0f26c14c-8ba2-46f5-94e6-7a6ce2050085" />
      <TestMethod codeBase="C:\Users\nicho\source\repos\NickGalazzo\Carlton.Base\Carlton.Base.Components.Test\bin\Debug\net7.0\Carlton.Base.Components.Test.dll" adapterTypeName="executor://xunit/VsTestRunner2/netcoreapp" className="Carlton.Base.Components.Test.CountCardComponentTests" name="CountCard_CountParam_ShouldRenderCountCorrectly" />
    </UnitTest>
    <UnitTest name="Carlton.Base.Components.Test.DropDownMenuComponentTests.DropDownMenuElement_ShouldRenderCorrecetNumberOfItems" storage="c:\users\nicho\source\repos\nickgalazzo\carlton.base\carlton.base.components.test\bin\debug\net7.0\carlton.base.components.test.dll" id="8033c0c9-ca76-1afd-1cca-480ec5208cfe">
      <Execution id="31f5af83-1834-4245-aeb0-9d3b1f93cbd8" />
      <TestMethod codeBase="C:\Users\nicho\source\repos\NickGalazzo\Carlton.Base\Carlton.Base.Components.Test\bin\Debug\net7.0\Carlton.Base.Components.Test.dll" adapterTypeName="executor://xunit/VsTestRunner2/netcoreapp" className="Carlton.Base.Components.Test.DropDownMenuComponentTests" name="DropDownMenuElement_ShouldRenderCorrecetNumberOfItems" />
    </UnitTest>
    <UnitTest name="Carlton.Base.Components.Test.FloatingActionButtonComponentTests.FloatingActionButton_OnClick_EventCallback" storage="c:\users\nicho\source\repos\nickgalazzo\carlton.base\carlton.base.components.test\bin\debug\net7.0\carlton.base.components.test.dll" id="2686b6ab-6ead-34da-b8e6-742a8249fe15">
      <Execution id="662ef6e2-8abe-4efa-ae1e-e205b652ad66" />
      <TestMethod codeBase="C:\Users\nicho\source\repos\NickGalazzo\Carlton.Base\Carlton.Base.Components.Test\bin\Debug\net7.0\Carlton.Base.Components.Test.dll" adapterTypeName="executor://xunit/VsTestRunner2/netcoreapp" className="Carlton.Base.Components.Test.FloatingActionButtonComponentTests" name="FloatingActionButton_OnClick_EventCallback" />
    </UnitTest>
    <UnitTest name="Carlton.Base.Components.Test.DropDownMenuElementComponentTests.DropDownMenuElement_MenuItemValueParam_RendersCorrectly" storage="c:\users\nicho\source\repos\nickgalazzo\carlton.base\carlton.base.components.test\bin\debug\net7.0\carlton.base.components.test.dll" id="7c5e0bc5-cff2-2c1c-d961-959e6d719773">
      <Execution id="f723635d-5921-4281-b084-38385617562c" />
      <TestMethod codeBase="C:\Users\nicho\source\repos\NickGalazzo\Carlton.Base\Carlton.Base.Components.Test\bin\Debug\net7.0\Carlton.Base.Components.Test.dll" adapterTypeName="executor://xunit/VsTestRunner2/netcoreapp" className="Carlton.Base.Components.Test.DropDownMenuElementComponentTests" name="DropDownMenuElement_MenuItemValueParam_RendersCorrectly" />
    </UnitTest>
    <UnitTest name="Carlton.Base.Components.Test.LogoComponentTests.Logo_Markup_RendersCorrectly" storage="c:\users\nicho\source\repos\nickgalazzo\carlton.base\carlton.base.components.test\bin\debug\net7.0\carlton.base.components.test.dll" id="663d98db-4c1c-7d60-e8fc-b858868a8a67">
      <Execution id="854e4edb-a1c4-4d00-9a4e-76c78d2d7b51" />
      <TestMethod codeBase="C:\Users\nicho\source\repos\NickGalazzo\Carlton.Base\Carlton.Base.Components.Test\bin\Debug\net7.0\Carlton.Base.Components.Test.dll" adapterTypeName="executor://xunit/VsTestRunner2/netcoreapp" className="Carlton.Base.Components.Test.LogoComponentTests" name="Logo_Markup_RendersCorrectly" />
    </UnitTest>
    <UnitTest name="Carlton.Base.Components.Test.AccordionSelectGroupComponentTests.AccordionSelectGroup_ClickItemOneInGroupTwo_GroupTwoHeader_shouldHaveSelectedClass" storage="c:\users\nicho\source\repos\nickgalazzo\carlton.base\carlton.base.components.test\bin\debug\net7.0\carlton.base.components.test.dll" id="aaddcc13-0d0a-5a13-8cfa-ad746270cb43">
      <Execution id="45b934c6-e160-418e-bae9-2c1d4fb171b1" />
      <TestMethod codeBase="C:\Users\nicho\source\repos\NickGalazzo\Carlton.Base\Carlton.Base.Components.Test\bin\Debug\net7.0\Carlton.Base.Components.Test.dll" adapterTypeName="executor://xunit/VsTestRunner2/netcoreapp" className="Carlton.Base.Components.Test.AccordionSelectGroupComponentTests" name="AccordionSelectGroup_ClickItemOneInGroupTwo_GroupTwoHeader_shouldHaveSelectedClass" />
    </UnitTest>
    <UnitTest name="Carlton.Base.Components.Test.AccordionSelectGroupComponentTests.AccordionSelectGroup_OnSelectedItemChangedParam_shouldBeCalled" storage="c:\users\nicho\source\repos\nickgalazzo\carlton.base\carlton.base.components.test\bin\debug\net7.0\carlton.base.components.test.dll" id="272ed11b-0f6b-8525-29db-f1250cc0e93e">
      <Execution id="534eece2-960e-4841-8500-6b1543cc8d80" />
      <TestMethod codeBase="C:\Users\nicho\source\repos\NickGalazzo\Carlton.Base\Carlton.Base.Components.Test\bin\Debug\net7.0\Carlton.Base.Components.Test.dll" adapterTypeName="executor://xunit/VsTestRunner2/netcoreapp" className="Carlton.Base.Components.Test.AccordionSelectGroupComponentTests" name="AccordionSelectGroup_OnSelectedItemChangedParam_shouldBeCalled" />
    </UnitTest>
    <UnitTest name="Carlton.Base.Components.Test.DropDownMenuComponentTests.DropDownMenuElement_ClickEvent_ShouldExpandDropdown" storage="c:\users\nicho\source\repos\nickgalazzo\carlton.base\carlton.base.components.test\bin\debug\net7.0\carlton.base.components.test.dll" id="c8ea07f9-de1b-9ccd-bfa0-ad48adf05994">
      <Execution id="acbdcdd3-856a-4195-9c09-d259e9842f12" />
      <TestMethod codeBase="C:\Users\nicho\source\repos\NickGalazzo\Carlton.Base\Carlton.Base.Components.Test\bin\Debug\net7.0\Carlton.Base.Components.Test.dll" adapterTypeName="executor://xunit/VsTestRunner2/netcoreapp" className="Carlton.Base.Components.Test.DropDownMenuComponentTests" name="DropDownMenuElement_ClickEvent_ShouldExpandDropdown" />
    </UnitTest>
    <UnitTest name="Carlton.Base.Components.Test.DropDownMenuElementComponentTests.DropDownMenuElement_OnMenuItemSelectedParam_RendersCorrectly" storage="c:\users\nicho\source\repos\nickgalazzo\carlton.base\carlton.base.components.test\bin\debug\net7.0\carlton.base.components.test.dll" id="80339c17-f89b-3f86-8de1-e278f14bb281">
      <Execution id="32330474-438a-468e-a312-c212dc90db8e" />
      <TestMethod codeBase="C:\Users\nicho\source\repos\NickGalazzo\Carlton.Base\Carlton.Base.Components.Test\bin\Debug\net7.0\Carlton.Base.Components.Test.dll" adapterTypeName="executor://xunit/VsTestRunner2/netcoreapp" className="Carlton.Base.Components.Test.DropDownMenuElementComponentTests" name="DropDownMenuElement_OnMenuItemSelectedParam_RendersCorrectly" />
    </UnitTest>
    <UnitTest name="Carlton.Base.Components.Test.DropDownMenuComponentTests.DropDownMenuElement_HeaderTemplateParam_RendersCorrectly" storage="c:\users\nicho\source\repos\nickgalazzo\carlton.base\carlton.base.components.test\bin\debug\net7.0\carlton.base.components.test.dll" id="d9ac749f-3bd6-3d74-7d8d-08cac8782996">
      <Execution id="2f8c410f-54ad-4fce-8936-8023f64ddc0e" />
      <TestMethod codeBase="C:\Users\nicho\source\repos\NickGalazzo\Carlton.Base\Carlton.Base.Components.Test\bin\Debug\net7.0\Carlton.Base.Components.Test.dll" adapterTypeName="executor://xunit/VsTestRunner2/netcoreapp" className="Carlton.Base.Components.Test.DropDownMenuComponentTests" name="DropDownMenuElement_HeaderTemplateParam_RendersCorrectly" />
    </UnitTest>
    <UnitTest name="Carlton.Base.Components.Test.PageTitleComponentTests.PageTitle_TitleParam_RendersCorrectly" storage="c:\users\nicho\source\repos\nickgalazzo\carlton.base\carlton.base.components.test\bin\debug\net7.0\carlton.base.components.test.dll" id="99cc2ea2-db64-a29c-4541-bffd4014afd6">
      <Execution id="58045de8-d221-44d4-9c26-eef589a5c2be" />
      <TestMethod codeBase="C:\Users\nicho\source\repos\NickGalazzo\Carlton.Base\Carlton.Base.Components.Test\bin\Debug\net7.0\Carlton.Base.Components.Test.dll" adapterTypeName="executor://xunit/VsTestRunner2/netcoreapp" className="Carlton.Base.Components.Test.PageTitleComponentTests" name="PageTitle_TitleParam_RendersCorrectly" />
    </UnitTest>
    <UnitTest name="Carlton.Base.Components.Test.AccordionSelectComponentTests.AccordionSelect_IsExpandedParam_False_RendersCorrectIcon" storage="c:\users\nicho\source\repos\nickgalazzo\carlton.base\carlton.base.components.test\bin\debug\net7.0\carlton.base.components.test.dll" id="4214e635-97b6-add6-af3b-40484aee00b6">
      <Execution id="c2910b3b-8d09-4b4c-b1a2-c3b03eaa0d55" />
      <TestMethod codeBase="C:\Users\nicho\source\repos\NickGalazzo\Carlton.Base\Carlton.Base.Components.Test\bin\Debug\net7.0\Carlton.Base.Components.Test.dll" adapterTypeName="executor://xunit/VsTestRunner2/netcoreapp" className="Carlton.Base.Components.Test.AccordionSelectComponentTests" name="AccordionSelect_IsExpandedParam_False_RendersCorrectIcon" />
    </UnitTest>
    <UnitTest name="Carlton.Base.Components.Test.AccordionSelectComponentTests.AccordionSelect_IsExpandedParam_False_RendersCollapsedStateCorrectly" storage="c:\users\nicho\source\repos\nickgalazzo\carlton.base\carlton.base.components.test\bin\debug\net7.0\carlton.base.components.test.dll" id="b0c36cbd-bf22-4603-f3ea-04fa1053c68a">
      <Execution id="348770a7-5fd1-4e9a-b86d-0bcad4ceed1a" />
      <TestMethod codeBase="C:\Users\nicho\source\repos\NickGalazzo\Carlton.Base\Carlton.Base.Components.Test\bin\Debug\net7.0\Carlton.Base.Components.Test.dll" adapterTypeName="executor://xunit/VsTestRunner2/netcoreapp" className="Carlton.Base.Components.Test.AccordionSelectComponentTests" name="AccordionSelect_IsExpandedParam_False_RendersCollapsedStateCorrectly" />
    </UnitTest>
    <UnitTest name="Carlton.Base.Components.Test.ListCardComponentTests.ListCard_CardSubTitleParam_RendersCorrectly" storage="c:\users\nicho\source\repos\nickgalazzo\carlton.base\carlton.base.components.test\bin\debug\net7.0\carlton.base.components.test.dll" id="6b414ea6-1fb3-c23e-897b-5c3badeb7e36">
      <Execution id="39234fd7-0c04-42a1-9398-04e87b6ea5d3" />
      <TestMethod codeBase="C:\Users\nicho\source\repos\NickGalazzo\Carlton.Base\Carlton.Base.Components.Test\bin\Debug\net7.0\Carlton.Base.Components.Test.dll" adapterTypeName="executor://xunit/VsTestRunner2/netcoreapp" className="Carlton.Base.Components.Test.ListCardComponentTests" name="ListCard_CardSubTitleParam_RendersCorrectly" />
    </UnitTest>
    <UnitTest name="Carlton.Base.Components.Test.ListCardComponentTests.ListCard_RendersCorrectNumberOfItems" storage="c:\users\nicho\source\repos\nickgalazzo\carlton.base\carlton.base.components.test\bin\debug\net7.0\carlton.base.components.test.dll" id="c8690b79-49ac-faa7-a548-aba851334b26">
      <Execution id="f1d04a7b-c637-4b36-8ea6-5d477accf49a" />
      <TestMethod codeBase="C:\Users\nicho\source\repos\NickGalazzo\Carlton.Base\Carlton.Base.Components.Test\bin\Debug\net7.0\Carlton.Base.Components.Test.dll" adapterTypeName="executor://xunit/VsTestRunner2/netcoreapp" className="Carlton.Base.Components.Test.ListCardComponentTests" name="ListCard_RendersCorrectNumberOfItems" />
    </UnitTest>
    <UnitTest name="Carlton.Base.Components.Test.ConsoleComponentTests.Console_ValidateFuncParam_ValidatesFalse_RendersCorrectly" storage="c:\users\nicho\source\repos\nickgalazzo\carlton.base\carlton.base.components.test\bin\debug\net7.0\carlton.base.components.test.dll" id="28e5ce2b-c2f6-29ef-06b9-51a41bccc67e">
      <Execution id="a9d14d27-d37f-4cda-9cc5-3ba7068a2f6c" />
      <TestMethod codeBase="C:\Users\nicho\source\repos\NickGalazzo\Carlton.Base\Carlton.Base.Components.Test\bin\Debug\net7.0\Carlton.Base.Components.Test.dll" adapterTypeName="executor://xunit/VsTestRunner2/netcoreapp" className="Carlton.Base.Components.Test.ConsoleComponentTests" name="Console_ValidateFuncParam_ValidatesFalse_RendersCorrectly" />
    </UnitTest>
    <UnitTest name="Carlton.Base.Components.Test.CountCardComponentTests.CountCard_IconParam_ShouldRenderIconClassCorrectly" storage="c:\users\nicho\source\repos\nickgalazzo\carlton.base\carlton.base.components.test\bin\debug\net7.0\carlton.base.components.test.dll" id="944700e8-75b8-cb16-201c-3ec2bce0b13f">
      <Execution id="7490ecf9-347e-4a87-b857-e8d0ae251979" />
      <TestMethod codeBase="C:\Users\nicho\source\repos\NickGalazzo\Carlton.Base\Carlton.Base.Components.Test\bin\Debug\net7.0\Carlton.Base.Components.Test.dll" adapterTypeName="executor://xunit/VsTestRunner2/netcoreapp" className="Carlton.Base.Components.Test.CountCardComponentTests" name="CountCard_IconParam_ShouldRenderIconClassCorrectly" />
    </UnitTest>
    <UnitTest name="Carlton.Base.Components.Test.PageTitleComponentTests.PageTitle_BreadCrumbParam_RendersCorrectly" storage="c:\users\nicho\source\repos\nickgalazzo\carlton.base\carlton.base.components.test\bin\debug\net7.0\carlton.base.components.test.dll" id="934e5d77-d3e7-5288-9b6b-10fb5cf2fb44">
      <Execution id="d398d970-f16f-4b81-a939-2b495d7adca2" />
      <TestMethod codeBase="C:\Users\nicho\source\repos\NickGalazzo\Carlton.Base\Carlton.Base.Components.Test\bin\Debug\net7.0\Carlton.Base.Components.Test.dll" adapterTypeName="executor://xunit/VsTestRunner2/netcoreapp" className="Carlton.Base.Components.Test.PageTitleComponentTests" name="PageTitle_BreadCrumbParam_RendersCorrectly" />
    </UnitTest>
    <UnitTest name="Carlton.Base.Components.Test.CardComponentTests.Card_CardTitleParam_RendersCorrectly" storage="c:\users\nicho\source\repos\nickgalazzo\carlton.base\carlton.base.components.test\bin\debug\net7.0\carlton.base.components.test.dll" id="a55c7c94-05a7-78e5-48bb-0b197aa09c1a">
      <Execution id="47462c2f-9c37-4d7c-8814-034068821de4" />
      <TestMethod codeBase="C:\Users\nicho\source\repos\NickGalazzo\Carlton.Base\Carlton.Base.Components.Test\bin\Debug\net7.0\Carlton.Base.Components.Test.dll" adapterTypeName="executor://xunit/VsTestRunner2/netcoreapp" className="Carlton.Base.Components.Test.CardComponentTests" name="Card_CardTitleParam_RendersCorrectly" />
    </UnitTest>
    <UnitTest name="Carlton.Base.Components.Test.CountCardComponentTests.CountCard_MessageTemplateParam_ShouldRenderMessageCorrectly" storage="c:\users\nicho\source\repos\nickgalazzo\carlton.base\carlton.base.components.test\bin\debug\net7.0\carlton.base.components.test.dll" id="0e0d66f9-08c9-922d-5459-95ac62e38d38">
      <Execution id="193bd0ef-2801-42bb-a762-afedacbe4cc2" />
      <TestMethod codeBase="C:\Users\nicho\source\repos\NickGalazzo\Carlton.Base\Carlton.Base.Components.Test\bin\Debug\net7.0\Carlton.Base.Components.Test.dll" adapterTypeName="executor://xunit/VsTestRunner2/netcoreapp" className="Carlton.Base.Components.Test.CountCardComponentTests" name="CountCard_MessageTemplateParam_ShouldRenderMessageCorrectly" />
    </UnitTest>
    <UnitTest name="Carlton.Base.Components.Test.FloatingActionButtonComponentTests.FloatingActionButton_Markup_RendersCorrectly" storage="c:\users\nicho\source\repos\nickgalazzo\carlton.base\carlton.base.components.test\bin\debug\net7.0\carlton.base.components.test.dll" id="86dcb968-4ef1-cce6-3771-f83a548b7b9b">
      <Execution id="99f0809e-796d-4d93-907d-cc6a07dbdb86" />
      <TestMethod codeBase="C:\Users\nicho\source\repos\NickGalazzo\Carlton.Base\Carlton.Base.Components.Test\bin\Debug\net7.0\Carlton.Base.Components.Test.dll" adapterTypeName="executor://xunit/VsTestRunner2/netcoreapp" className="Carlton.Base.Components.Test.FloatingActionButtonComponentTests" name="FloatingActionButton_Markup_RendersCorrectly" />
    </UnitTest>
    <UnitTest name="Carlton.Base.Components.Test.ConsoleComponentTests.Console_ValidateFuncParam_ValidatesTrue_RendersCorrectly" storage="c:\users\nicho\source\repos\nickgalazzo\carlton.base\carlton.base.components.test\bin\debug\net7.0\carlton.base.components.test.dll" id="dd3b4cbb-b219-22c8-6753-5c6f2761ff9e">
      <Execution id="56a829a7-e6d8-4757-9775-b290ec6cd3de" />
      <TestMethod codeBase="C:\Users\nicho\source\repos\NickGalazzo\Carlton.Base\Carlton.Base.Components.Test\bin\Debug\net7.0\Carlton.Base.Components.Test.dll" adapterTypeName="executor://xunit/VsTestRunner2/netcoreapp" className="Carlton.Base.Components.Test.ConsoleComponentTests" name="Console_ValidateFuncParam_ValidatesTrue_RendersCorrectly" />
    </UnitTest>
    <UnitTest name="Carlton.Base.Components.Test.AccordionSelectComponentTests.AccordionSelect_SelectedValueParam_DoesNotExist_ShouldNot_HaveSelectedClass" storage="c:\users\nicho\source\repos\nickgalazzo\carlton.base\carlton.base.components.test\bin\debug\net7.0\carlton.base.components.test.dll" id="48ca35b3-3058-801a-e437-cbd7b51e5243">
      <Execution id="908b5632-6a88-448d-af81-d8f5abead6f8" />
      <TestMethod codeBase="C:\Users\nicho\source\repos\NickGalazzo\Carlton.Base\Carlton.Base.Components.Test\bin\Debug\net7.0\Carlton.Base.Components.Test.dll" adapterTypeName="executor://xunit/VsTestRunner2/netcoreapp" className="Carlton.Base.Components.Test.AccordionSelectComponentTests" name="AccordionSelect_SelectedValueParam_DoesNotExist_ShouldNot_HaveSelectedClass" />
    </UnitTest>
    <UnitTest name="Carlton.Base.Components.Test.PageTitleComponentTests.PageTitle_Markup_RendersCorrectly" storage="c:\users\nicho\source\repos\nickgalazzo\carlton.base\carlton.base.components.test\bin\debug\net7.0\carlton.base.components.test.dll" id="e46b0fdf-dd84-bb5d-9dac-79334302c58b">
      <Execution id="0008ab05-51d1-4503-8cdd-ca93afcdccc6" />
      <TestMethod codeBase="C:\Users\nicho\source\repos\NickGalazzo\Carlton.Base\Carlton.Base.Components.Test\bin\Debug\net7.0\Carlton.Base.Components.Test.dll" adapterTypeName="executor://xunit/VsTestRunner2/netcoreapp" className="Carlton.Base.Components.Test.PageTitleComponentTests" name="PageTitle_Markup_RendersCorrectly" />
    </UnitTest>
[...]
      <Execution id="6902b986-af21-4290-90ae-fcb2fd026dd5" />
      <TestMethod codeBase="C:\Users\nicho\source\repos\NickGalazzo\Carlton.Base\Carlton.Base.Components.Test\bin\Debug\net7.0\Carlton.Base.Components.Test.dll" adapterTypeName="executor://xunit/VsTestRunner2/netcoreapp" className="Carlton.Base.Components.Test.ConsoleComponentTests" name="Console_OnChangeCallbackParam_IfValidatesFalse_RendersCorrectly" />
    </UnitTest>
    <UnitTest name="Carlton.Base.Components.Test.AccordionSelectComponentTests.AccordionSelect_AfeterItemSelection_Eventcallback" storage="c:\users\nicho\source\repos\nickgalazzo\carlton.base\carlton.base.components.test\bin\debug\net7.0\carlton.base.components.test.dll" id="6e87a4e1-51d3-619a-ac58-7c3ad7408745">
      <Execution id="2dc5ef01-d9ca-4b54-aa69-3422f8f57acf" />
      <TestMethod codeBase="C:\Users\nicho\source\repos\NickGalazzo\Carlton.Base\Carlton.Base.Components.Test\bin\Debug\net7.0\Carlton.Base.Components.Test.dll" adapterTypeName="executor://xunit/VsTestRunner2/netcoreapp" className="Carlton.Base.Components.Test.AccordionSelectComponentTests" name="AccordionSelect_AfeterItemSelection_Eventcallback" />
    </UnitTest>
    <UnitTest name="Carlton.Base.Components.Test.ListCardComponentTests.ListCard_HeaderContentChildParam_RendersCorrectly" storage="c:\users\nicho\source\repos\nickgalazzo\carlton.base\carlton.base.components.test\bin\debug\net7.0\carlton.base.components.test.dll" id="cf3a5550-6410-6de0-5135-92ddacab2c6b">
      <Execution id="d5ea1065-0048-4a00-9ea5-9327b3cd55cc" />
      <TestMethod codeBase="C:\Users\nicho\source\repos\NickGalazzo\Carlton.Base\Carlton.Base.Components.Test\bin\Debug\net7.0\Carlton.Base.Components.Test.dll" adapterTypeName="executor://xunit/VsTestRunner2/netcoreapp" className="Carlton.Base.Components.Test.ListCardComponentTests" name="ListCard_HeaderContentChildParam_RendersCorrectly" />
    </UnitTest>
    <UnitTest name="Carlton.Base.Components.Test.CheckboxComponentTests.Checkbox_Markup_IsCheckedParam_False_OnClickCallback" storage="c:\users\nicho\source\repos\nickgalazzo\carlton.base\carlton.base.components.test\bin\debug\net7.0\carlton.base.components.test.dll" id="dbaac14b-2718-f881-2c6a-774a0ed9120f">
      <Execution id="5c068847-f9c2-4da6-8c80-98f76d5244f1" />
      <TestMethod codeBase="C:\Users\nicho\source\repos\NickGalazzo\Carlton.Base\Carlton.Base.Components.Test\bin\Debug\net7.0\Carlton.Base.Components.Test.dll" adapterTypeName="executor://xunit/VsTestRunner2/netcoreapp" className="Carlton.Base.Components.Test.CheckboxComponentTests" name="Checkbox_Markup_IsCheckedParam_False_OnClickCallback" />
    </UnitTest>
    <UnitTest name="Carlton.Base.Components.Test.ConsoleComponentTests.Console_TextParam_RendersCorrectly" storage="c:\users\nicho\source\repos\nickgalazzo\carlton.base\carlton.base.components.test\bin\debug\net7.0\carlton.base.components.test.dll" id="1bbe93e8-b219-1c8f-9e4f-eb5a6f91ea67">
      <Execution id="0d4bc3b4-95c6-4fcf-8afd-ad7c210348c7" />
      <TestMethod codeBase="C:\Users\nicho\source\repos\NickGalazzo\Carlton.Base\Carlton.Base.Components.Test\bin\Debug\net7.0\Carlton.Base.Components.Test.dll" adapterTypeName="executor://xunit/VsTestRunner2/netcoreapp" className="Carlton.Base.Components.Test.ConsoleComponentTests" name="Console_TextParam_RendersCorrectly" />
    </UnitTest>
    <UnitTest name="Carlton.Base.Components.Test.DropDownMenuElementComponentTests.DropDownMenuElement_Markup_RendersCorrectly" storage="c:\users\nicho\source\repos\nickgalazzo\carlton.base\carlton.base.components.test\bin\debug\net7.0\carlton.base.components.test.dll" id="0419bf75-fe13-ba31-ce3d-95f4193a989f">
      <Execution id="7527dab2-c0a8-47e8-826e-1debee17cffc" />
      <TestMethod codeBase="C:\Users\nicho\source\repos\NickGalazzo\Carlton.Base\Carlton.Base.Components.Test\bin\Debug\net7.0\Carlton.Base.Components.Test.dll" adapterTypeName="executor://xunit/VsTestRunner2/netcoreapp" className="Carlton.Base.Components.Test.DropDownMenuElementComponentTests" name="DropDownMenuElement_Markup_RendersCorrectly" />
    </UnitTest>
    <UnitTest name="Carlton.Base.Components.Test.DropDownMenuComponentTests.DropDownMenuElement_StyleParam_RendersCorrectly" storage="c:\users\nicho\source\repos\nickgalazzo\carlton.base\carlton.base.components.test\bin\debug\net7.0\carlton.base.components.test.dll" id="c4fb013e-c3fa-3f7e-a20f-093fae04a3ce">
      <Execution id="3e769050-abe0-4303-b5e1-c58817592e5d" />
      <TestMethod codeBase="C:\Users\nicho\source\repos\NickGalazzo\Carlton.Base\Carlton.Base.Components.Test\bin\Debug\net7.0\Carlton.Base.Components.Test.dll" adapterTypeName="executor://xunit/VsTestRunner2/netcoreapp" className="Carlton.Base.Components.Test.DropDownMenuComponentTests" name="DropDownMenuElement_StyleParam_RendersCorrectly" />
    </UnitTest>
    <UnitTest name="Carlton.Base.Components.Test.AccordionSelectGroupComponentTests.AccordionSelectGroup_Markup_RendersCorrectly" storage="c:\users\nicho\source\repos\nickgalazzo\carlton.base\carlton.base.components.test\bin\debug\net7.0\carlton.base.components.test.dll" id="4abc7ea4-adf7-cb95-e891-e2b782813e5f">
      <Execution id="81c90a65-3a53-4d0a-9b01-adf1cf279aa4" />
      <TestMethod codeBase="C:\Users\nicho\source\repos\NickGalazzo\Carlton.Base\Carlton.Base.Components.Test\bin\Debug\net7.0\Carlton.Base.Components.Test.dll" adapterTypeName="executor://xunit/VsTestRunner2/netcoreapp" className="Carlton.Base.Components.Test.AccordionSelectGroupComponentTests" name="AccordionSelectGroup_Markup_RendersCorrectly" />
    </UnitTest>
    <UnitTest name="Carlton.Base.Components.Test.DropDownMenuElementComponentTests.DropDownMenuElement_MenuItemIconParam_RendersCorrectly" storage="c:\users\nicho\source\repos\nickgalazzo\carlton.base\carlton.base.components.test\bin\debug\net7.0\carlton.base.components.test.dll" id="6a0fde22-698c-64cf-24be-2800185879be">
      <Execution id="b5427a18-372a-4be8-b53f-4f6f037e6ad9" />
      <TestMethod codeBase="C:\Users\nicho\source\repos\NickGalazzo\Carlton.Base\Carlton.Base.Components.Test\bin\Debug\net7.0\Carlton.Base.Components.Test.dll" adapterTypeName="executor://xunit/VsTestRunner2/netcoreapp" className="Carlton.Base.Components.Test.DropDownMenuElementComponentTests" name="DropDownMenuElement_MenuItemIconParam_RendersCorrectly" />
    </UnitTest>
    <UnitTest name="Carlton.Base.Components.Test.HamburgerCollapserCompoentTests.HamburgerCollapser_IsCollapsedParam_False_ClickEvent_ShouldCollapse" storage="c:\users\nicho\source\repos\nickgalazzo\carlton.base\carlton.base.components.test\bin\debug\net7.0\carlton.base.components.test.dll" id="9435c58a-d5e9-456a-ef54-abeb98b5683f">
      <Execution id="a0b8608d-bbd0-4925-aa11-ba1f601f031a" />
      <TestMethod codeBase="C:\Users\nicho\source\repos\NickGalazzo\Carlton.Base\Carlton.Base.Components.Test\bin\Debug\net7.0\Carlton.Base.Components.Test.dll" adapterTypeName="executor://xunit/VsTestRunner2/netcoreapp" className="Carlton.Base.Components.Test.HamburgerCollapserCompoentTests" name="HamburgerCollapser_IsCollapsedParam_False_ClickEvent_ShouldCollapse" />
    </UnitTest>
  </TestDefinitions>
  <TestEntries>
    <TestEntry testId="a9cd54ec-4038-4c69-3ba2-ebbac7b264fb" executionId="c8357fb0-2985-4113-9af9-a82349eb87f0" testListId="8c84fa94-04c1-424b-9868-57a2d4851a1d" />
    <TestEntry testId="8c0fa742-e53b-88c5-7546-617d1694381a" executionId="a0d3c20d-cc77-4312-a01a-a50fc3e2a737" testListId="8c84fa94-04c1-424b-9868-57a2d4851a1d" />
    <TestEntry testId="5e8b3041-ab42-52f3-9e60-e4f1a50c540d" executionId="665c4214-2af0-4c6a-b41e-8e3074642ab8" testListId="8c84fa94-04c1-424b-9868-57a2d4851a1d" />
    <TestEntry testId="6a0fde22-698c-64cf-24be-2800185879be" executionId="b5427a18-372a-4be8-b53f-4f6f037e6ad9" testListId="8c84fa94-04c1-424b-9868-57a2d4851a1d" />
    <TestEntry testId="0419bf75-fe13-ba31-ce3d-95f4193a989f" executionId="7527dab2-c0a8-47e8-826e-1debee17cffc" testListId="8c84fa94-04c1-424b-9868-57a2d4851a1d" />
    <TestEntry testId="9ab49dc0-83b2-1475-b2d9-80d8501dfe27" executionId="e0c26c28-8bdc-40d9-b4a5-f3d5b906f466" testListId="8c84fa94-04c1-424b-9868-57a2d4851a1d" />
    <TestEntry testId="8f8cda91-6c58-6446-1708-2929b37dd8b2" executionId="ba44a70d-3f43-4e0d-acff-19773e17268d" testListId="8c84fa94-04c1-424b-9868-57a2d4851a1d" />
    <TestEntry testId="0bc93847-7ab6-a1d4-4513-da2be0055e95" executionId="753ccaea-32cf-4118-bfe7-ed61fcdd9494" testListId="8c84fa94-04c1-424b-9868-57a2d4851a1d" />
    <TestEntry testId="80339c17-f89b-3f86-8de1-e278f14bb281" executionId="32330474-438a-468e-a312-c212dc90db8e" testListId="8c84fa94-04c1-424b-9868-57a2d4851a1d" />
    <TestEntry testId="9af266e9-db80-2c82-0f72-e19a5d601ba4" executionId="7043d5ab-d02e-40e2-97b3-7b4a26a572f7" testListId="8c84fa94-04c1-424b-9868-57a2d4851a1d" />
    <TestEntry testId="285dd188-0677-95b9-bdc8-5f4be2504763" executionId="84c27b4c-ac63-4b03-8bbd-55cf132cdb78" testListId="8c84fa94-04c1-424b-9868-57a2d4851a1d" />
    <TestEntry testId="0ddaa31b-8f8c-c076-1ba5-04243a7387d4" executionId="00968f87-5da9-4ea2-84f0-bb1f3a35d6d3" testListId="8c84fa94-04c1-424b-9868-57a2d4851a1d" />
    <TestEntry testId="dd3b4cbb-b219-22c8-6753-5c6f2761ff9e" executionId="56a829a7-e6d8-4757-9775-b290ec6cd3de" testListId="8c84fa94-04c1-424b-9868-57a2d4851a1d" />
    <TestEntry testId="c0d715a0-c097-c14f-a11f-8653ccbaf94a" executionId="4d0a53bd-8d38-4a9f-931d-953c99aadb07" testListId="8c84fa94-04c1-424b-9868-57a2d4851a1d" />
    <TestEntry testId="2d168e72-b1c4-0b57-fd31-afcc70bd9911" executionId="ba6a83c5-b03a-432c-8f1f-0f5785756f44" testListId="8c84fa94-04c1-424b-9868-57a2d4851a1d" />
    <TestEntry testId="28e5ce2b-c2f6-29ef-06b9-51a41bccc67e" executionId="a9d14d27-d37f-4cda-9cc5-3ba7068a2f6c" testListId="8c84fa94-04c1-424b-9868-57a2d4851a1d" />
    <TestEntry testId="ec8af086-98d2-3322-a972-cba4c8592581" executionId="5a3a664f-19c2-4dda-9263-02b304c09ce4" testListId="8c84fa94-04c1-424b-9868-57a2d4851a1d" />
    <TestEntry testId="663d98db-4c1c-7d60-e8fc-b858868a8a67" executionId="854e4edb-a1c4-4d00-9a4e-76c78d2d7b51" testListId="8c84fa94-04c1-424b-9868-57a2d4851a1d" />
    <TestEntry testId="6c658e31-a5af-984a-b3aa-736c3e076c38" executionId="e389f1dd-7a52-44a9-bf93-3f6aa62ea13b" testListId="8c84fa94-04c1-424b-9868-57a2d4851a1d" />
    <TestEntry testId="c8690b79-49ac-faa7-a548-aba851334b26" executionId="f1d04a7b-c637-4b36-8ea6-5d477accf49a" testListId="8c84fa94-04c1-424b-9868-57a2d4851a1d" />
    <TestEntry testId="4214e635-97b6-add6-af3b-40484aee00b6" executionId="c2910b3b-8d09-4b4c-b1a2-c3b03eaa0d55" testListId="8c84fa94-04c1-424b-9868-57a2d4851a1d" />
    <TestEntry testId="944700e8-75b8-cb16-201c-3ec2bce0b13f" executionId="7490ecf9-347e-4a87-b857-e8d0ae251979" testListId="8c84fa94-04c1-424b-9868-57a2d4851a1d" />
    <TestEntry testId="99cc2ea2-db64-a29c-4541-bffd4014afd6" executionId="58045de8-d221-44d4-9c26-eef589a5c2be" testListId="8c84fa94-04c1-424b-9868-57a2d4851a1d" />
    <TestEntry testId="2c9b92b9-1afd-edb7-7bdb-ccd631dcba2d" executionId="9d565558-b0fc-4921-974f-94e694a73710" testListId="8c84fa94-04c1-424b-9868-57a2d4851a1d" />
    <TestEntry testId="57af2ecf-7842-7141-295b-a5a34c2bbfc4" executionId="3f581775-e6a1-420e-9c74-2c2ec820dd08" testListId="8c84fa94-04c1-424b-9868-57a2d4851a1d" />
    <TestEntry testId="4288f0ea-ac9f-09cb-b20a-d2f0cfa56d95" executionId="37f502c9-75f0-41b8-afa6-715f0e069c70" testListId="8c84fa94-04c1-424b-9868-57a2d4851a1d" />
    <TestEntry testId="f12aee75-fa53-4c05-9706-3be9762ccebf" executionId="59edaf56-0537-475f-a710-f8db4efeed03" testListId="8c84fa94-04c1-424b-9868-57a2d4851a1d" />
    <TestEntry testId="b0c36cbd-bf22-4603-f3ea-04fa1053c68a" executionId="348770a7-5fd1-4e9a-b86d-0bcad4ceed1a" testListId="8c84fa94-04c1-424b-9868-57a2d4851a1d" />
    <TestEntry testId="cfcd9d72-0e99-fe1a-9d32-327efc2e96dc" executionId="514a4417-08f0-4fb4-89e6-ab988c3b0952" testListId="8c84fa94-04c1-424b-9868-57a2d4851a1d" />
    <TestEntry testId="dbaac14b-2718-f881-2c6a-774a0ed9120f" executionId="5c068847-f9c2-4da6-8c80-98f76d5244f1" testListId="8c84fa94-04c1-424b-9868-57a2d4851a1d" />
    <TestEntry testId="0e0d66f9-08c9-922d-5459-95ac62e38d38" executionId="193bd0ef-2801-42bb-a762-afedacbe4cc2" testListId="8c84fa94-04c1-424b-9868-57a2d4851a1d" />
    <TestEntry testId="9435c58a-d5e9-456a-ef54-abeb98b5683f" executionId="a0b8608d-bbd0-4925-aa11-ba1f601f031a" testListId="8c84fa94-04c1-424b-9868-57a2d4851a1d" />
    <TestEntry testId="6e87a4e1-51d3-619a-ac58-7c3ad7408745" executionId="2dc5ef01-d9ca-4b54-aa69-3422f8f57acf" testListId="8c84fa94-04c1-424b-9868-57a2d4851a1d" />
    <TestEntry testId="0d5ad28c-d356-9ef9-b007-d90211888030" executionId="6902b986-af21-4290-90ae-fcb2fd026dd5" testListId="8c84fa94-04c1-424b-9868-57a2d4851a1d" />
    <TestEntry testId="b71d196b-5d7d-7218-f948-d0c24d038ef9" executionId="18e49748-88e4-4783-aba7-4eb7f9168d2d" testListId="8c84fa94-04c1-424b-9868-57a2d4851a1d" />
    <TestEntry testId="45a19fe8-afda-2b11-03ad-18d3d0fc8352" executionId="0f26c14c-8ba2-46f5-94e6-7a6ce2050085" testListId="8c84fa94-04c1-424b-9868-57a2d4851a1d" />
    <TestEntry testId="6b414ea6-1fb3-c23e-897b-5c3badeb7e36" executionId="39234fd7-0c04-42a1-9398-04e87b6ea5d3" testListId="8c84fa94-04c1-424b-9868-57a2d4851a1d" />
    <TestEntry testId="177ef4bf-7531-a779-4b80-032e62efe340" executionId="8b139d14-058d-4cfe-8b72-8da67b07c567" testListId="8c84fa94-04c1-424b-9868-57a2d4851a1d" />
    <TestEntry testId="f5111f9c-2e86-dca5-d2f6-89efd3276533" executionId="33a92aba-33f1-4322-9419-8e50aac864bb" testListId="8c84fa94-04c1-424b-9868-57a2d4851a1d" />
    <TestEntry testId="b5bd638c-6513-5638-6a2e-e7489dc0d49f" executionId="e09f93b6-5262-4fa0-a33c-36a566ef833d" testListId="8c84fa94-04c1-424b-9868-57a2d4851a1d" />
    <TestEntry testId="86dcb968-4ef1-cce6-3771-f83a548b7b9b" executionId="99f0809e-796d-4d93-907d-cc6a07dbdb86" testListId="8c84fa94-04c1-424b-9868-57a2d4851a1d" />
    <TestEntry testId="aaddcc13-0d0a-5a13-8cfa-ad746270cb43" executionId="45b934c6-e160-418e-bae9-2c1d4fb171b1" testListId="8c84fa94-04c1-424b-9868-57a2d4851a1d" />
    <TestEntry testId="8033c0c9-ca76-1afd-1cca-480ec5208cfe" executionId="31f5af83-1834-4245-aeb0-9d3b1f93cbd8" testListId="8c84fa94-04c1-424b-9868-57a2d4851a1d" />
    <TestEntry testId="1bbe93e8-b219-1c8f-9e4f-eb5a6f91ea67" executionId="0d4bc3b4-95c6-4fcf-8afd-ad7c210348c7" testListId="8c84fa94-04c1-424b-9868-57a2d4851a1d" />
    <TestEntry testId="4a3ae2b6-4dbd-5950-b332-6609a0e2e6d3" executionId="8da7529b-9c2b-4489-98bc-ccd516e3f881" testListId="8c84fa94-04c1-424b-9868-57a2d4851a1d" />
    <TestEntry testId="63aeb55d-6acc-8ed2-f9af-8672936b3196" executionId="bfbe673f-93d4-4164-8024-62e141b19166" testListId="8c84fa94-04c1-424b-9868-57a2d4851a1d" />
    <TestEntry testId="cf3a5550-6410-6de0-5135-92ddacab2c6b" executionId="d5ea1065-0048-4a00-9ea5-9327b3cd55cc" testListId="8c84fa94-04c1-424b-9868-57a2d4851a1d" />
    <TestEntry testId="040ce82b-4387-06af-eec7-b1df3b7630c0" executionId="e4ae37cc-1d52-4cb0-b7e7-0e974e8a6ebe" testListId="8c84fa94-04c1-424b-9868-57a2d4851a1d" />
    <TestEntry testId="f1c4e863-32eb-416e-0bea-58a649a5ff15" executionId="912da3fe-21fb-490b-bed4-05163ce59e48" testListId="8c84fa94-04c1-424b-9868-57a2d4851a1d" />
    <TestEntry testId="812e1f11-854c-fa84-5e0b-c94b2808c893" executionId="bd2bd9c4-611d-4328-a4e4-8efa3b83c26f" testListId="8c84fa94-04c1-424b-9868-57a2d4851a1d" />
    <TestEntry testId="6dfba3d5-0b94-d5e0-b405-5cad8c401dbb" executionId="c87a0efd-45b6-4aee-a17f-7d5b54f85ee9" testListId="8c84fa94-04c1-424b-9868-57a2d4851a1d" />
    <TestEntry testId="7c5e0bc5-cff2-2c1c-d961-959e6d719773" executionId="f723635d-5921-4281-b084-38385617562c" testListId="8c84fa94-04c1-424b-9868-57a2d4851a1d" />
    <TestEntry testId="272ed11b-0f6b-8525-29db-f1250cc0e93e" executionId="534eece2-960e-4841-8500-6b1543cc8d80" testListId="8c84fa94-04c1-424b-9868-57a2d4851a1d" />
    <TestEntry testId="aae1cbdf-9836-4211-b6ae-a39205130303" executionId="27d637fb-c044-41af-ba32-27959bad0df4" testListId="8c84fa94-04c1-424b-9868-57a2d4851a1d" />
    <TestEntry testId="324ba117-4946-0e1c-1e0d-c7e574208e1f" executionId="30290269-806c-4ece-b6d5-f6cf4d693659" testListId="8c84fa94-04c1-424b-9868-57a2d4851a1d" />
    <TestEntry testId="39cd775a-39c4-77ee-b36e-461f342631d4" executionId="b3b1ece0-818b-4cce-9e5f-7acdcd4f8697" testListId="8c84fa94-04c1-424b-9868-57a2d4851a1d" />
    <TestEntry testId="48ca35b3-3058-801a-e437-cbd7b51e5243" executionId="908b5632-6a88-448d-af81-d8f5abead6f8" testListId="8c84fa94-04c1-424b-9868-57a2d4851a1d" />
    <TestEntry testId="934e5d77-d3e7-5288-9b6b-10fb5cf2fb44" executionId="d398d970-f16f-4b81-a939-2b495d7adca2" testListId="8c84fa94-04c1-424b-9868-57a2d4851a1d" />
    <TestEntry testId="a5c10f58-cd9e-53ae-5a2b-b8e4b4988e62" executionId="4313b302-85b7-4c60-8e33-05d996e732bc" testListId="8c84fa94-04c1-424b-9868-57a2d4851a1d" />
    <TestEntry testId="a47f3381-7df0-245f-c2e8-799552811ee1" executionId="3aabf56f-506b-44fa-a7fc-c17d91e6a9dc" testListId="8c84fa94-04c1-424b-9868-57a2d4851a1d" />
    <TestEntry testId="486e9ba1-e753-20ca-0c09-62b671e1cc0c" executionId="2e160c85-5f3b-4568-85ae-ce572bcf0871" testListId="8c84fa94-04c1-424b-9868-57a2d4851a1d" />
    <TestEntry testId="d9ac749f-3bd6-3d74-7d8d-08cac8782996" executionId="2f8c410f-54ad-4fce-8936-8023f64ddc0e" testListId="8c84fa94-04c1-424b-9868-57a2d4851a1d" />
    <TestEntry testId="4abc7ea4-adf7-cb95-e891-e2b782813e5f" executionId="81c90a65-3a53-4d0a-9b01-adf1cf279aa4" testListId="8c84fa94-04c1-424b-9868-57a2d4851a1d" />
    <TestEntry testId="2686b6ab-6ead-34da-b8e6-742a8249fe15" executionId="662ef6e2-8abe-4efa-ae1e-e205b652ad66" testListId="8c84fa94-04c1-424b-9868-57a2d4851a1d" />
    <TestEntry testId="c4fb013e-c3fa-3f7e-a20f-093fae04a3ce" executionId="3e769050-abe0-4303-b5e1-c58817592e5d" testListId="8c84fa94-04c1-424b-9868-57a2d4851a1d" />
    <TestEntry testId="00890ff1-a2d7-1090-7f0c-ee3e3733722c" executionId="8740ff2c-9e56-4e20-a527-532e0681510c" testListId="8c84fa94-04c1-424b-9868-57a2d4851a1d" />
    <TestEntry testId="e46b0fdf-dd84-bb5d-9dac-79334302c58b" executionId="0008ab05-51d1-4503-8cdd-ca93afcdccc6" testListId="8c84fa94-04c1-424b-9868-57a2d4851a1d" />
    <TestEntry testId="a55c7c94-05a7-78e5-48bb-0b197aa09c1a" executionId="47462c2f-9c37-4d7c-8814-034068821de4" testListId="8c84fa94-04c1-424b-9868-57a2d4851a1d" />
    <TestEntry testId="b2c30880-ca48-9259-a7ef-8d1bceda0326" executionId="d51d83ad-8809-4368-b12c-db72f8bd1de8" testListId="8c84fa94-04c1-424b-9868-57a2d4851a1d" />
    <TestEntry testId="060f8454-46b0-25df-c552-2c706f34201c" executionId="b1bdc1c0-f731-473c-9c5a-33b7384b9e40" testListId="8c84fa94-04c1-424b-9868-57a2d4851a1d" />
    <TestEntry testId="c8ea07f9-de1b-9ccd-bfa0-ad48adf05994" executionId="acbdcdd3-856a-4195-9c09-d259e9842f12" testListId="8c84fa94-04c1-424b-9868-57a2d4851a1d" />
  </TestEntries>
  <TestLists>
    <TestList name="Results Not in a List" id="8c84fa94-04c1-424b-9868-57a2d4851a1d" />
    <TestList name="All Loaded Results" id="19431567-8539-422a-85d7-44ee4e166bda" />
  </TestLists>
  <ResultSummary outcome="Completed">
    <Counters total="71" executed="71" passed="71" failed="0" error="0" timeout="0" aborted="0" inconclusive="0" passedButRunAborted="0" notRunnable="0" notExecuted="0" disconnected="0" warning="0" completed="0" inProgress="0" pending="0" />
    <Output>
      <StdOut>[xUnit.net 00:00:00.00] xUnit.net VSTest Adapter v2.4.5+1caef2f33e (64-bit .NET 7.0.4)&#xD;
[xUnit.net 00:00:00.58]   Discovering: Carlton.Base.Components.Test&#xD;
[xUnit.net 00:00:00.63]   Discovered:  Carlton.Base.Components.Test&#xD;
[xUnit.net 00:00:00.63]   Starting:    Carlton.Base.Components.Test&#xD;
[xUnit.net 00:00:01.17]   Finished:    Carlton.Base.Components.Test&#xD;
</StdOut>
    </Output>
  </ResultSummary>
</TestRun>