<?xml version="1.0" encoding="utf-8"?>
<TestRun id="3b850b87-1857-4e43-9290-5a4ed4a75883" name="nicho@DESKTOP-HE04GST 2023-04-30 09:40:42" runUser="DESKTOP-HE04GST\nicho" xmlns="http://microsoft.com/schemas/VisualStudio/TeamTest/2010">
  <Times creation="2023-04-30T09:40:42.2962988-04:00" queuing="2023-04-30T09:40:42.2962993-04:00" start="2023-04-30T09:40:39.4178538-04:00" finish="2023-04-30T09:40:42.8891698-04:00" />
  <TestSettings name="default" id="6ce18d92-c85f-4dd3-b08e-3888eb5dcea2">
    <Deployment runDeploymentRoot="nicho_DESKTOP-HE04GST_2023-04-30_09_40_42" />
  </TestSettings>
  <Results>
    <UnitTestResult executionId="225b3ecc-4b66-4a16-8549-74826b5f313e" testId="aa57a9f5-bc65-b287-a5c7-b36d21c6642f" testName="Carlton.Base.Components.Test.TabComponentTests.Tab_WithOutParent_ThrowsArgumentNullException" computerName="DESKTOP-HE04GST" duration="00:00:00.0197081" startTime="2023-04-30T09:40:42.5056359-04:00" endTime="2023-04-30T09:40:42.5056362-04:00" testType="13cdc9d9-ddb5-4fa4-a97d-d965ccfc6d4b" outcome="Passed" testListId="8c84fa94-04c1-424b-9868-57a2d4851a1d" relativeResultsDirectory="225b3ecc-4b66-4a16-8549-74826b5f313e" />
    <UnitTestResult executionId="2002be92-9036-4c31-96d3-e40f9dab7a5e" testId="7f9ad7c1-2677-a538-72d9-c606ba0c8487" testName="Carlton.Base.Components.Test.TableHeaderComponentTests.TableHeader_OrderColumnParam_And_OrderDirectionParam_RendersCorrectly(columnName: &quot;CreatedDate&quot;, columnIndex: 2, orderAscending: True)" computerName="DESKTOP-HE04GST" duration="00:00:00.0021715" startTime="2023-04-30T09:40:42.4843533-04:00" endTime="2023-04-30T09:40:42.4843535-04:00" testType="13cdc9d9-ddb5-4fa4-a97d-d965ccfc6d4b" outcome="Passed" testListId="8c84fa94-04c1-424b-9868-57a2d4851a1d" relativeResultsDirectory="2002be92-9036-4c31-96d3-e40f9dab7a5e" />
    <UnitTestResult executionId="341bbacf-7420-4bdf-8a59-b6f7b194551a" testId="2ede1c93-1a23-c618-a45a-75a973ec060c" testName="Carlton.Base.Components.Test.TableComponentTests.Table_RowsPerPageOptsParam_RendersCorrectly(rowsPerPageOpts: [1, 3, 5])" computerName="DESKTOP-HE04GST" duration="00:00:00.0055099" startTime="2023-04-30T09:40:42.7552819-04:00" endTime="2023-04-30T09:40:42.7552821-04:00" testType="13cdc9d9-ddb5-4fa4-a97d-d965ccfc6d4b" outcome="Passed" testListId="8c84fa94-04c1-424b-9868-57a2d4851a1d" relativeResultsDirectory="341bbacf-7420-4bdf-8a59-b6f7b194551a" />
    <UnitTestResult executionId="ae4dc9e0-e6c7-4917-bd31-861c7c387a01" testId="7b453ea3-7024-aa7e-6d3c-770aa31365af" testName="Carlton.Base.Components.Test.AccordionSelectGroupComponentTests.AccordionSelectGroup_ClickEvent_RendersCorrectly(groupIndex: 0, itemIndex: 1, expectedValue: 2)" computerName="DESKTOP-HE04GST" duration="00:00:00.0041836" startTime="2023-04-30T09:40:42.3992575-04:00" endTime="2023-04-30T09:40:42.3992577-04:00" testType="13cdc9d9-ddb5-4fa4-a97d-d965ccfc6d4b" outcome="Passed" testListId="8c84fa94-04c1-424b-9868-57a2d4851a1d" relativeResultsDirectory="ae4dc9e0-e6c7-4917-bd31-861c7c387a01" />
    <UnitTestResult executionId="7bb0c165-f440-4320-8fc4-58d2605d4727" testId="9e67d4f4-b484-92be-3e40-b0308bf16bd7" testName="Carlton.Base.Components.Test.TableHeaderComponentTests.TableHeader_ClickHeadersOnce_EventFires(columnIndex: 0, expectedColumnName: &quot;ID&quot;)" computerName="DESKTOP-HE04GST" duration="00:00:00.0118356" startTime="2023-04-30T09:40:42.5839838-04:00" endTime="2023-04-30T09:40:42.5839839-04:00" testType="13cdc9d9-ddb5-4fa4-a97d-d965ccfc6d4b" outcome="Passed" testListId="8c84fa94-04c1-424b-9868-57a2d4851a1d" relativeResultsDirectory="7bb0c165-f440-4320-8fc4-58d2605d4727" />
    <UnitTestResult executionId="25b05180-32f4-499f-9428-8332a367a4f6" testId="dfe9ce7a-0bc1-eeb7-3cba-161664fa3ef5" testName="Carlton.Base.Components.Test.TableHeaderComponentTests.TableHeader_OrderColumnParam_And_OrderDirectionParam_RendersCorrectly(columnName: &quot;DisplayName&quot;, columnIndex: 1, orderAscending: True)" computerName="DESKTOP-HE04GST" duration="00:00:00.0019106" startTime="2023-04-30T09:40:42.4863570-04:00" endTime="2023-04-30T09:40:42.4863572-04:00" testType="13cdc9d9-ddb5-4fa4-a97d-d965ccfc6d4b" outcome="Passed" testListId="8c84fa94-04c1-424b-9868-57a2d4851a1d" relativeResultsDirectory="25b05180-32f4-499f-9428-8332a367a4f6" />
    <UnitTestResult executionId="9e342871-201c-4e58-b57b-ae2bfab2eabf" testId="0fb68c2a-bd7a-d55c-90e4-2e456030a380" testName="Carlton.Base.Components.Test.BaseNotificationComponentTests.BaseNotification_IconClassParameter_RendersCorrectly(expectedIconClass: &quot;icon-class-test-3&quot;)" computerName="DESKTOP-HE04GST" duration="00:00:00.0033412" startTime="2023-04-30T09:40:42.5825904-04:00" endTime="2023-04-30T09:40:42.5825904-04:00" testType="13cdc9d9-ddb5-4fa4-a97d-d965ccfc6d4b" outcome="Passed" testListId="8c84fa94-04c1-424b-9868-57a2d4851a1d" relativeResultsDirectory="9e342871-201c-4e58-b57b-ae2bfab2eabf" />
    <UnitTestResult executionId="2dbeb806-ec19-4585-bcd2-b38e4679732d" testId="41b926d3-3d70-b9d0-fd5a-db49635794a4" testName="Carlton.Base.Components.Test.NotificationBarComponentTests.NotificationBar_TopRightParams_RendersCorrectly(top: 7, right: 7, expectedResult: &quot;top:7px;right:7px;&quot;)" computerName="DESKTOP-HE04GST" duration="00:00:00.0030579" startTime="2023-04-30T09:40:42.4229121-04:00" endTime="2023-04-30T09:40:42.4229123-04:00" testType="13cdc9d9-ddb5-4fa4-a97d-d965ccfc6d4b" outcome="Passed" testListId="8c84fa94-04c1-424b-9868-57a2d4851a1d" relativeResultsDirectory="2dbeb806-ec19-4585-bcd2-b38e4679732d" />
    <UnitTestResult executionId="6d8d9104-664e-4a22-ae70-983938080816" testId="0be2e34f-6619-8975-afab-64437187ca4d" testName="Carlton.Base.Components.Test.TableHeaderComponentTests.TableHeader_HeadingsParam_RendersCorrectly(headings: [TableHeadingItem { DisplayName = ID, OrderColumn = ID }, TableHeadingItem { DisplayName = DisplayName, OrderColumn = DisplayName }, TableHeadingItem { DisplayName = CreatedDate, OrderColumn = CreatedDate }])" computerName="DESKTOP-HE04GST" duration="00:00:00.0020490" startTime="2023-04-30T09:40:42.6575442-04:00" endTime="2023-04-30T09:40:42.6575442-04:00" testType="13cdc9d9-ddb5-4fa4-a97d-d965ccfc6d4b" outcome="Passed" testListId="8c84fa94-04c1-424b-9868-57a2d4851a1d" relativeResultsDirectory="6d8d9104-664e-4a22-ae70-983938080816" />
    <UnitTestResult executionId="7eb914f0-e9e5-40b1-8c32-a0235cede157" testId="f1d4fcef-c0b2-1a2b-4443-9a6196e09556" testName="Carlton.Base.Components.Test.ListCardComponentTests.ListCard_HeaderContentChildParam_RendersCorrectly(expectedHeaderContent: &quot;&lt;span&gt;More Header Testing Content&lt;/span&gt;&quot;)" computerName="DESKTOP-HE04GST" duration="00:00:00.0022730" startTime="2023-04-30T09:40:42.4616708-04:00" endTime="2023-04-30T09:40:42.4616709-04:00" testType="13cdc9d9-ddb5-4fa4-a97d-d965ccfc6d4b" outcome="Passed" testListId="8c84fa94-04c1-424b-9868-57a2d4851a1d" relativeResultsDirectory="7eb914f0-e9e5-40b1-8c32-a0235cede157" />
    <UnitTestResult executionId="d52c5985-a896-487b-95c5-a6d4cdb88e08" testId="69a8af49-3dfe-560f-907d-c6f19402dc4c" testName="Carlton.Base.Components.Test.MobileTabBarComponentTests.MobileTabBar_DefaultActiveTab_RendersCorrectly" computerName="DESKTOP-HE04GST" duration="00:00:00.0129810" startTime="2023-04-30T09:40:42.6014502-04:00" endTime="2023-04-30T09:40:42.6014505-04:00" testType="13cdc9d9-ddb5-4fa4-a97d-d965ccfc6d4b" outcome="Passed" testListId="8c84fa94-04c1-424b-9868-57a2d4851a1d" relativeResultsDirectory="d52c5985-a896-487b-95c5-a6d4cdb88e08" />
    <UnitTestResult executionId="a7b1b25f-591a-418b-8f1c-4f2be97d82ad" testId="9ead1186-c628-8ae9-fc32-0c702d45e94a" testName="Carlton.Base.Components.Test.DropDownMenuElementComponentTests.DropDownMenuElement_MenuItemValueParam_RendersCorrectly(value: 10)" computerName="DESKTOP-HE04GST" duration="00:00:00.0097828" startTime="2023-04-30T09:40:42.2719223-04:00" endTime="2023-04-30T09:40:42.2719224-04:00" testType="13cdc9d9-ddb5-4fa4-a97d-d965ccfc6d4b" outcome="Passed" testListId="8c84fa94-04c1-424b-9868-57a2d4851a1d" relativeResultsDirectory="a7b1b25f-591a-418b-8f1c-4f2be97d82ad" />
    <UnitTestResult executionId="721ac459-61ae-468b-bd19-c14d573edd96" testId="4c797b3a-2efa-30be-bb00-1dc3fd87ea84" testName="Carlton.Base.Components.Test.SlideTabComponentTests.SlideTab_TitleParam_RendersCorrectly(expectedTitle: &quot;Another Test Title&quot;)" computerName="DESKTOP-HE04GST" duration="00:00:00.0024378" startTime="2023-04-30T09:40:42.2729903-04:00" endTime="2023-04-30T09:40:42.2729904-04:00" testType="13cdc9d9-ddb5-4fa4-a97d-d965ccfc6d4b" outcome="Passed" testListId="8c84fa94-04c1-424b-9868-57a2d4851a1d" relativeResultsDirectory="721ac459-61ae-468b-bd19-c14d573edd96" />
    <UnitTestResult executionId="c3ed02d5-cc83-4905-8669-4bf391a7eba0" testId="5c88af88-27e1-5531-551d-d096b081bbbb" testName="Carlton.Base.Components.Test.NotificationBarComponentTests.NotificationBar_ClickEventRepeatedly_RendersCorrectly(clickCounts: [1, 2, 3, 4])" computerName="DESKTOP-HE04GST" duration="00:00:00.0221489" startTime="2023-04-30T09:40:42.3400882-04:00" endTime="2023-04-30T09:40:42.3400885-04:00" testType="13cdc9d9-ddb5-4fa4-a97d-d965ccfc6d4b" outcome="Passed" testListId="8c84fa94-04c1-424b-9868-57a2d4851a1d" relativeResultsDirectory="c3ed02d5-cc83-4905-8669-4bf391a7eba0" />
    <UnitTestResult executionId="3fe428ec-63a0-4927-8d6b-c5a745179b28" testId="012e8c6f-7d14-d9e7-6248-1a51abfc0934" testName="Carlton.Base.Components.Test.SlideTabComponentTests.SlideTab_IsExpandedParam_RendersCorrectly(expectedIsExpanded: False)" computerName="DESKTOP-HE04GST" duration="00:00:00.0021798" startTime="2023-04-30T09:40:42.2653623-04:00" endTime="2023-04-30T09:40:42.2653625-04:00" testType="13cdc9d9-ddb5-4fa4-a97d-d965ccfc6d4b" outcome="Passed" testListId="8c84fa94-04c1-424b-9868-57a2d4851a1d" relativeResultsDirectory="3fe428ec-63a0-4927-8d6b-c5a745179b28" />
    <UnitTestResult executionId="a94578e8-675f-4779-8a8f-c16b3d0ae82e" testId="6c84f820-8c77-3950-e7b5-4b415ef42446" testName="Carlton.Base.Components.Test.AccordionSelectComponentTests.AccordionSelect_MarkupWithItems_RendersCorrectly" computerName="DESKTOP-HE04GST" duration="00:00:00.0049882" startTime="2023-04-30T09:40:42.5885467-04:00" endTime="2023-04-30T09:40:42.5885469-04:00" testType="13cdc9d9-ddb5-4fa4-a97d-d965ccfc6d4b" outcome="Passed" testListId="8c84fa94-04c1-424b-9868-57a2d4851a1d" relativeResultsDirectory="a94578e8-675f-4779-8a8f-c16b3d0ae82e" />
    <UnitTestResult executionId="505ccd2a-9543-47c4-9428-b21e697974fd" testId="486e9ba1-e753-20ca-0c09-62b671e1cc0c" testName="Carlton.Base.Components.Test.CountCardComponentTests.CountCard_Markup_RendersCorrectly" computerName="DESKTOP-HE04GST" duration="00:00:00.0039882" startTime="2023-04-30T09:40:42.4011564-04:00" endTime="2023-04-30T09:40:42.4011566-04:00" testType="13cdc9d9-ddb5-4fa4-a97d-d965ccfc6d4b" outcome="Passed" testListId="8c84fa94-04c1-424b-9868-57a2d4851a1d" relativeResultsDirectory="505ccd2a-9543-47c4-9428-b21e697974fd" />
    <UnitTestResult executionId="2ff78acc-6aba-40c6-83bd-b8a3c3f00b19" testId="edcac07c-0187-8feb-c533-c6a6f3a28b60" testName="Carlton.Base.Components.Test.ConsoleComponentTests.Console_ReadOnlyParam_RendersCorrectly(isReadOnly: False)" computerName="DESKTOP-HE04GST" duration="00:00:00.0052230" startTime="2023-04-30T09:40:42.2640917-04:00" endTime="2023-04-30T09:40:42.2640918-04:00" testType="13cdc9d9-ddb5-4fa4-a97d-d965ccfc6d4b" outcome="Passed" testListId="8c84fa94-04c1-424b-9868-57a2d4851a1d" relativeResultsDirectory="2ff78acc-6aba-40c6-83bd-b8a3c3f00b19" />
    <UnitTestResult executionId="e114a609-f995-4b13-82ec-0e6cc702092a" testId="8af30576-a2b6-df1c-49fa-2acbc5c464dc" testName="Carlton.Base.Components.Test.NotificationBarComponentTests.NotificationBar_ClickEvent_RendersCorrectly(btnClass: &quot;warning-btn&quot;, expectedType: typeof(Carlton.Base.Components.WarningNotification))" computerName="DESKTOP-HE04GST" duration="00:00:00.0026899" startTime="2023-04-30T09:40:42.4049739-04:00" endTime="2023-04-30T09:40:42.4049741-04:00" testType="13cdc9d9-ddb5-4fa4-a97d-d965ccfc6d4b" outcome="Passed" testListId="8c84fa94-04c1-424b-9868-57a2d4851a1d" relativeResultsDirectory="e114a609-f995-4b13-82ec-0e6cc702092a" />
    <UnitTestResult executionId="1c445055-71ea-4c90-adda-e7e21f29840d" testId="dd37b1b9-4c67-5b2f-d5d5-ea991ef86fd8" testName="Carlton.Base.Components.Test.BreadCrumbsComponentTests.BreadCrumbs_SeparatorParam_RendersCorrectly(expectedSeparator: &quot;/&quot;)" computerName="DESKTOP-HE04GST" duration="00:00:00.0015530" startTime="2023-04-30T09:40:42.4024765-04:00" endTime="2023-04-30T09:40:42.4024767-04:00" testType="13cdc9d9-ddb5-4fa4-a97d-d965ccfc6d4b" outcome="Passed" testListId="8c84fa94-04c1-424b-9868-57a2d4851a1d" relativeResultsDirectory="1c445055-71ea-4c90-adda-e7e21f29840d" />
    <UnitTestResult executionId="2fcc8665-0c58-4a2c-a4e0-56dc90545ee8" testId="a41dcb24-b89d-3f22-c149-d98a0341724c" testName="Carlton.Base.Components.Test.TableComponentTests.Table_HeadingsParam_RendersCorrectly(headings: [TableHeadingItem { DisplayName = ID, OrderColumn = ID }])" computerName="DESKTOP-HE04GST" duration="00:00:00.0060179" startTime="2023-04-30T09:40:42.6392605-04:00" endTime="2023-04-30T09:40:42.6392608-04:00" testType="13cdc9d9-ddb5-4fa4-a97d-d965ccfc6d4b" outcome="Passed" testListId="8c84fa94-04c1-424b-9868-57a2d4851a1d" relativeResultsDirectory="2fcc8665-0c58-4a2c-a4e0-56dc90545ee8" />
    <UnitTestResult executionId="f773a52b-b959-452a-a6d6-1a78cee00189" testId="bbe27599-2aa3-47df-83f1-62c6f6c60de1" testName="Carlton.Base.Components.Test.AccordionSelectComponentTests.AccordionSelect_ItemClick_RendersCorrectly(selectedIndex: 0, expectedValue: 1)" computerName="DESKTOP-HE04GST" duration="00:00:00.0105006" startTime="2023-04-30T09:40:42.5158370-04:00" endTime="2023-04-30T09:40:42.5158372-04:00" testType="13cdc9d9-ddb5-4fa4-a97d-d965ccfc6d4b" outcome="Passed" testListId="8c84fa94-04c1-424b-9868-57a2d4851a1d" relativeResultsDirectory="f773a52b-b959-452a-a6d6-1a78cee00189" />
    <UnitTestResult executionId="7deb2fab-b66b-4310-956d-0d4a7a2ff8f0" testId="0e3f6730-de0b-7a62-477b-e1da6a491a3d" testName="Carlton.Base.Components.Test.TableComponentTests.Table_ItemsChangedCallback_FiresEvent(currentPage: 2, optIndex: 2, expectedSkip: 0, expectedTake: 15)" computerName="DESKTOP-HE04GST" duration="00:00:00.0221898" startTime="2023-04-30T09:40:42.4044772-04:00" endTime="2023-04-30T09:40:42.4044772-04:00" testType="13cdc9d9-ddb5-4fa4-a97d-d965ccfc6d4b" outcome="Passed" testListId="8c84fa94-04c1-424b-9868-57a2d4851a1d" relativeResultsDirectory="7deb2fab-b66b-4310-956d-0d4a7a2ff8f0" />
    <UnitTestResult executionId="73a86595-93f0-4fef-91c8-07275582f446" testId="470612f3-9e40-7de7-9e4d-fde6f04f5483" testName="Carlton.Base.Components.Test.TableHeaderComponentTests.TableHeader_OnClick_SelectedClass_RendersCorrectly(selectedIndex: 0)" computerName="DESKTOP-HE04GST" duration="00:00:00.0105861" startTime="2023-04-30T09:40:42.5993397-04:00" endTime="2023-04-30T09:40:42.5993399-04:00" testType="13cdc9d9-ddb5-4fa4-a97d-d965ccfc6d4b" outcome="Passed" testListId="8c84fa94-04c1-424b-9868-57a2d4851a1d" relativeResultsDirectory="73a86595-93f0-4fef-91c8-07275582f446" />
    <UnitTestResult executionId="274b5120-9d8b-4f24-8d7a-fab086878481" testId="5c88af88-27e1-5531-551d-d096b081bbbb" testName="Carlton.Base.Components.Test.NotificationBarComponentTests.NotificationBar_ClickEventRepeatedly_RendersCorrectly(clickCounts: [0, 1, 3, 0])" computerName="DESKTOP-HE04GST" duration="00:00:00.0135602" startTime="2023-04-30T09:40:42.3537819-04:00" endTime="2023-04-30T09:40:42.3537821-04:00" testType="13cdc9d9-ddb5-4fa4-a97d-d965ccfc6d4b" outcome="Passed" testListId="8c84fa94-04c1-424b-9868-57a2d4851a1d" relativeResultsDirectory="274b5120-9d8b-4f24-8d7a-fab086878481" />
    <UnitTestResult executionId="909cc254-8e72-45c3-a330-32281b738732" testId="a6e31a15-2ab4-d1b4-8fe0-f6f10e1ab1ac" testName="Carlton.Base.Components.Test.ListCardComponentTests.ListCard_CardSubTitleParam_RendersCorrectly(subtitle: &quot;Test Subtitle 1&quot;)" computerName="DESKTOP-HE04GST" duration="00:00:00.0124320" startTime="2023-04-30T09:40:42.3736834-04:00" endTime="2023-04-30T09:40:42.3736835-04:00" testType="13cdc9d9-ddb5-4fa4-a97d-d965ccfc6d4b" outcome="Passed" testListId="8c84fa94-04c1-424b-9868-57a2d4851a1d" relativeResultsDirectory="909cc254-8e72-45c3-a330-32281b738732" />
    <UnitTestResult executionId="cab659b3-7017-4d25-a755-933c7779a900" testId="50c93238-4012-6df7-32db-f969a8a7c6b3" testName="Carlton.Base.Components.Test.CountCardComponentTests.CountCard_MessageTemplateParam_RendersCorrectly(messageTemplate: &quot;More Items Tracked by this component&quot;)" computerName="DESKTOP-HE04GST" duration="00:00:00.0069792" startTime="2023-04-30T09:40:42.3807619-04:00" endTime="2023-04-30T09:40:42.3807620-04:00" testType="13cdc9d9-ddb5-4fa4-a97d-d965ccfc6d4b" outcome="Passed" testListId="8c84fa94-04c1-424b-9868-57a2d4851a1d" relativeResultsDirectory="cab659b3-7017-4d25-a755-933c7779a900" />
    <UnitTestResult executionId="475964b1-f85b-4fb3-9bec-fc10745ceece" testId="57da913c-5bb2-4d04-fc29-2d9bd99b6d41" testName="Carlton.Base.Components.Test.ListCardComponentTests.ListCard_CardTitleParam_RendersCorrectly(title: &quot;Test Title 2&quot;)" computerName="DESKTOP-HE04GST" duration="00:00:00.0037302" startTime="2023-04-30T09:40:42.4235867-04:00" endTime="2023-04-30T09:40:42.4235870-04:00" testType="13cdc9d9-ddb5-4fa4-a97d-d965ccfc6d4b" outcome="Passed" testListId="8c84fa94-04c1-424b-9868-57a2d4851a1d" relativeResultsDirectory="475964b1-f85b-4fb3-9bec-fc10745ceece" />
    <UnitTestResult executionId="64b9fa72-76c1-443e-85ea-9aa631b7fa0d" testId="0c9c72b4-1b61-9132-5c94-274f763c3a1f" testName="Carlton.Base.Components.Test.BaseNotificationComponentTests.BaseNotification_OnDismissParameter_RendersCorrectly" computerName="DESKTOP-HE04GST" duration="00:00:00.0843369" startTime="2023-04-30T09:40:42.5816972-04:00" endTime="2023-04-30T09:40:42.5816973-04:00" testType="13cdc9d9-ddb5-4fa4-a97d-d965ccfc6d4b" outcome="Passed" testListId="8c84fa94-04c1-424b-9868-57a2d4851a1d" relativeResultsDirectory="64b9fa72-76c1-443e-85ea-9aa631b7fa0d" />
    <UnitTestResult executionId="d05b06fe-a084-4eff-a106-dd9d80a7ee90" testId="03aa21a3-5e37-91dc-e5c6-7f98978fd03c" testName="Carlton.Base.Components.Test.SelectComponentTests.Select_DisabledParam_RendersCorrectly(isDisabled: False)" computerName="DESKTOP-HE04GST" duration="00:00:00.0040830" startTime="2023-04-30T09:40:42.2640224-04:00" endTime="2023-04-30T09:40:42.2640225-04:00" testType="13cdc9d9-ddb5-4fa4-a97d-d965ccfc6d4b" outcome="Passed" testListId="8c84fa94-04c1-424b-9868-57a2d4851a1d" relativeResultsDirectory="d05b06fe-a084-4eff-a106-dd9d80a7ee90" />
    <UnitTestResult executionId="c85e801d-d3e1-47f4-a9bd-0bbe927225c8" testId="417482e4-dea2-eab8-b41a-116fcc91a67d" testName="Carlton.Base.Components.Test.NotificationBarComponentTests.NotificationBar_TopRightParams_RendersCorrectly(top: 5, right: 10, expectedResult: &quot;top:5px;right:10px;&quot;)" computerName="DESKTOP-HE04GST" duration="00:00:00.0019135" startTime="2023-04-30T09:40:42.4385803-04:00" endTime="2023-04-30T09:40:42.4385803-04:00" testType="13cdc9d9-ddb5-4fa4-a97d-d965ccfc6d4b" outcome="Passed" testListId="8c84fa94-04c1-424b-9868-57a2d4851a1d" relativeResultsDirectory="c85e801d-d3e1-47f4-a9bd-0bbe927225c8" />
    <UnitTestResult executionId="c3c41b08-ecdd-44db-b539-6b3fa2645d9b" testId="3f3f7bde-292c-12e4-5ac8-b27eaef55d68" testName="Carlton.Base.Components.Test.CardComponentTests.Card_ActionBarContentChildParam_RendersCorrectly(expectedActionBarContent: &quot;ActionBar Testing Content 3&quot;)" computerName="DESKTOP-HE04GST" duration="00:00:00.0023080" startTime="2023-04-30T09:40:42.5760063-04:00" endTime="2023-04-30T09:40:42.5760064-04:00" testType="13cdc9d9-ddb5-4fa4-a97d-d965ccfc6d4b" outcome="Passed" testListId="8c84fa94-04c1-424b-9868-57a2d4851a1d" relativeResultsDirectory="c3c41b08-ecdd-44db-b539-6b3fa2645d9b" />
    <UnitTestResult executionId="a3b83644-4e92-40ac-81be-f0bd90b16557" testId="920e4354-fec6-14c2-1380-06b61a0b9ea9" testName="Carlton.Base.Components.Test.SelectComponentTests.Select_ValueChangedCallbackParam_FiresCallback(index: 1)" computerName="DESKTOP-HE04GST" duration="00:00:00.0116154" startTime="2023-04-30T09:40:42.2710530-04:00" endTime="2023-04-30T09:40:42.2710532-04:00" testType="13cdc9d9-ddb5-4fa4-a97d-d965ccfc6d4b" outcome="Passed" testListId="8c84fa94-04c1-424b-9868-57a2d4851a1d" relativeResultsDirectory="a3b83644-4e92-40ac-81be-f0bd90b16557" />
    <UnitTestResult executionId="d2232850-e2f3-43b9-8e65-e4ddeb14b7b9" testId="298fe03e-249b-b13d-a269-1b389ef1a02e" testName="Carlton.Base.Components.Test.SelectComponentTests.Select_LabelParam_RendersCorrectly(labelText: &quot;Test Label&quot;)" computerName="DESKTOP-HE04GST" duration="00:00:00.0021094" startTime="2023-04-30T09:40:42.2654342-04:00" endTime="2023-04-30T09:40:42.2654343-04:00" testType="13cdc9d9-ddb5-4fa4-a97d-d965ccfc6d4b" outcome="Passed" testListId="8c84fa94-04c1-424b-9868-57a2d4851a1d" relativeResultsDirectory="d2232850-e2f3-43b9-8e65-e4ddeb14b7b9" />
    <UnitTestResult executionId="94d5e5bf-7fcf-4468-be1a-aedba0334efe" testId="5145f4af-fec7-c72d-871d-4e76b076e06c" testName="Carlton.Base.Components.Test.DesktopTabBarComponentTests.DesktopTabBar_WithOneTab_RendersCorrectly" computerName="DESKTOP-HE04GST" duration="00:00:00.0028425" startTime="2023-04-30T09:40:42.4843885-04:00" endTime="2023-04-30T09:40:42.4843886-04:00" testType="13cdc9d9-ddb5-4fa4-a97d-d965ccfc6d4b" outcome="Passed" testListId="8c84fa94-04c1-424b-9868-57a2d4851a1d" relativeResultsDirectory="94d5e5bf-7fcf-4468-be1a-aedba0334efe" />
    <UnitTestResult executionId="4b814343-17ff-4c00-be6a-6a2b3b3969a6" testId="8e5dfc12-0ccd-84c7-eae7-7f89e6b43788" testName="Carlton.Base.Components.Test.TablePaginationRowComponentTests.TablePaginationRow_ItemCountLessThanItemsPerPage_RightChevronsDisabled_RendersCorrectly(itemCount: 4)" computerName="DESKTOP-HE04GST" duration="00:00:00.0039010" startTime="2023-04-30T09:40:42.6575753-04:00" endTime="2023-04-30T09:40:42.6575753-04:00" testType="13cdc9d9-ddb5-4fa4-a97d-d965ccfc6d4b" outcome="Passed" testListId="8c84fa94-04c1-424b-9868-57a2d4851a1d" relativeResultsDirectory="4b814343-17ff-4c00-be6a-6a2b3b3969a6" />
    <UnitTestResult executionId="fa5a8dbe-5a2d-43b1-b2e7-c4fbdec46848" testId="a090a5e2-b798-b442-05e1-15c76df7de32" testName="Carlton.Base.Components.Test.TableComponentTests.Table_ItemsChangedCallback_FiresEvent(currentPage: 3, optIndex: 0, expectedSkip: 10, expectedTake: 5)" computerName="DESKTOP-HE04GST" duration="00:00:00.0173939" startTime="2023-04-30T09:40:42.5839069-04:00" endTime="2023-04-30T09:40:42.5839070-04:00" testType="13cdc9d9-ddb5-4fa4-a97d-d965ccfc6d4b" outcome="Passed" testListId="8c84fa94-04c1-424b-9868-57a2d4851a1d" relativeResultsDirectory="fa5a8dbe-5a2d-43b1-b2e7-c4fbdec46848" />
    <UnitTestResult executionId="4819e58d-d2c3-493a-b797-1fec67e44959" testId="2f1882f1-d6f3-7332-d3a2-9e3758b94b59" testName="Carlton.Base.Components.Test.DropDownMenuElementComponentTests.DropDownMenuElement_OnMenuItemSelectedParam_RendersCorrectly(value: 7)" computerName="DESKTOP-HE04GST" duration="00:00:00.0017421" startTime="2023-04-30T09:40:42.2652074-04:00" endTime="2023-04-30T09:40:42.2652075-04:00" testType="13cdc9d9-ddb5-4fa4-a97d-d965ccfc6d4b" outcome="Passed" testListId="8c84fa94-04c1-424b-9868-57a2d4851a1d" relativeResultsDirectory="4819e58d-d2c3-493a-b797-1fec67e44959" />
    <UnitTestResult executionId="bf127f7a-b7e9-4e92-b366-37e8505b67d8" testId="067218af-67a2-68da-98aa-e9243dbda169" testName="Carlton.Base.Components.Test.AccordionSelectComponentTests.AccordionSelect_IsExpandedParam_RendersCorrectly(isExpanded: True, expectedClass: &quot;mdi-minus-box-outline&quot;)" computerName="DESKTOP-HE04GST" duration="00:00:00.0030092" startTime="2023-04-30T09:40:42.4851795-04:00" endTime="2023-04-30T09:40:42.4851796-04:00" testType="13cdc9d9-ddb5-4fa4-a97d-d965ccfc6d4b" outcome="Passed" testListId="8c84fa94-04c1-424b-9868-57a2d4851a1d" relativeResultsDirectory="bf127f7a-b7e9-4e92-b366-37e8505b67d8" />
    <UnitTestResult executionId="9479a5de-9f26-4354-bb80-700c433b36a1" testId="2379e7a0-5ee9-5f99-6a52-0d712fc2e781" testName="Carlton.Base.Components.Test.SelectComponentTests.Select_DisabledParam_RendersCorrectly(isDisabled: True)" computerName="DESKTOP-HE04GST" duration="00:00:00.0117114" startTime="2023-04-30T09:40:42.2642209-04:00" endTime="2023-04-30T09:40:42.2642210-04:00" testType="13cdc9d9-ddb5-4fa4-a97d-d965ccfc6d4b" outcome="Passed" testListId="8c84fa94-04c1-424b-9868-57a2d4851a1d" relativeResultsDirectory="9479a5de-9f26-4354-bb80-700c433b36a1" />
    <UnitTestResult executionId="06a5232e-a833-401f-83a7-06bc3b0fe772" testId="3b7633ea-161f-2116-c52f-52e37a852c76" testName="Carlton.Base.Components.Test.TablePaginationRowComponentTests.TablePaginationRow_PageGreaterThanOne_LeftChevronsEnabled_RendersCorrectly(currentPage: 2)" computerName="DESKTOP-HE04GST" duration="00:00:00.0030480" startTime="2023-04-30T09:40:42.6530333-04:00" endTime="2023-04-30T09:40:42.6530333-04:00" testType="13cdc9d9-ddb5-4fa4-a97d-d965ccfc6d4b" outcome="Passed" testListId="8c84fa94-04c1-424b-9868-57a2d4851a1d" relativeResultsDirectory="06a5232e-a833-401f-83a7-06bc3b0fe772" />
    <UnitTestResult executionId="d01ec00e-e8ca-4e12-8f93-f0ffe928590c" testId="40f397c7-6770-78b5-44ee-bfd175e82413" testName="Carlton.Base.Components.Test.MobileTabBarComponentTests.MobileTabBar_ActiveTab_RendersCorrectly(activeTabIndex: 1, expectedText: &quot;&lt;span&gt;This is the second tab&lt;/span&gt;&quot;)" computerName="DESKTOP-HE04GST" duration="00:00:00.0038913" startTime="2023-04-30T09:40:42.5788276-04:00" endTime="2023-04-30T09:40:42.5788277-04:00" testType="13cdc9d9-ddb5-4fa4-a97d-d965ccfc6d4b" outcome="Passed" testListId="8c84fa94-04c1-424b-9868-57a2d4851a1d" relativeResultsDirectory="d01ec00e-e8ca-4e12-8f93-f0ffe928590c" />
    <UnitTestResult executionId="ea84ee71-5ea4-4cbe-ab99-bec979ee3541" testId="b9366499-2fa9-2b74-777c-bd5ce9b81d50" testName="Carlton.Base.Components.Test.MobileTabBarComponentTests.MobileTabBar_ActiveTabClass_RendersCorrectly(activeTabIndex: 0)" computerName="DESKTOP-HE04GST" duration="00:00:00.0032905" startTime="2023-04-30T09:40:42.5012255-04:00" endTime="2023-04-30T09:40:42.5012257-04:00" testType="13cdc9d9-ddb5-4fa4-a97d-d965ccfc6d4b" outcome="Passed" testListId="8c84fa94-04c1-424b-9868-57a2d4851a1d" relativeResultsDirectory="ea84ee71-5ea4-4cbe-ab99-bec979ee3541" />
    <UnitTestResult executionId="cf068728-eba9-459c-99d3-889a5ed684af" testId="aec7847b-f2dd-7f82-7106-a9f877eba7a8" testName="Carlton.Base.Components.Test.TablePaginationRowComponentTests.TablePaginationRow_ItemCountGreaterThanItemsPerPage_RightChevronsEnabled_RendersCorrectly(itemCount: 10)" computerName="DESKTOP-HE04GST" duration="00:00:00.0016446" startTime="2023-04-30T09:40:42.6756649-04:00" endTime="2023-04-30T09:40:42.6756650-04:00" testType="13cdc9d9-ddb5-4fa4-a97d-d965ccfc6d4b" outcome="Passed" testListId="8c84fa94-04c1-424b-9868-57a2d4851a1d" relativeResultsDirectory="cf068728-eba9-459c-99d3-889a5ed684af" />
    <UnitTestResult executionId="1d743ca2-6ff9-4f34-9bb1-a6750c0e7aa8" testId="1edd2235-9ccb-5a7c-da3c-69852da57d43" testName="Carlton.Base.Components.Test.TableHeaderComponentTests.TableHeader_OrderColumnParam_And_OrderDirectionParam_RendersCorrectly(columnName: &quot;ID&quot;, columnIndex: 0, orderAscending: True)" computerName="DESKTOP-HE04GST" duration="00:00:00.0033898" startTime="2023-04-30T09:40:42.4820611-04:00" endTime="2023-04-30T09:40:42.4820614-04:00" testType="13cdc9d9-ddb5-4fa4-a97d-d965ccfc6d4b" outcome="Passed" testListId="8c84fa94-04c1-424b-9868-57a2d4851a1d" relativeResultsDirectory="1d743ca2-6ff9-4f34-9bb1-a6750c0e7aa8" />
    <UnitTestResult executionId="c5f7fa0c-7409-4f21-b965-55b230031fe1" testId="4c624072-3469-3d06-1b6a-9cf723873fdb" testName="Carlton.Base.Components.Test.AccordionSelectGroupComponentTests.AccordionSelectGroup_GroupsParam_RendersCorrectly(groups: [SelectGroup { Name = Group 1, Index = 0, Items = System.Collections.Generic.List`1[Carlton.Base.Components.SelectItem`1[System.Int32]] }])" computerName="DESKTOP-HE04GST" duration="00:00:00.0040396" startTime="2023-04-30T09:40:42.3555263-04:00" endTime="2023-04-30T09:40:42.3555265-04:00" testType="13cdc9d9-ddb5-4fa4-a97d-d965ccfc6d4b" outcome="Passed" testListId="8c84fa94-04c1-424b-9868-57a2d4851a1d" relativeResultsDirectory="c5f7fa0c-7409-4f21-b965-55b230031fe1" />
    <UnitTestResult executionId="b30a8fea-9d43-4115-bb8b-e728ae45a5d1" testId="55fb0a26-9c99-4be0-982c-ede52667b895" testName="Carlton.Base.Components.Test.TablePaginationRowComponentTests.TablePaginationRow_RowsPerPageOptsParam_RendersCorrectly(opts: [1, 3, 5])" computerName="DESKTOP-HE04GST" duration="00:00:00.0070296" startTime="2023-04-30T09:40:42.6832781-04:00" endTime="2023-04-30T09:40:42.6832783-04:00" testType="13cdc9d9-ddb5-4fa4-a97d-d965ccfc6d4b" outcome="Passed" testListId="8c84fa94-04c1-424b-9868-57a2d4851a1d" relativeResultsDirectory="b30a8fea-9d43-4115-bb8b-e728ae45a5d1" />
    <UnitTestResult executionId="701a9e1c-8723-426d-ab86-de45e7ad745d" testId="e9efa1ee-ef5b-0467-85f1-461dd551b536" testName="Carlton.Base.Components.Test.CardComponentTests.Card_CardTitleParam_RendersCorrectly(expectedTitle: &quot;Test Title 1&quot;)" computerName="DESKTOP-HE04GST" duration="00:00:00.0019330" startTime="2023-04-30T09:40:42.5797239-04:00" endTime="2023-04-30T09:40:42.5797241-04:00" testType="13cdc9d9-ddb5-4fa4-a97d-d965ccfc6d4b" outcome="Passed" testListId="8c84fa94-04c1-424b-9868-57a2d4851a1d" relativeResultsDirectory="701a9e1c-8723-426d-ab86-de45e7ad745d" />
    <UnitTestResult executionId="b82a067d-7fdf-4f6e-ad10-c1c120ab1b0e" testId="55fb0a26-9c99-4be0-982c-ede52667b895" testName="Carlton.Base.Components.Test.TablePaginationRowComponentTests.TablePaginationRow_RowsPerPageOptsParam_RendersCorrectly(opts: [5, 10, 15, 20, 25])" computerName="DESKTOP-HE04GST" duration="00:00:00.0023335" startTime="2023-04-30T09:40:42.6882129-04:00" endTime="2023-04-30T09:40:42.6882131-04:00" testType="13cdc9d9-ddb5-4fa4-a97d-d965ccfc6d4b" outcome="Passed" testListId="8c84fa94-04c1-424b-9868-57a2d4851a1d" relativeResultsDirectory="b82a067d-7fdf-4f6e-ad10-c1c120ab1b0e" />
    <UnitTestResult executionId="ec06d113-e6b5-45fb-aad7-7a08db2845f2" testId="74b96a9d-dba2-ac4b-acb6-2e4a1c7bd4a9" testName="Carlton.Base.Components.Test.NotificationBarComponentTests.NotificationBar_FadeOutEnabledParam_RendersCorrectly(fadeOutEnabled: False, notificationClass: &quot;error-btn&quot;)" computerName="DESKTOP-HE04GST" duration="00:00:00.0023664" startTime="2023-04-30T09:40:42.3866023-04:00" endTime="2023-04-30T09:40:42.3866025-04:00" testType="13cdc9d9-ddb5-4fa4-a97d-d965ccfc6d4b" outcome="Passed" testListId="8c84fa94-04c1-424b-9868-57a2d4851a1d" relativeResultsDirectory="ec06d113-e6b5-45fb-aad7-7a08db2845f2" />
    <UnitTestResult executionId="928ec71e-722d-43b1-a5b0-05b2b61ab225" testId="26905ffd-8188-205e-dfc2-03ba98f0a988" testName="Carlton.Base.Components.Test.TableComponentTests.Table_OnClickTwice_FiltersItemsDesc(expected: (1, System.Collections.ObjectModel.ReadOnlyCollection`1[Carlton.Base.Components.Test.TableTestHelper+TableTestObject]))" computerName="DESKTOP-HE04GST" duration="00:00:00.0079270" startTime="2023-04-30T09:40:42.7430266-04:00" endTime="2023-04-30T09:40:42.7430269-04:00" testType="13cdc9d9-ddb5-4fa4-a97d-d965ccfc6d4b" outcome="Passed" testListId="8c84fa94-04c1-424b-9868-57a2d4851a1d" relativeResultsDirectory="928ec71e-722d-43b1-a5b0-05b2b61ab225" />
    <UnitTestResult executionId="4acd10f8-4518-429f-a046-1dc821b4384b" testId="faf6ac33-173a-dc80-7734-8174ff344fb3" testName="Carlton.Base.Components.Test.SlideTabComponentTests.SlideTab_Markup_RendersCorrectly" computerName="DESKTOP-HE04GST" duration="00:00:00.0798100" startTime="2023-04-30T09:40:42.3474457-04:00" endTime="2023-04-30T09:40:42.3474459-04:00" testType="13cdc9d9-ddb5-4fa4-a97d-d965ccfc6d4b" outcome="Passed" testListId="8c84fa94-04c1-424b-9868-57a2d4851a1d" relativeResultsDirectory="4acd10f8-4518-429f-a046-1dc821b4384b" />
    <UnitTestResult executionId="f0a90044-0b0e-4bc5-920b-dc304e9bb62f" testId="c8c8c482-3662-3a70-a2ff-e4dbea2300e5" testName="Carlton.Base.Components.Test.TableHeaderComponentTests.TableHeader_Markup_RendersCorrectly" computerName="DESKTOP-HE04GST" duration="00:00:00.0271310" startTime="2023-04-30T09:40:42.6525506-04:00" endTime="2023-04-30T09:40:42.6525507-04:00" testType="13cdc9d9-ddb5-4fa4-a97d-d965ccfc6d4b" outcome="Failed" testListId="8c84fa94-04c1-424b-9868-57a2d4851a1d" relativeResultsDirectory="f0a90044-0b0e-4bc5-920b-dc304e9bb62f">
      <Output>
        <ErrorInfo>
          <Message>Bunit.HtmlEqualException : HTML comparison failed. &#xD;
&#xD;
The following errors were found:&#xD;
  1: The values of the attributes at div(0)[class] are different.&#xD;
  2: The value of the attribute div(0) &gt; div(3)[class] and actual attribute div(0) &gt; div(0)[class] are different.&#xD;
  3: The value of the attribute div(0) &gt; div(3) &gt; span(1)[class] and actual attribute div(0) &gt; div(0) &gt; span(0)[class] are different.&#xD;
  4: The element at div(0) &gt; div(3) &gt; span(3) is missing.&#xD;
  5: The element at div(0) &gt; span(1) is missing.&#xD;
  6: The element at div(2) is missing.&#xD;
  7: The element at div(4) is missing.&#xD;
  8: The text at div(0) &gt; div(0) &gt; span(0) &gt; #text(0) was not expected.&#xD;
  9: The element at div(0) &gt; div(0) &gt; div(2) was not expected.&#xD;
  10: The element at div(0) &gt; div(1) was not expected.&#xD;
  11: The element at div(0) &gt; div(2) was not expected.&#xD;
&#xD;
Actual HTML: &#xD;
&lt;div class="table-header-row" &gt;&#xD;
  &lt;div class="header-row-item row-item ascending heading-0"  &gt;&#xD;
    &lt;span class="heading-text" &gt;ID&lt;/span&gt;&#xD;
    &lt;div class="sort-arrows" &gt;&#xD;
      &lt;span class="arrow-ascending mdi mdi-arrow-up" &gt;&lt;/span&gt;&#xD;
      &lt;span class="arrow-descending mdi mdi-arrow-down" &gt;&lt;/span&gt;&#xD;
    &lt;/div&gt;&#xD;
  &lt;/div&gt;&#xD;
  &lt;div class="header-row-item row-item ascending heading-1"  &gt;&#xD;
    &lt;span class="heading-text" &gt;DisplayName&lt;/span&gt;&#xD;
    &lt;div class="sort-arrows" &gt;&#xD;
      &lt;span class="arrow-ascending mdi mdi-arrow-up" &gt;&lt;/span&gt;&#xD;
      &lt;span class="arrow-descending mdi mdi-arrow-down" &gt;&lt;/span&gt;&#xD;
    &lt;/div&gt;&#xD;
  &lt;/div&gt;&#xD;
  &lt;div class="header-row-item row-item ascending heading-2"  &gt;&#xD;
    &lt;span class="heading-text" &gt;CreatedDate&lt;/span&gt;&#xD;
    &lt;div class="sort-arrows" &gt;&#xD;
      &lt;span class="arrow-ascending mdi mdi-arrow-up" &gt;&lt;/span&gt;&#xD;
      &lt;span class="arrow-descending mdi mdi-arrow-down" &gt;&lt;/span&gt;&#xD;
    &lt;/div&gt;&#xD;
  &lt;/div&gt;&#xD;
&lt;/div&gt;&#xD;
&#xD;
Expected HTML: &#xD;
&lt;div class="header-row-item row-item ascending"  &gt;&#xD;
  &lt;span class="heading-text" &gt;ID&lt;/span&gt;&#xD;
  &lt;div class="sort-arrows" &gt;&#xD;
    &lt;span class="arrow-ascending mdi mdi-arrow-up" &gt;&lt;/span&gt;&#xD;
    &lt;span class="arrow-descending mdi mdi-arrow-down" &gt;&lt;/span&gt;&#xD;
  &lt;/div&gt;&#xD;
&lt;/div&gt;&#xD;
&lt;div class="header-row-item row-item ascending"  &gt;&#xD;
  &lt;span class="heading-text" &gt;DisplayName&lt;/span&gt;&#xD;
  &lt;div class="sort-arrows" &gt;&#xD;
    &lt;span class="arrow-ascending mdi mdi-arrow-up" &gt;&lt;/span&gt;&#xD;
    &lt;span class="arrow-descending mdi mdi-arrow-down" &gt;&lt;/span&gt;&#xD;
  &lt;/div&gt;&#xD;
&lt;/div&gt;&#xD;
&lt;div class="header-row-item row-item ascending"  &gt;&#xD;
  &lt;span class="heading-text" &gt;CreatedDate&lt;/span&gt;&#xD;
  &lt;div class="sort-arrows" &gt;&#xD;
    &lt;span class="arrow-ascending mdi mdi-arrow-up" &gt;&lt;/span&gt;&#xD;
    &lt;span class="arrow-descending mdi mdi-arrow-down" &gt;&lt;/span&gt;&#xD;
  &lt;/div&gt;&#xD;
&lt;/div&gt;&#xD;
</Message>
          <StackTrace>   at Bunit.MarkupMatchesAssertExtensions.MarkupMatches(INodeList actual, INodeList expected, String userMessage) in /_/src/bunit.web/Asserting/MarkupMatchesAssertExtensions.cs:line 237&#xD;
   at Bunit.MarkupMatchesAssertExtensions.MarkupMatches(IRenderedFragment actual, String expected, String userMessage) in /_/src/bunit.web/Asserting/MarkupMatchesAssertExtensions.cs:line 113&#xD;
   at Carlton.Base.Components.Test.TableHeaderComponentTests.TableHeader_Markup_RendersCorrectly() in C:\Users\nicho\source\repos\NickGalazzo\Carlton.Base\src\Tests\Carlton.Base.Components.Test\Table\TableHeaderComponentTests.cs:line 16&#xD;
   at System.RuntimeMethodHandle.InvokeMethod(Object target, Void** arguments, Signature sig, Boolean isConstructor)&#xD;
   at System.Reflection.MethodInvoker.Invoke(Object obj, IntPtr* args, BindingFlags invokeAttr)</StackTrace>
        </ErrorInfo>
      </Output>
    </UnitTestResult>
    <UnitTestResult executionId="4785b24b-700a-4091-8873-77822b45074a" testId="171104a2-6a51-5fc9-7ed0-45112a1bc210" testName="Carlton.Base.Components.Test.MobileTabBarComponentTests.MobileTabBar_ActiveTab_RendersCorrectly(activeTabIndex: 2, expectedText: &quot;&lt;span&gt;This is the third tab&lt;/span&gt;&quot;)" computerName="DESKTOP-HE04GST" duration="00:00:00.0107075" startTime="2023-04-30T09:40:42.5780585-04:00" endTime="2023-04-30T09:40:42.5780586-04:00" testType="13cdc9d9-ddb5-4fa4-a97d-d965ccfc6d4b" outcome="Passed" testListId="8c84fa94-04c1-424b-9868-57a2d4851a1d" relativeResultsDirectory="4785b24b-700a-4091-8873-77822b45074a" />
    <UnitTestResult executionId="16c494b9-a420-41bb-ad48-8f7619d0273a" testId="4c3c8efe-8bf5-8a38-a5a0-de9721f93478" testName="Carlton.Base.Components.Test.TableHeaderComponentTests.TableHeader_OnClick_SelectedClass_RendersCorrectly(selectedIndex: 1)" computerName="DESKTOP-HE04GST" duration="00:00:00.0032670" startTime="2023-04-30T09:40:42.5886704-04:00" endTime="2023-04-30T09:40:42.5886705-04:00" testType="13cdc9d9-ddb5-4fa4-a97d-d965ccfc6d4b" outcome="Passed" testListId="8c84fa94-04c1-424b-9868-57a2d4851a1d" relativeResultsDirectory="16c494b9-a420-41bb-ad48-8f7619d0273a" />
    <UnitTestResult executionId="05375b34-c1ff-440b-af7f-ad6ab62842c9" testId="efc4d7a7-1c02-52fb-6651-83720e62b6e4" testName="Carlton.Base.Components.Test.SlideTabComponentTests.SlideTab_ContentParam_RendersCorrectly(expectedContent: &quot;&lt;div class=\&quot;test-content\&quot;&gt;Here is some test cont&quot;...)" computerName="DESKTOP-HE04GST" duration="00:00:00.0115047" startTime="2023-04-30T09:40:42.2707302-04:00" endTime="2023-04-30T09:40:42.2707303-04:00" testType="13cdc9d9-ddb5-4fa4-a97d-d965ccfc6d4b" outcome="Passed" testListId="8c84fa94-04c1-424b-9868-57a2d4851a1d" relativeResultsDirectory="05375b34-c1ff-440b-af7f-ad6ab62842c9" />
    <UnitTestResult executionId="2dbae7c0-7e6e-4c15-b5c0-e2163aa66ae4" testId="04a5b1b1-3a10-f4f6-371a-04cf46ac4cb9" testName="Carlton.Base.Components.Test.TableComponentTests.Table_RowTemplateParam_RendersCorrectly(rowTemplate: &quot;&lt;div class=\&quot;test-row\&quot;&gt;&lt;span&gt;Template {0}{1}{2}&lt;/&quot;...)" computerName="DESKTOP-HE04GST" duration="00:00:00.0054227" startTime="2023-04-30T09:40:42.6816134-04:00" endTime="2023-04-30T09:40:42.6816135-04:00" testType="13cdc9d9-ddb5-4fa4-a97d-d965ccfc6d4b" outcome="Passed" testListId="8c84fa94-04c1-424b-9868-57a2d4851a1d" relativeResultsDirectory="2dbae7c0-7e6e-4c15-b5c0-e2163aa66ae4" />
    <UnitTestResult executionId="6cf69f8d-1c9d-402a-9182-2e6c2f9d1d6c" testId="eb6b2198-722f-088a-171f-b415baf59577" testName="Carlton.Base.Components.Test.CardComponentTests.Card_CardTitleParam_RendersCorrectly(expectedTitle: &quot;Test Title 2&quot;)" computerName="DESKTOP-HE04GST" duration="00:00:00.0037441" startTime="2023-04-30T09:40:42.5788709-04:00" endTime="2023-04-30T09:40:42.5788710-04:00" testType="13cdc9d9-ddb5-4fa4-a97d-d965ccfc6d4b" outcome="Passed" testListId="8c84fa94-04c1-424b-9868-57a2d4851a1d" relativeResultsDirectory="6cf69f8d-1c9d-402a-9182-2e6c2f9d1d6c" />
    <UnitTestResult executionId="da1521ed-7c9e-4ee0-be0e-1d75ac393e25" testId="27c9336c-a4d2-4e4d-c59e-e21a07c10051" testName="Carlton.Base.Components.Test.AccordionSelectComponentTests.AccordionSelect_SelectedValueParam_RendersCorrectly(selectedIndex: 0, selectedValue: 1)" computerName="DESKTOP-HE04GST" duration="00:00:00.0036966" startTime="2023-04-30T09:40:42.5847419-04:00" endTime="2023-04-30T09:40:42.5847420-04:00" testType="13cdc9d9-ddb5-4fa4-a97d-d965ccfc6d4b" outcome="Passed" testListId="8c84fa94-04c1-424b-9868-57a2d4851a1d" relativeResultsDirectory="da1521ed-7c9e-4ee0-be0e-1d75ac393e25" />
    <UnitTestResult executionId="092d61f8-c080-4b26-827c-870f34c8a975" testId="013178ef-4151-7a51-327b-76cb79a76da0" testName="Carlton.Base.Components.Test.MobileTabBarComponentTests.MobileTabBar_ShowDisplayIconParam_RendersCorrectly(showDisplayIcon: True)" computerName="DESKTOP-HE04GST" duration="00:00:00.0035248" startTime="2023-04-30T09:40:42.5799182-04:00" endTime="2023-04-30T09:40:42.5799183-04:00" testType="13cdc9d9-ddb5-4fa4-a97d-d965ccfc6d4b" outcome="Passed" testListId="8c84fa94-04c1-424b-9868-57a2d4851a1d" relativeResultsDirectory="092d61f8-c080-4b26-827c-870f34c8a975" />
    <UnitTestResult executionId="bb0a0a12-bd3c-4efd-87b2-2751e6dbd990" testId="fda40231-7dc9-df35-a4fe-7ec3807fa0c9" testName="Carlton.Base.Components.Test.DropDownMenuComponentTests.DropDownMenuElement_HeaderTemplateParam_RendersCorrectly(headerTemplate: &quot;&lt;span&gt;More Testing Header&lt;/span&gt;&quot;)" computerName="DESKTOP-HE04GST" duration="00:00:00.0040199" startTime="2023-04-30T09:40:42.4216283-04:00" endTime="2023-04-30T09:40:42.4216285-04:00" testType="13cdc9d9-ddb5-4fa4-a97d-d965ccfc6d4b" outcome="Passed" testListId="8c84fa94-04c1-424b-9868-57a2d4851a1d" relativeResultsDirectory="bb0a0a12-bd3c-4efd-87b2-2751e6dbd990" />
    <UnitTestResult executionId="ac150d03-87a4-4adb-8523-6fbf280c93a1" testId="85b3cc95-910c-ccf8-fa6c-207ac76f89b7" testName="Carlton.Base.Components.Test.AccordionSelectComponentTests.AccordionSelect_SelectedItemChangedParam_FiresCallback(itemIndex: 2, expectedValue: 3)" computerName="DESKTOP-HE04GST" duration="00:00:00.0182263" startTime="2023-04-30T09:40:42.5837743-04:00" endTime="2023-04-30T09:40:42.5837744-04:00" testType="13cdc9d9-ddb5-4fa4-a97d-d965ccfc6d4b" outcome="Passed" testListId="8c84fa94-04c1-424b-9868-57a2d4851a1d" relativeResultsDirectory="ac150d03-87a4-4adb-8523-6fbf280c93a1" />
    <UnitTestResult executionId="a767fd38-dae6-439d-bb83-a143fd65fce7" testId="14a241c6-a958-4260-ba4e-654c705d25f8" testName="Carlton.Base.Components.Test.CardComponentTests.Card_CardTitleParam_RendersCorrectly(expectedTitle: &quot;Test Title 3&quot;)" computerName="DESKTOP-HE04GST" duration="00:00:00.0016223" startTime="2023-04-30T09:40:42.5799784-04:00" endTime="2023-04-30T09:40:42.5799784-04:00" testType="13cdc9d9-ddb5-4fa4-a97d-d965ccfc6d4b" outcome="Passed" testListId="8c84fa94-04c1-424b-9868-57a2d4851a1d" relativeResultsDirectory="a767fd38-dae6-439d-bb83-a143fd65fce7" />
    <UnitTestResult executionId="020c6368-3834-4d35-847a-dbb03f520953" testId="cb827e29-70c8-5330-47ce-9981d0ba2876" testName="Carlton.Base.Components.Test.DropDownMenuComponentTests.DropDownMenuElement_HeaderTemplateParam_RendersCorrectly(headerTemplate: &quot;&lt;span&gt;Event Testing Header&lt;/span&gt;&quot;)" computerName="DESKTOP-HE04GST" duration="00:00:00.0022729" startTime="2023-04-30T09:40:42.4316541-04:00" endTime="2023-04-30T09:40:42.4316546-04:00" testType="13cdc9d9-ddb5-4fa4-a97d-d965ccfc6d4b" outcome="Passed" testListId="8c84fa94-04c1-424b-9868-57a2d4851a1d" relativeResultsDirectory="020c6368-3834-4d35-847a-dbb03f520953" />
    <UnitTestResult executionId="ca64a840-47be-4b36-84d8-de27acf3519c" testId="5c0ec28d-c5d9-3f0b-b666-ef73fc816bf9" testName="Carlton.Base.Components.Test.SelectComponentTests.Select_SelectedValueParam_RendersCorrectly(selectedValue: 3, expectedLabel: &quot;Option 3&quot;)" computerName="DESKTOP-HE04GST" duration="00:00:00.0035030" startTime="2023-04-30T09:40:42.2752293-04:00" endTime="2023-04-30T09:40:42.2752294-04:00" testType="13cdc9d9-ddb5-4fa4-a97d-d965ccfc6d4b" outcome="Passed" testListId="8c84fa94-04c1-424b-9868-57a2d4851a1d" relativeResultsDirectory="ca64a840-47be-4b36-84d8-de27acf3519c" />
    <UnitTestResult executionId="5781d3c3-1ca2-499b-a9d2-9a8c3b88db58" testId="925a0f7a-d69c-5d5e-e82e-3f410ec45cc2" testName="Carlton.Base.Components.Test.AccordionSelectGroupComponentTests.AccordionSelectGroup_SelectedItemParam_shouldRenderCorrectly(groupIndex: 0, itemIndex: 1, itemValue: 2)" computerName="DESKTOP-HE04GST" duration="00:00:00.0021354" startTime="2023-04-30T09:40:42.4387444-04:00" endTime="2023-04-30T09:40:42.4387446-04:00" testType="13cdc9d9-ddb5-4fa4-a97d-d965ccfc6d4b" outcome="Passed" testListId="8c84fa94-04c1-424b-9868-57a2d4851a1d" relativeResultsDirectory="5781d3c3-1ca2-499b-a9d2-9a8c3b88db58" />
    <UnitTestResult executionId="7e16dd1c-6134-4acd-828e-6347baaed459" testId="691771b2-9881-2584-0382-8b2d381324cf" testName="Carlton.Base.Components.Test.NotificationBarComponentTests.NotificationBar_FadeOutEnabledParam_RendersCorrectly(fadeOutEnabled: True, notificationClass: &quot;error-btn&quot;)" computerName="DESKTOP-HE04GST" duration="00:00:00.0020678" startTime="2023-04-30T09:40:42.3745061-04:00" endTime="2023-04-30T09:40:42.3745062-04:00" testType="13cdc9d9-ddb5-4fa4-a97d-d965ccfc6d4b" outcome="Passed" testListId="8c84fa94-04c1-424b-9868-57a2d4851a1d" relativeResultsDirectory="7e16dd1c-6134-4acd-828e-6347baaed459" />
    <UnitTestResult executionId="a4c7f755-5703-4680-97ae-2327e1a86e89" testId="801f7583-d760-3b33-e730-154e30024100" testName="Carlton.Base.Components.Test.DropDownMenuElementComponentTests.DropDownMenuElement_MenuItemIconParam_RendersCorrectly(icon: &quot;icon-1&quot;)" computerName="DESKTOP-HE04GST" duration="00:00:00.0017182" startTime="2023-04-30T09:40:42.2667953-04:00" endTime="2023-04-30T09:40:42.2667955-04:00" testType="13cdc9d9-ddb5-4fa4-a97d-d965ccfc6d4b" outcome="Passed" testListId="8c84fa94-04c1-424b-9868-57a2d4851a1d" relativeResultsDirectory="a4c7f755-5703-4680-97ae-2327e1a86e89" />
    <UnitTestResult executionId="71861e16-7f98-48b6-832a-105683d6e2a7" testId="36dc42a7-cee0-b1cc-d552-729ae37edab5" testName="Carlton.Base.Components.Test.DropDownMenuComponentTests.DropDownMenuElement_HeaderTemplateParam_RendersCorrectly(headerTemplate: &quot;&lt;span&gt;Testing Header&lt;/span&gt;&quot;)" computerName="DESKTOP-HE04GST" duration="00:00:00.0089334" startTime="2023-04-30T09:40:42.4376752-04:00" endTime="2023-04-30T09:40:42.4376753-04:00" testType="13cdc9d9-ddb5-4fa4-a97d-d965ccfc6d4b" outcome="Passed" testListId="8c84fa94-04c1-424b-9868-57a2d4851a1d" relativeResultsDirectory="71861e16-7f98-48b6-832a-105683d6e2a7" />
    <UnitTestResult executionId="9ffbfefe-289e-411a-bcea-d5751a3e2dbf" testId="07a792cc-4abe-5fd5-bf96-777500667402" testName="Carlton.Base.Components.Test.TableComponentTests.Table_RowTemplateParam_RendersCorrectly(rowTemplate: &quot;&lt;div class=\&quot;test-row\&quot;&gt;{0}&lt;span class=\&quot;test\&quot;&gt;{1&quot;...)" computerName="DESKTOP-HE04GST" duration="00:00:00.0039733" startTime="2023-04-30T09:40:42.6735496-04:00" endTime="2023-04-30T09:40:42.6735498-04:00" testType="13cdc9d9-ddb5-4fa4-a97d-d965ccfc6d4b" outcome="Passed" testListId="8c84fa94-04c1-424b-9868-57a2d4851a1d" relativeResultsDirectory="9ffbfefe-289e-411a-bcea-d5751a3e2dbf" />
    <UnitTestResult executionId="cea9f284-9bac-4da1-a621-2b6e04494001" testId="70fae74a-dc94-7381-efaa-28b4f51bb46e" testName="Carlton.Base.Components.Test.TablePaginationRowComponentTests.TablePaginationRow_PaginationLabel_RendersCorrectly(currentPage: 3, currentRowsPerPage: 15, expectedText: &quot;1-15 of 15&quot;)" computerName="DESKTOP-HE04GST" duration="00:00:00.0096339" startTime="2023-04-30T09:40:42.5886165-04:00" endTime="2023-04-30T09:40:42.5886166-04:00" testType="13cdc9d9-ddb5-4fa4-a97d-d965ccfc6d4b" outcome="Passed" testListId="8c84fa94-04c1-424b-9868-57a2d4851a1d" relativeResultsDirectory="cea9f284-9bac-4da1-a621-2b6e04494001" />
    <UnitTestResult executionId="482dc1be-c136-4e76-a265-2fbd1db37336" testId="e9940cc3-2ba9-f6c1-ba65-5ffd51114364" testName="Carlton.Base.Components.Test.AccordionSelectComponentTests.AccordionSelect_TitleParam_RendersCorrectly(expectedTitle: &quot;Test 2&quot;)" computerName="DESKTOP-HE04GST" duration="00:00:00.0122621" startTime="2023-04-30T09:40:42.4777739-04:00" endTime="2023-04-30T09:40:42.4777741-04:00" testType="13cdc9d9-ddb5-4fa4-a97d-d965ccfc6d4b" outcome="Passed" testListId="8c84fa94-04c1-424b-9868-57a2d4851a1d" relativeResultsDirectory="482dc1be-c136-4e76-a265-2fbd1db37336" />
    <UnitTestResult executionId="60cadfbb-340f-49ad-977f-a299a5c07138" testId="203ed372-9fa6-a5f4-352d-85cf0a8f907a" testName="Carlton.Base.Components.Test.DropDownMenuElementComponentTests.DropDownMenuElement_MenuItemValueParam_RendersCorrectly(value: 12)" computerName="DESKTOP-HE04GST" duration="00:00:00.0013877" startTime="2023-04-30T09:40:42.2721119-04:00" endTime="2023-04-30T09:40:42.2721120-04:00" testType="13cdc9d9-ddb5-4fa4-a97d-d965ccfc6d4b" outcome="Passed" testListId="8c84fa94-04c1-424b-9868-57a2d4851a1d" relativeResultsDirectory="60cadfbb-340f-49ad-977f-a299a5c07138" />
    <UnitTestResult executionId="997f2e9d-692c-40f8-9c6c-2cc30631a087" testId="732f3f80-7856-cc06-369f-c64790e08623" testName="Carlton.Base.Components.Test.DesktopTabBarComponentTests.DesktopTabBar_ChildDisplayTextParam_RendersCorrectly(displayText: &quot;Display Test One Final Time&quot;)" computerName="DESKTOP-HE04GST" duration="00:00:00.0329931" startTime="2023-04-30T09:40:42.3823760-04:00" endTime="2023-04-30T09:40:42.3823763-04:00" testType="13cdc9d9-ddb5-4fa4-a97d-d965ccfc6d4b" outcome="Passed" testListId="8c84fa94-04c1-424b-9868-57a2d4851a1d" relativeResultsDirectory="997f2e9d-692c-40f8-9c6c-2cc30631a087" />
    <UnitTestResult executionId="5a03c983-3b5d-4cb3-8475-e671619d0c7b" testId="9af5ba7b-1b74-a10f-e959-9d59535dc4af" testName="Carlton.Base.Components.Test.ConsoleComponentTests.Console_OnChangeCallbackParam_FiresCallback(expectedText: &quot;new text&quot;)" computerName="DESKTOP-HE04GST" duration="00:00:00.0016482" startTime="2023-04-30T09:40:42.2694928-04:00" endTime="2023-04-30T09:40:42.2694930-04:00" testType="13cdc9d9-ddb5-4fa4-a97d-d965ccfc6d4b" outcome="Passed" testListId="8c84fa94-04c1-424b-9868-57a2d4851a1d" relativeResultsDirectory="5a03c983-3b5d-4cb3-8475-e671619d0c7b" />
    <UnitTestResult executionId="14acd71e-bdfc-40bd-b52b-8b9cef0e1cef" testId="ff0bfe74-b31b-0e59-a674-0e59b86a9932" testName="Carlton.Base.Components.Test.TableComponentTests.Table_OnClickOnce_FiltersItemsAsc(expected: (0, System.Collections.ObjectModel.ReadOnlyCollection`1[Carlton.Base.Components.Test.TableTestHelper+TableTestObject]))" computerName="DESKTOP-HE04GST" duration="00:00:00.7371664" startTime="2023-04-30T09:40:42.3386027-04:00" endTime="2023-04-30T09:40:42.3386030-04:00" testType="13cdc9d9-ddb5-4fa4-a97d-d965ccfc6d4b" outcome="Passed" testListId="8c84fa94-04c1-424b-9868-57a2d4851a1d" relativeResultsDirectory="14acd71e-bdfc-40bd-b52b-8b9cef0e1cef" />
    <UnitTestResult executionId="80c61262-4316-447e-9681-f9ad861e8c1e" testId="fc7b79c7-3523-04fd-60af-a22152a3cdb2" testName="Carlton.Base.Components.Test.SelectComponentTests.Select_OptionsParam_OptsCount_RendersCorrectly(opts: [[&quot;Item 1&quot;] = 1])" computerName="DESKTOP-HE04GST" duration="00:00:00.6029672" startTime="2023-04-30T09:40:42.2183205-04:00" endTime="2023-04-30T09:40:42.2183207-04:00" testType="13cdc9d9-ddb5-4fa4-a97d-d965ccfc6d4b" outcome="Passed" testListId="8c84fa94-04c1-424b-9868-57a2d4851a1d" relativeResultsDirectory="80c61262-4316-447e-9681-f9ad861e8c1e" />
    <UnitTestResult executionId="473f375a-fa9d-41aa-a39b-dfa59ea2ff73" testId="17a39795-eace-ebc5-37db-b025bf49f2f8" testName="Carlton.Base.Components.Test.SelectComponentTests.Select_SelectedValueParam_RendersCorrectly(selectedValue: 2, expectedLabel: &quot;Option 2&quot;)" computerName="DESKTOP-HE04GST" duration="00:00:00.0202217" startTime="2023-04-30T09:40:42.2956010-04:00" endTime="2023-04-30T09:40:42.2956014-04:00" testType="13cdc9d9-ddb5-4fa4-a97d-d965ccfc6d4b" outcome="Passed" testListId="8c84fa94-04c1-424b-9868-57a2d4851a1d" relativeResultsDirectory="473f375a-fa9d-41aa-a39b-dfa59ea2ff73" />
    <UnitTestResult executionId="91fb8cc9-61b1-4b5a-9d01-ff541c73ce50" testId="4c624072-3469-3d06-1b6a-9cf723873fdb" testName="Carlton.Base.Components.Test.AccordionSelectGroupComponentTests.AccordionSelectGroup_GroupsParam_RendersCorrectly(groups: [SelectGroup { Name = Group 1, Index = 0, Items = System.Collections.Generic.List`1[Carlton.Base.Components.SelectItem`1[System.Int32]] }, SelectGroup { Name = Group 2, Index = 1, Items = System.Collections.Generic.List`1[Carlton.Base.Components.SelectItem`1[System.Int32]] }, SelectGroup { Name = Group 3, Index = 2, Items = System.Collections.Generic.List`1[Carlton.Base.Components.SelectItem`1[System.Int32]] }])" computerName="DESKTOP-HE04GST" duration="00:00:00.0132006" startTime="2023-04-30T09:40:42.3714024-04:00" endTime="2023-04-30T09:40:42.3714026-04:00" testType="13cdc9d9-ddb5-4fa4-a97d-d965ccfc6d4b" outcome="Passed" testListId="8c84fa94-04c1-424b-9868-57a2d4851a1d" relativeResultsDirectory="91fb8cc9-61b1-4b5a-9d01-ff541c73ce50" />
    <UnitTestResult executionId="1ec8919f-bd29-4c5e-9234-59e65874d376" testId="499a4bba-291d-374f-711c-1097a1a52e0f" testName="Carlton.Base.Components.Test.AccordionSelectComponentTests.AccordionSelect_ItemsParams_RendersCorrectly(items: [SelectItem { Name = Item 1, Index = 0, Value = 1 }, SelectItem { Name = Item 2, Index = 1, Value = 2 }, SelectItem { Name = Item 3, Index = 2, Value = 3 }])" computerName="DESKTOP-HE04GST" duration="00:00:00.0027125" startTime="2023-04-30T09:40:42.6059679-04:00" endTime="2023-04-30T09:40:42.6059681-04:00" testType="13cdc9d9-ddb5-4fa4-a97d-d965ccfc6d4b" outcome="Passed" testListId="8c84fa94-04c1-424b-9868-57a2d4851a1d" relativeResultsDirectory="1ec8919f-bd29-4c5e-9234-59e65874d376" />
    <UnitTestResult executionId="0b4993fa-0055-484e-b0d3-9c57a5c16764" testId="ea8df251-c950-3cc7-7913-16d1bb48ae44" testName="Carlton.Base.Components.Test.TablePaginationRowComponentTests.TablePaginationRow_OnPaginationChangedCallback_FiresEvent(selectedPage: 3, selectedRowsPerPage: 10, expectedPage: 2)" computerName="DESKTOP-HE04GST" duration="00:00:00.0125862" startTime="2023-04-30T09:40:42.5846581-04:00" endTime="2023-04-30T09:40:42.5846583-04:00" testType="13cdc9d9-ddb5-4fa4-a97d-d965ccfc6d4b" outcome="Passed" testListId="8c84fa94-04c1-424b-9868-57a2d4851a1d" relativeResultsDirectory="0b4993fa-0055-484e-b0d3-9c57a5c16764" />
    <UnitTestResult executionId="6618496b-1898-4431-8757-0f5648fd5527" testId="e0fdcb3f-6425-8c09-96d8-e66744e0ac09" testName="Carlton.Base.Components.Test.SlideTabComponentTests.SlideTab_TitleParam_RendersCorrectly(expectedTitle: &quot;One Final Test Title&quot;)" computerName="DESKTOP-HE04GST" duration="00:00:00.0030626" startTime="2023-04-30T09:40:42.2728464-04:00" endTime="2023-04-30T09:40:42.2728466-04:00" testType="13cdc9d9-ddb5-4fa4-a97d-d965ccfc6d4b" outcome="Passed" testListId="8c84fa94-04c1-424b-9868-57a2d4851a1d" relativeResultsDirectory="6618496b-1898-4431-8757-0f5648fd5527" />
    <UnitTestResult executionId="c1a91939-e940-4261-b900-d0485e42f95c" testId="6adfb11f-b707-1c16-4f78-f05186887b40" testName="Carlton.Base.Components.Test.ConsoleComponentTests.Console_IsValidParam_RendersCorrectly(expectedIsValid: False)" computerName="DESKTOP-HE04GST" duration="00:00:00.0078111" startTime="2023-04-30T09:40:42.2613725-04:00" endTime="2023-04-30T09:40:42.2613726-04:00" testType="13cdc9d9-ddb5-4fa4-a97d-d965ccfc6d4b" outcome="Passed" testListId="8c84fa94-04c1-424b-9868-57a2d4851a1d" relativeResultsDirectory="c1a91939-e940-4261-b900-d0485e42f95c" />
    <UnitTestResult executionId="d5a1b85a-45be-4c4a-a312-803c78cc781f" testId="4f8bba3f-ea59-4891-a117-39ddd264c169" testName="Carlton.Base.Components.Test.MobileTabBarComponentTests.MobileTabBar_ShowDisplayTextParam_RendersCorrectly(showDisplayText: False)" computerName="DESKTOP-HE04GST" duration="00:00:00.0151030" startTime="2023-04-30T09:40:42.5627577-04:00" endTime="2023-04-30T09:40:42.5627580-04:00" testType="13cdc9d9-ddb5-4fa4-a97d-d965ccfc6d4b" outcome="Passed" testListId="8c84fa94-04c1-424b-9868-57a2d4851a1d" relativeResultsDirectory="d5a1b85a-45be-4c4a-a312-803c78cc781f" />
    <UnitTestResult executionId="b66e4c43-d421-4165-b550-45b282502a88" testId="674e55d2-559b-2a72-32e8-b5e3b33d3bc0" testName="Carlton.Base.Components.Test.CardComponentTests.Card_HeaderContentChildParam_RendersCorrectly(expectedHeaderContent: &quot;&lt;span&gt;Header Testing Content 1&lt;/span&gt;&quot;)" computerName="DESKTOP-HE04GST" duration="00:00:00.0029260" startTime="2023-04-30T09:40:42.5771060-04:00" endTime="2023-04-30T09:40:42.5771061-04:00" testType="13cdc9d9-ddb5-4fa4-a97d-d965ccfc6d4b" outcome="Passed" testListId="8c84fa94-04c1-424b-9868-57a2d4851a1d" relativeResultsDirectory="b66e4c43-d421-4165-b550-45b282502a88" />
    <UnitTestResult executionId="77e54f3e-510a-4d5e-8887-0392f80da382" testId="eb2000eb-be48-b645-012d-23b04fb855fa" testName="Carlton.Base.Components.Test.SelectComponentTests.Select_SelectedValueParam_RendersCorrectly(selectedValue: 1, expectedLabel: &quot;Option 1&quot;)" computerName="DESKTOP-HE04GST" duration="00:00:00.0020379" startTime="2023-04-30T09:40:42.2978317-04:00" endTime="2023-04-30T09:40:42.2978318-04:00" testType="13cdc9d9-ddb5-4fa4-a97d-d965ccfc6d4b" outcome="Passed" testListId="8c84fa94-04c1-424b-9868-57a2d4851a1d" relativeResultsDirectory="77e54f3e-510a-4d5e-8887-0392f80da382" />
    <UnitTestResult executionId="93fa2c57-fec4-4075-abb8-a833591a5358" testId="a49a766e-c0a2-a4b7-2f15-d1dcccd58d2a" testName="Carlton.Base.Components.Test.ListCardComponentTests.ListCard_HeaderContentChildParam_RendersCorrectly(expectedHeaderContent: &quot;&lt;span&gt;Event More Header Testing Content&lt;/span&gt;&quot;)" computerName="DESKTOP-HE04GST" duration="00:00:00.0025347" startTime="2023-04-30T09:40:42.4573025-04:00" endTime="2023-04-30T09:40:42.4573026-04:00" testType="13cdc9d9-ddb5-4fa4-a97d-d965ccfc6d4b" outcome="Passed" testListId="8c84fa94-04c1-424b-9868-57a2d4851a1d" relativeResultsDirectory="93fa2c57-fec4-4075-abb8-a833591a5358" />
    <UnitTestResult executionId="362981a1-8fc5-4982-a525-985bbd31dd68" testId="d8f0c920-c22a-d3bb-c6d9-8857d2f2f6e8" testName="Carlton.Base.Components.Test.DropDownMenuElementComponentTests.DropDownMenuElement_OnMenuItemSelectedParam_RendersCorrectly(value: 1)" computerName="DESKTOP-HE04GST" duration="00:00:00.0114944" startTime="2023-04-30T09:40:42.2650753-04:00" endTime="2023-04-30T09:40:42.2650755-04:00" testType="13cdc9d9-ddb5-4fa4-a97d-d965ccfc6d4b" outcome="Passed" testListId="8c84fa94-04c1-424b-9868-57a2d4851a1d" relativeResultsDirectory="362981a1-8fc5-4982-a525-985bbd31dd68" />
    <UnitTestResult executionId="baebed57-3f89-4863-9f15-23d944cbf711" testId="7f6a9984-6418-1329-1ddd-ff46325f35f0" testName="Carlton.Base.Components.Test.DesktopTabBarComponentTests.DesktopTabBar_ActiveTabClass_RendersCorrectly(activeTabIndex: 1)" computerName="DESKTOP-HE04GST" duration="00:00:00.0063963" startTime="2023-04-30T09:40:42.4398963-04:00" endTime="2023-04-30T09:40:42.4398965-04:00" testType="13cdc9d9-ddb5-4fa4-a97d-d965ccfc6d4b" outcome="Passed" testListId="8c84fa94-04c1-424b-9868-57a2d4851a1d" relativeResultsDirectory="baebed57-3f89-4863-9f15-23d944cbf711" />
    <UnitTestResult executionId="b3b53bcd-b114-4a6c-a676-0897a163b624" testId="4dface37-f7d5-e179-cda3-11b6fc0ed259" testName="Carlton.Base.Components.Test.NotificationBarComponentTests.NotificationBar_FadeOutEnabledParam_RendersCorrectly(fadeOutEnabled: False, notificationClass: &quot;info-btn&quot;)" computerName="DESKTOP-HE04GST" duration="00:00:00.0100170" startTime="2023-04-30T09:40:42.3716314-04:00" endTime="2023-04-30T09:40:42.3716317-04:00" testType="13cdc9d9-ddb5-4fa4-a97d-d965ccfc6d4b" outcome="Passed" testListId="8c84fa94-04c1-424b-9868-57a2d4851a1d" relativeResultsDirectory="b3b53bcd-b114-4a6c-a676-0897a163b624" />
    <UnitTestResult executionId="f7f1b88d-d2bf-472f-87c6-194fb7453a73" testId="0b97f27c-fe86-c1fc-4ad3-df5b339bb0c0" testName="Carlton.Base.Components.Test.MobileTabBarComponentTests.MobileTabBar_WithThreeTabs_RendersCorrectly" computerName="DESKTOP-HE04GST" duration="00:00:00.0061608" startTime="2023-04-30T09:40:42.5883368-04:00" endTime="2023-04-30T09:40:42.5883371-04:00" testType="13cdc9d9-ddb5-4fa4-a97d-d965ccfc6d4b" outcome="Passed" testListId="8c84fa94-04c1-424b-9868-57a2d4851a1d" relativeResultsDirectory="f7f1b88d-d2bf-472f-87c6-194fb7453a73" />
    <UnitTestResult executionId="df5053ff-8608-43c5-8053-9e7e7832f849" testId="c1fd8e65-8e01-0474-0fff-7d2af4135b46" testName="Carlton.Base.Components.Test.TableComponentTests.Table_ItemsChangedCallback_FiresEvent(currentPage: 2, optIndex: 1, expectedSkip: 10, expectedTake: 10)" computerName="DESKTOP-HE04GST" duration="00:00:00.0146718" startTime="2023-04-30T09:40:42.5780026-04:00" endTime="2023-04-30T09:40:42.5780026-04:00" testType="13cdc9d9-ddb5-4fa4-a97d-d965ccfc6d4b" outcome="Passed" testListId="8c84fa94-04c1-424b-9868-57a2d4851a1d" relativeResultsDirectory="df5053ff-8608-43c5-8053-9e7e7832f849" />
    <UnitTestResult executionId="1e863aa5-9f64-4e6e-9c7c-b9d630487ab1" testId="684d119b-bf29-0359-d6c0-2d83b20138f4" testName="Carlton.Base.Components.Test.TableHeaderComponentTests.TableHeader_OnClick_DescendingClass_RendersCorrectly(selectedIndex: 1)" computerName="DESKTOP-HE04GST" duration="00:00:00.0046664" startTime="2023-04-30T09:40:42.5760698-04:00" endTime="2023-04-30T09:40:42.5760698-04:00" testType="13cdc9d9-ddb5-4fa4-a97d-d965ccfc6d4b" outcome="Passed" testListId="8c84fa94-04c1-424b-9868-57a2d4851a1d" relativeResultsDirectory="1e863aa5-9f64-4e6e-9c7c-b9d630487ab1" />
    <UnitTestResult executionId="d6337143-2ff9-4c94-ac04-ba79e4342335" testId="61e1b106-29d8-ebe9-5280-29055e086c8a" testName="Carlton.Base.Components.Test.TablePaginationRowComponentTests.TablePaginationRow_ItemCountLessThanItemsPerPage_RightChevronsDisabled_RendersCorrectly(itemCount: 2)" computerName="DESKTOP-HE04GST" duration="00:00:00.0059854" startTime="2023-04-30T09:40:42.6583874-04:00" endTime="2023-04-30T09:40:42.6583876-04:00" testType="13cdc9d9-ddb5-4fa4-a97d-d965ccfc6d4b" outcome="Passed" testListId="8c84fa94-04c1-424b-9868-57a2d4851a1d" relativeResultsDirectory="d6337143-2ff9-4c94-ac04-ba79e4342335" />
    <UnitTestResult executionId="3eaefcca-071f-4eb0-b40c-2721222d6918" testId="a32d1ab1-d7c5-d068-d255-020c3716ee13" testName="Carlton.Base.Components.Test.DesktopTabBarComponentTests.DesktopTabBar_ActiveTab_RendersCorrectly(activeTabIndex: 2, expectedText: &quot;&lt;span&gt;This is the third tab&lt;/span&gt;&quot;)" computerName="DESKTOP-HE04GST" duration="00:00:00.0070770" startTime="2023-04-30T09:40:42.4224867-04:00" endTime="2023-04-30T09:40:42.4224868-04:00" testType="13cdc9d9-ddb5-4fa4-a97d-d965ccfc6d4b" outcome="Passed" testListId="8c84fa94-04c1-424b-9868-57a2d4851a1d" relativeResultsDirectory="3eaefcca-071f-4eb0-b40c-2721222d6918" />
    <UnitTestResult executionId="45db20aa-4189-4350-92d8-c282f5e06e11" testId="afc67675-4ede-eedc-88e8-752665cb23e0" testName="Carlton.Base.Components.Test.NotificationBarComponentTests.NotificationBar_Markup_RendersCorrectly" computerName="DESKTOP-HE04GST" duration="00:00:00.0042863" startTime="2023-04-30T09:40:42.4400214-04:00" endTime="2023-04-30T09:40:42.4400216-04:00" testType="13cdc9d9-ddb5-4fa4-a97d-d965ccfc6d4b" outcome="Passed" testListId="8c84fa94-04c1-424b-9868-57a2d4851a1d" relativeResultsDirectory="45db20aa-4189-4350-92d8-c282f5e06e11" />
    <UnitTestResult executionId="52ca7c45-ce40-40e3-9506-ce5d2bd1f99a" testId="d9e12bf2-ab5b-0ec6-1214-606db4380b58" testName="Carlton.Base.Components.Test.TableHeaderComponentTests.TableHeader_ClickHeadersOnceTwice_EventFires(columnIndex: 1, expectedColumnName: &quot;DisplayName&quot;)" computerName="DESKTOP-HE04GST" duration="00:00:00.0031210" startTime="2023-04-30T09:40:42.4785472-04:00" endTime="2023-04-30T09:40:42.4785475-04:00" testType="13cdc9d9-ddb5-4fa4-a97d-d965ccfc6d4b" outcome="Passed" testListId="8c84fa94-04c1-424b-9868-57a2d4851a1d" relativeResultsDirectory="52ca7c45-ce40-40e3-9506-ce5d2bd1f99a" />
    <UnitTestResult executionId="54250054-e357-487e-920c-68c4e9ac17b5" testId="d2c9aff5-47d5-b79a-c0eb-4e831caf7a21" testName="Carlton.Base.Components.Test.TablePaginationRowComponentTests.TablePaginationRow_ItemCountGreaterThanItemsPerPage_RightChevronsEnabled_RendersCorrectly(itemCount: 50)" computerName="DESKTOP-HE04GST" duration="00:00:00.0016562" startTime="2023-04-30T09:40:42.6739191-04:00" endTime="2023-04-30T09:40:42.6739193-04:00" testType="13cdc9d9-ddb5-4fa4-a97d-d965ccfc6d4b" outcome="Passed" testListId="8c84fa94-04c1-424b-9868-57a2d4851a1d" relativeResultsDirectory="54250054-e357-487e-920c-68c4e9ac17b5" />
    <UnitTestResult executionId="4d1d2184-f8ac-42ea-8bc9-bb5abbb117b9" testId="91cab3e6-f6e6-ffd2-a883-2556c43bc8c0" testName="Carlton.Base.Components.Test.NotificationBarComponentTests.NotificationBar_ClickEvent_RendersCorrectly(btnClass: &quot;success-btn&quot;, expectedType: typeof(Carlton.Base.Components.SuccessNotification))" computerName="DESKTOP-HE04GST" duration="00:00:00.0040193" startTime="2023-04-30T09:40:42.4021929-04:00" endTime="2023-04-30T09:40:42.4021932-04:00" testType="13cdc9d9-ddb5-4fa4-a97d-d965ccfc6d4b" outcome="Passed" testListId="8c84fa94-04c1-424b-9868-57a2d4851a1d" relativeResultsDirectory="4d1d2184-f8ac-42ea-8bc9-bb5abbb117b9" />
    <UnitTestResult executionId="08dde473-7d12-4d20-8380-21bcf85a1bfb" testId="e1b6bec7-160e-aa54-3156-206a80de3487" testName="Carlton.Base.Components.Test.BreadCrumbsComponentTests.BreadCrumbs_TitleParam_RendersCorrectly(expectedTitle: &quot;Yet Another Test Title&quot;)" computerName="DESKTOP-HE04GST" duration="00:00:00.0016771" startTime="2023-04-30T09:40:42.3508145-04:00" endTime="2023-04-30T09:40:42.3508146-04:00" testType="13cdc9d9-ddb5-4fa4-a97d-d965ccfc6d4b" outcome="Passed" testListId="8c84fa94-04c1-424b-9868-57a2d4851a1d" relativeResultsDirectory="08dde473-7d12-4d20-8380-21bcf85a1bfb" />
    <UnitTestResult executionId="522264d0-c643-4700-a5d3-9d92b91725fb" testId="fcd25c10-c16d-6e3a-163b-5f53194e3189" testName="Carlton.Base.Components.Test.AccordionSelectComponentTests.AccordionSelect_SelectedValueParam_RendersCorrectly(selectedIndex: 1, selectedValue: 2)" computerName="DESKTOP-HE04GST" duration="00:00:00.0018815" startTime="2023-04-30T09:40:42.5850258-04:00" endTime="2023-04-30T09:40:42.5850259-04:00" testType="13cdc9d9-ddb5-4fa4-a97d-d965ccfc6d4b" outcome="Passed" testListId="8c84fa94-04c1-424b-9868-57a2d4851a1d" relativeResultsDirectory="522264d0-c643-4700-a5d3-9d92b91725fb" />
    <UnitTestResult executionId="08d5fa80-54ff-47bf-8dc8-c8798909f34a" testId="07e3bbd6-7365-4e2d-bb09-fdfd715d2865" testName="Carlton.Base.Components.Test.AccordionSelectComponentTests.AccordionSelect_SelectedValueParamDoesNotExist_RendersCorrectly" computerName="DESKTOP-HE04GST" duration="00:00:00.0113858" startTime="2023-04-30T09:40:42.4981418-04:00" endTime="2023-04-30T09:40:42.4981420-04:00" testType="13cdc9d9-ddb5-4fa4-a97d-d965ccfc6d4b" outcome="Passed" testListId="8c84fa94-04c1-424b-9868-57a2d4851a1d" relativeResultsDirectory="08d5fa80-54ff-47bf-8dc8-c8798909f34a" />
    <UnitTestResult executionId="806aa653-7a26-4a22-bf5e-b3c8b9412418" testId="b076ac6c-261b-164f-31f2-2b1cbc6f2155" testName="Carlton.Base.Components.Test.ListCardComponentTests.ListCard_HeaderContentChildParam_RendersCorrectly(expectedHeaderContent: &quot;&lt;span&gt;Header Testing Content&lt;/span&gt;&quot;)" computerName="DESKTOP-HE04GST" duration="00:00:00.0189132" startTime="2023-04-30T09:40:42.4551420-04:00" endTime="2023-04-30T09:40:42.4551421-04:00" testType="13cdc9d9-ddb5-4fa4-a97d-d965ccfc6d4b" outcome="Passed" testListId="8c84fa94-04c1-424b-9868-57a2d4851a1d" relativeResultsDirectory="806aa653-7a26-4a22-bf5e-b3c8b9412418" />
    <UnitTestResult executionId="b2d3b311-b6ae-44b3-b41f-995c7dc3840a" testId="fc7b79c7-3523-04fd-60af-a22152a3cdb2" testName="Carlton.Base.Components.Test.SelectComponentTests.Select_OptionsParam_OptsCount_RendersCorrectly(opts: [[&quot;Item 1&quot;] = 1, [&quot;Item 2&quot;] = 2])" computerName="DESKTOP-HE04GST" duration="00:00:00.0065224" startTime="2023-04-30T09:40:42.2612308-04:00" endTime="2023-04-30T09:40:42.2612309-04:00" testType="13cdc9d9-ddb5-4fa4-a97d-d965ccfc6d4b" outcome="Passed" testListId="8c84fa94-04c1-424b-9868-57a2d4851a1d" relativeResultsDirectory="b2d3b311-b6ae-44b3-b41f-995c7dc3840a" />
    <UnitTestResult executionId="4facc2ba-2390-49b9-8dd0-9c786b5c820e" testId="73754bc2-b000-9e2a-28d6-b696512a0fa5" testName="Carlton.Base.Components.Test.TablePaginationRowComponentTests.TablePaginationRow_ItemCountLessThanItemsPerPage_RightChevronsDisabled_RendersCorrectly(itemCount: 3)" computerName="DESKTOP-HE04GST" duration="00:00:00.0022887" startTime="2023-04-30T09:40:42.6576082-04:00" endTime="2023-04-30T09:40:42.6576083-04:00" testType="13cdc9d9-ddb5-4fa4-a97d-d965ccfc6d4b" outcome="Passed" testListId="8c84fa94-04c1-424b-9868-57a2d4851a1d" relativeResultsDirectory="4facc2ba-2390-49b9-8dd0-9c786b5c820e" />
    <UnitTestResult executionId="fcfb3760-f550-4aa8-9f21-3c99f46e955c" testId="e0cddd5e-2a45-1288-289d-9ff1fd5e0351" testName="Carlton.Base.Components.Test.DropDownMenuComponentTests.DropDownMenuElement_MenuItemsParams_RendersCorrectly(items: [DropdownMenuItem { MenuItemName = Item 1, Value = 1, MenuIcon = icon-1, AccentColorIndex = 1 }, DropdownMenuItem { MenuItemName = Item 2, Value = 2, MenuIcon = icon-2, AccentColorIndex = 2 }, DropdownMenuItem { MenuItemName = Item 3, Value = 3, MenuIcon = icon-3, AccentColorIndex = 3 }])" computerName="DESKTOP-HE04GST" duration="00:00:00.0021077" startTime="2023-04-30T09:40:42.4174781-04:00" endTime="2023-04-30T09:40:42.4174783-04:00" testType="13cdc9d9-ddb5-4fa4-a97d-d965ccfc6d4b" outcome="Passed" testListId="8c84fa94-04c1-424b-9868-57a2d4851a1d" relativeResultsDirectory="fcfb3760-f550-4aa8-9f21-3c99f46e955c" />
    <UnitTestResult executionId="c5336b91-d07a-4ade-89cb-f08641ed5d9e" testId="1c0c0ede-94cf-1f31-cf90-2475a239bc38" testName="Carlton.Base.Components.Test.TablePaginationRowComponentTests.TablePaginationRow_OnPaginationChangedCallback_FiresEvent(selectedPage: 1, selectedRowsPerPage: 5, expectedPage: 1)" computerName="DESKTOP-HE04GST" duration="00:00:00.0025419" startTime="2023-04-30T09:40:42.5797941-04:00" endTime="2023-04-30T09:40:42.5797942-04:00" testType="13cdc9d9-ddb5-4fa4-a97d-d965ccfc6d4b" outcome="Passed" testListId="8c84fa94-04c1-424b-9868-57a2d4851a1d" relativeResultsDirectory="c5336b91-d07a-4ade-89cb-f08641ed5d9e" />
    <UnitTestResult executionId="33985aa6-5d3b-4a98-8508-48645c8f1710" testId="18569e55-01d3-2cbe-9a47-b7a6b6af48bd" testName="Carlton.Base.Components.Test.ListCardComponentTests.ListCard_ItemsParam_RendersCorrectly(expectedItems: [7])" computerName="DESKTOP-HE04GST" duration="00:00:00.0020958" startTime="2023-04-30T09:40:42.4197904-04:00" endTime="2023-04-30T09:40:42.4197905-04:00" testType="13cdc9d9-ddb5-4fa4-a97d-d965ccfc6d4b" outcome="Passed" testListId="8c84fa94-04c1-424b-9868-57a2d4851a1d" relativeResultsDirectory="33985aa6-5d3b-4a98-8508-48645c8f1710" />
    <UnitTestResult executionId="1c0ca9de-a5d0-495a-b609-618fe578c018" testId="f8e87052-3c31-7772-0006-d96208939871" testName="Carlton.Base.Components.Test.CountCardComponentTests.CountCard_CountParam_RendersCorrectly(count: 30)" computerName="DESKTOP-HE04GST" duration="00:00:00.0096221" startTime="2023-04-30T09:40:42.3576905-04:00" endTime="2023-04-30T09:40:42.3576907-04:00" testType="13cdc9d9-ddb5-4fa4-a97d-d965ccfc6d4b" outcome="Passed" testListId="8c84fa94-04c1-424b-9868-57a2d4851a1d" relativeResultsDirectory="1c0ca9de-a5d0-495a-b609-618fe578c018" />
    <UnitTestResult executionId="c33fe701-a732-4ffb-bee1-cddd7915750f" testId="6c359ed0-fe50-b1fc-9e35-70ec37981b43" testName="Carlton.Base.Components.Test.AccordionSelectComponentTests.AccordionSelect_SelectedValueParam_RendersCorrectly(selectedIndex: 2, selectedValue: 3)" computerName="DESKTOP-HE04GST" duration="00:00:00.0021496" startTime="2023-04-30T09:40:42.5848865-04:00" endTime="2023-04-30T09:40:42.5848866-04:00" testType="13cdc9d9-ddb5-4fa4-a97d-d965ccfc6d4b" outcome="Passed" testListId="8c84fa94-04c1-424b-9868-57a2d4851a1d" relativeResultsDirectory="c33fe701-a732-4ffb-bee1-cddd7915750f" />
    <UnitTestResult executionId="756a27a6-5780-4e2d-bd7b-b2d3179018b9" testId="0afa6e93-21df-6485-679f-9075d24581f2" testName="Carlton.Base.Components.Test.DropDownMenuElementComponentTests.DropDownMenuElement_MenuItemAccentColorIndexParam_RendersCorrectly(accentColorIndex: 2, expectedValue: &quot;accent-color-2&quot;)" computerName="DESKTOP-HE04GST" duration="00:00:00.5994260" startTime="2023-04-30T09:40:42.2183491-04:00" endTime="2023-04-30T09:40:42.2183492-04:00" testType="13cdc9d9-ddb5-4fa4-a97d-d965ccfc6d4b" outcome="Passed" testListId="8c84fa94-04c1-424b-9868-57a2d4851a1d" relativeResultsDirectory="756a27a6-5780-4e2d-bd7b-b2d3179018b9" />
    <UnitTestResult executionId="f2d03bc7-4473-48fa-9c3d-b1c7a69cf2cb" testId="ecc30bc4-46be-bc3d-f1cf-7cf78fe8f2ab" testName="Carlton.Base.Components.Test.TablePaginationRowComponentTests.TablePaginationRow_PaginationLabel_RendersCorrectly(currentPage: 1, currentRowsPerPage: 15, expectedText: &quot;1-15 of 15&quot;)" computerName="DESKTOP-HE04GST" duration="00:00:00.0030228" startTime="2023-04-30T09:40:42.6030088-04:00" endTime="2023-04-30T09:40:42.6030090-04:00" testType="13cdc9d9-ddb5-4fa4-a97d-d965ccfc6d4b" outcome="Passed" testListId="8c84fa94-04c1-424b-9868-57a2d4851a1d" relativeResultsDirectory="f2d03bc7-4473-48fa-9c3d-b1c7a69cf2cb" />
    <UnitTestResult executionId="3e27886b-414a-40c5-b52c-fc2ba147cd67" testId="e012fd6d-d5f7-c5d4-58d5-2f3f9b3d5de3" testName="Carlton.Base.Components.Test.MobileTabBarComponentTests.MobileTabBar_Markup_RendersCorrectly" computerName="DESKTOP-HE04GST" duration="00:00:00.0168222" startTime="2023-04-30T09:40:42.5849511-04:00" endTime="2023-04-30T09:40:42.5849512-04:00" testType="13cdc9d9-ddb5-4fa4-a97d-d965ccfc6d4b" outcome="Passed" testListId="8c84fa94-04c1-424b-9868-57a2d4851a1d" relativeResultsDirectory="3e27886b-414a-40c5-b52c-fc2ba147cd67" />
    <UnitTestResult executionId="ef91cbc3-132d-4629-a0b7-ec994be9d39d" testId="38f24bd1-c5d2-b046-3be4-29128b1c3535" testName="Carlton.Base.Components.Test.ListCardComponentTests.ListCard_CardSubTitleParam_RendersCorrectly(subtitle: &quot;Test Subtitle 3&quot;)" computerName="DESKTOP-HE04GST" duration="00:00:00.0305323" startTime="2023-04-30T09:40:42.3611266-04:00" endTime="2023-04-30T09:40:42.3611267-04:00" testType="13cdc9d9-ddb5-4fa4-a97d-d965ccfc6d4b" outcome="Passed" testListId="8c84fa94-04c1-424b-9868-57a2d4851a1d" relativeResultsDirectory="ef91cbc3-132d-4629-a0b7-ec994be9d39d" />
    <UnitTestResult executionId="d9be6036-d22a-4c7a-a1f8-d53ecb71b116" testId="4ead736c-1e06-7828-c8d6-26a8e046cf24" testName="Carlton.Base.Components.Test.NotificationBarComponentTests.NotificationBar_FadeOutEnabledParam_RendersCorrectly(fadeOutEnabled: True, notificationClass: &quot;info-btn&quot;)" computerName="DESKTOP-HE04GST" duration="00:00:00.0056497" startTime="2023-04-30T09:40:42.3799094-04:00" endTime="2023-04-30T09:40:42.3799095-04:00" testType="13cdc9d9-ddb5-4fa4-a97d-d965ccfc6d4b" outcome="Passed" testListId="8c84fa94-04c1-424b-9868-57a2d4851a1d" relativeResultsDirectory="d9be6036-d22a-4c7a-a1f8-d53ecb71b116" />
    <UnitTestResult executionId="d8756e6e-7ac2-4976-b344-15df13ed3c13" testId="11467e6d-1446-1c33-4c35-953b21f647c3" testName="Carlton.Base.Components.Test.TableHeaderComponentTests.TableHeader_InvalidOrderColumnParam_RendersCorrectly(columnName: &quot;Also Wrong&quot;)" computerName="DESKTOP-HE04GST" duration="00:00:00.0027969" startTime="2023-04-30T09:40:42.5787582-04:00" endTime="2023-04-30T09:40:42.5787582-04:00" testType="13cdc9d9-ddb5-4fa4-a97d-d965ccfc6d4b" outcome="Passed" testListId="8c84fa94-04c1-424b-9868-57a2d4851a1d" relativeResultsDirectory="d8756e6e-7ac2-4976-b344-15df13ed3c13" />
    <UnitTestResult executionId="cbb19351-553f-4a57-99da-7e34d80bcf47" testId="e89c759a-07b6-738f-393f-29d4295989c6" testName="Carlton.Base.Components.Test.AccordionSelectComponentTests.AccordionSelect_TitleParam_RendersCorrectly(expectedTitle: &quot;Test 3&quot;)" computerName="DESKTOP-HE04GST" duration="00:00:00.0020111" startTime="2023-04-30T09:40:42.4798942-04:00" endTime="2023-04-30T09:40:42.4798944-04:00" testType="13cdc9d9-ddb5-4fa4-a97d-d965ccfc6d4b" outcome="Passed" testListId="8c84fa94-04c1-424b-9868-57a2d4851a1d" relativeResultsDirectory="cbb19351-553f-4a57-99da-7e34d80bcf47" />
    <UnitTestResult executionId="2390a22d-bb56-4d46-a6b8-40f737897770" testId="57d71933-573e-2980-1c8e-daf760c7914e" testName="Carlton.Base.Components.Test.DesktopTabBarComponentTests.DesktopTabBar_ChildDisplayTextParam_RendersCorrectly(displayText: &quot;Display Test Again&quot;)" computerName="DESKTOP-HE04GST" duration="00:00:00.0023222" startTime="2023-04-30T09:40:42.3847814-04:00" endTime="2023-04-30T09:40:42.3847816-04:00" testType="13cdc9d9-ddb5-4fa4-a97d-d965ccfc6d4b" outcome="Passed" testListId="8c84fa94-04c1-424b-9868-57a2d4851a1d" relativeResultsDirectory="2390a22d-bb56-4d46-a6b8-40f737897770" />
    <UnitTestResult executionId="3ac99ad3-549f-4f2c-90cc-60b8611861de" testId="1ff3aeae-7a63-fbe9-58e8-019dae187cfb" testName="Carlton.Base.Components.Test.AccordionSelectComponentTests.AccordionSelect_SelectedItemChangedParam_FiresCallback(itemIndex: 1, expectedValue: 2)" computerName="DESKTOP-HE04GST" duration="00:00:00.0195634" startTime="2023-04-30T09:40:42.5798566-04:00" endTime="2023-04-30T09:40:42.5798567-04:00" testType="13cdc9d9-ddb5-4fa4-a97d-d965ccfc6d4b" outcome="Passed" testListId="8c84fa94-04c1-424b-9868-57a2d4851a1d" relativeResultsDirectory="3ac99ad3-549f-4f2c-90cc-60b8611861de" />
    <UnitTestResult executionId="816bdd07-ab9c-4957-8f65-e60da981878e" testId="414a0397-f54b-8531-79ed-4155a6e28bf0" testName="Carlton.Base.Components.Test.DesktopTabBarComponentTests.DesktopTabBar_WithTwoTabs_RendersCorrectly" computerName="DESKTOP-HE04GST" duration="00:00:00.0055738" startTime="2023-04-30T09:40:42.4813946-04:00" endTime="2023-04-30T09:40:42.4813948-04:00" testType="13cdc9d9-ddb5-4fa4-a97d-d965ccfc6d4b" outcome="Passed" testListId="8c84fa94-04c1-424b-9868-57a2d4851a1d" relativeResultsDirectory="816bdd07-ab9c-4957-8f65-e60da981878e" />
    <UnitTestResult executionId="ce516ebc-4c10-4e83-83c2-927d2667bb91" testId="8e78724c-63f5-ec91-5670-cd3a85e04fc8" testName="Carlton.Base.Components.Test.TableHeaderComponentTests.TableHeader_OrderColumnParam_And_OrderDirectionParam_RendersCorrectly(columnName: &quot;DisplayName&quot;, columnIndex: 1, orderAscending: False)" computerName="DESKTOP-HE04GST" duration="00:00:00.0030855" startTime="2023-04-30T09:40:42.4993270-04:00" endTime="2023-04-30T09:40:42.4993272-04:00" testType="13cdc9d9-ddb5-4fa4-a97d-d965ccfc6d4b" outcome="Passed" testListId="8c84fa94-04c1-424b-9868-57a2d4851a1d" relativeResultsDirectory="ce516ebc-4c10-4e83-83c2-927d2667bb91" />
[...]
[xUnit.net 00:00:02.16]           &lt;/div&gt;&#xD;
[xUnit.net 00:00:02.16]         &lt;/div&gt;&#xD;
[xUnit.net 00:00:02.16]         &lt;div class="header-row-item row-item ascending heading-1"  &gt;&#xD;
[xUnit.net 00:00:02.16]           &lt;span class="heading-text" &gt;DisplayName&lt;/span&gt;&#xD;
[xUnit.net 00:00:02.16]           &lt;div class="sort-arrows" &gt;&#xD;
[xUnit.net 00:00:02.16]             &lt;span class="arrow-ascending mdi mdi-arrow-up" &gt;&lt;/span&gt;&#xD;
[xUnit.net 00:00:02.16]             &lt;span class="arrow-descending mdi mdi-arrow-down" &gt;&lt;/span&gt;&#xD;
[xUnit.net 00:00:02.16]           &lt;/div&gt;&#xD;
[xUnit.net 00:00:02.16]         &lt;/div&gt;&#xD;
[xUnit.net 00:00:02.16]         &lt;div class="header-row-item row-item ascending heading-2"  &gt;&#xD;
[xUnit.net 00:00:02.16]           &lt;span class="heading-text" &gt;CreatedDate&lt;/span&gt;&#xD;
[xUnit.net 00:00:02.16]           &lt;div class="sort-arrows" &gt;&#xD;
[xUnit.net 00:00:02.16]             &lt;span class="arrow-ascending mdi mdi-arrow-up" &gt;&lt;/span&gt;&#xD;
[xUnit.net 00:00:02.16]             &lt;span class="arrow-descending mdi mdi-arrow-down" &gt;&lt;/span&gt;&#xD;
[xUnit.net 00:00:02.16]           &lt;/div&gt;&#xD;
[xUnit.net 00:00:02.16]         &lt;/div&gt;&#xD;
[xUnit.net 00:00:02.16]       &lt;/div&gt;&#xD;
[xUnit.net 00:00:02.16]       &#xD;
[xUnit.net 00:00:02.16]       Expected HTML: &#xD;
[xUnit.net 00:00:02.16]       &lt;div class="header-row-item row-item ascending"  &gt;&#xD;
[xUnit.net 00:00:02.16]         &lt;span class="heading-text" &gt;ID&lt;/span&gt;&#xD;
[xUnit.net 00:00:02.16]         &lt;div class="sort-arrows" &gt;&#xD;
[xUnit.net 00:00:02.16]           &lt;span class="arrow-ascending mdi mdi-arrow-up" &gt;&lt;/span&gt;&#xD;
[xUnit.net 00:00:02.16]           &lt;span class="arrow-descending mdi mdi-arrow-down" &gt;&lt;/span&gt;&#xD;
[xUnit.net 00:00:02.16]         &lt;/div&gt;&#xD;
[xUnit.net 00:00:02.16]       &lt;/div&gt;&#xD;
[xUnit.net 00:00:02.16]       &lt;div class="header-row-item row-item ascending"  &gt;&#xD;
[xUnit.net 00:00:02.16]         &lt;span class="heading-text" &gt;DisplayName&lt;/span&gt;&#xD;
[xUnit.net 00:00:02.16]         &lt;div class="sort-arrows" &gt;&#xD;
[xUnit.net 00:00:02.16]           &lt;span class="arrow-ascending mdi mdi-arrow-up" &gt;&lt;/span&gt;&#xD;
[xUnit.net 00:00:02.16]           &lt;span class="arrow-descending mdi mdi-arrow-down" &gt;&lt;/span&gt;&#xD;
[xUnit.net 00:00:02.16]         &lt;/div&gt;&#xD;
[xUnit.net 00:00:02.16]       &lt;/div&gt;&#xD;
[xUnit.net 00:00:02.16]       &lt;div class="header-row-item row-item ascending"  &gt;&#xD;
[xUnit.net 00:00:02.16]         &lt;span class="heading-text" &gt;CreatedDate&lt;/span&gt;&#xD;
[xUnit.net 00:00:02.16]         &lt;div class="sort-arrows" &gt;&#xD;
[xUnit.net 00:00:02.16]           &lt;span class="arrow-ascending mdi mdi-arrow-up" &gt;&lt;/span&gt;&#xD;
[xUnit.net 00:00:02.16]           &lt;span class="arrow-descending mdi mdi-arrow-down" &gt;&lt;/span&gt;&#xD;
[xUnit.net 00:00:02.16]         &lt;/div&gt;&#xD;
[xUnit.net 00:00:02.16]       &lt;/div&gt;&#xD;
[xUnit.net 00:00:02.16]       &#xD;
[xUnit.net 00:00:02.16]       Stack Trace:&#xD;
[xUnit.net 00:00:02.16]         /_/src/bunit.web/Asserting/MarkupMatchesAssertExtensions.cs(237,0): at Bunit.MarkupMatchesAssertExtensions.MarkupMatches(INodeList actual, INodeList expected, String userMessage)&#xD;
[xUnit.net 00:00:02.16]         /_/src/bunit.web/Asserting/MarkupMatchesAssertExtensions.cs(113,0): at Bunit.MarkupMatchesAssertExtensions.MarkupMatches(IRenderedFragment actual, String expected, String userMessage)&#xD;
[xUnit.net 00:00:02.16]         C:\Users\nicho\source\repos\NickGalazzo\Carlton.Base\src\Tests\Carlton.Base.Components.Test\Table\TableHeaderComponentTests.cs(16,0): at Carlton.Base.Components.Test.TableHeaderComponentTests.TableHeader_Markup_RendersCorrectly()&#xD;
[xUnit.net 00:00:02.16]            at System.RuntimeMethodHandle.InvokeMethod(Object target, Void** arguments, Signature sig, Boolean isConstructor)&#xD;
[xUnit.net 00:00:02.16]            at System.Reflection.MethodInvoker.Invoke(Object obj, IntPtr* args, BindingFlags invokeAttr)&#xD;
[xUnit.net 00:00:02.22]       Bunit.HtmlEqualException : HTML comparison failed. &#xD;
[xUnit.net 00:00:02.22]       &#xD;
[xUnit.net 00:00:02.22]       The following errors were found:&#xD;
[xUnit.net 00:00:02.22]         1: The value of the attribute div(0) &gt; div(1) &gt; div(1) &gt; div(1)[class] and actual attribute div(0) &gt; div(0) &gt; div(0) &gt; div(0)[class] are different.&#xD;
[xUnit.net 00:00:02.22]         2: The value of the attribute div(0) &gt; div(1) &gt; div(1) &gt; div(1) &gt; div(3)[class] and actual attribute div(0) &gt; div(0) &gt; div(0) &gt; div(0) &gt; div(0)[class] are different.&#xD;
[xUnit.net 00:00:02.22]         3: The value of the attribute div(0) &gt; div(1) &gt; div(1) &gt; div(1) &gt; div(3) &gt; span(1)[class] and actual attribute div(0) &gt; div(0) &gt; div(0) &gt; div(0) &gt; div(0) &gt; span(0)[class] are different.&#xD;
[xUnit.net 00:00:02.22]         4: The element at div(0) &gt; div(1) &gt; div(1) &gt; div(1) &gt; div(3) &gt; span(3) is missing.&#xD;
[xUnit.net 00:00:02.22]         5: The element at div(0) &gt; div(1) &gt; div(1) &gt; div(1) &gt; span(1) is missing.&#xD;
[xUnit.net 00:00:02.22]         6: The element at div(0) &gt; div(1) &gt; div(1) &gt; div(3) is missing.&#xD;
[xUnit.net 00:00:02.22]         7: The element at div(0) &gt; div(1) &gt; div(1) &gt; div(5) is missing.&#xD;
[xUnit.net 00:00:02.22]         8: The text at div(0) &gt; div(0) &gt; div(0) &gt; div(0) &gt; div(0) &gt; span(0) &gt; #text(0) was not expected.&#xD;
[xUnit.net 00:00:02.22]         9: The element at div(0) &gt; div(0) &gt; div(0) &gt; div(0) &gt; div(0) &gt; div(2) was not expected.&#xD;
[xUnit.net 00:00:02.22]         10: The element at div(0) &gt; div(0) &gt; div(0) &gt; div(0) &gt; div(1) was not expected.&#xD;
[xUnit.net 00:00:02.22]         11: The element at div(0) &gt; div(0) &gt; div(0) &gt; div(0) &gt; div(2) was not expected.&#xD;
[xUnit.net 00:00:02.22]       &#xD;
[xUnit.net 00:00:02.22]       Actual HTML: &#xD;
[xUnit.net 00:00:02.22]       &lt;div class="main-container" &gt;&#xD;
[xUnit.net 00:00:02.22]         &lt;div class="table-container" &gt;&#xD;
[xUnit.net 00:00:02.22]           &lt;div class="header-row table-row" &gt;&#xD;
[xUnit.net 00:00:02.22]             &lt;div class="table-header-row" &gt;&#xD;
[xUnit.net 00:00:02.22]               &lt;div class="header-row-item row-item ascending heading-0"  &gt;&#xD;
[xUnit.net 00:00:02.22]                 &lt;span class="heading-text" &gt;ID&lt;/span&gt;&#xD;
[xUnit.net 00:00:02.22]                 &lt;div class="sort-arrows" &gt;&#xD;
[xUnit.net 00:00:02.22]                   &lt;span class="arrow-ascending mdi mdi-arrow-up" &gt;&lt;/span&gt;&#xD;
[xUnit.net 00:00:02.22]                   &lt;span class="arrow-descending mdi mdi-arrow-down" &gt;&lt;/span&gt;&#xD;
[xUnit.net 00:00:02.22]                 &lt;/div&gt;&#xD;
[xUnit.net 00:00:02.22]               &lt;/div&gt;&#xD;
[xUnit.net 00:00:02.22]               &lt;div class="header-row-item row-item ascending heading-1"  &gt;&#xD;
[xUnit.net 00:00:02.22]                 &lt;span class="heading-text" &gt;DisplayName&lt;/span&gt;&#xD;
[xUnit.net 00:00:02.22]                 &lt;div class="sort-arrows" &gt;&#xD;
[xUnit.net 00:00:02.22]                   &lt;span class="arrow-ascending mdi mdi-arrow-up" &gt;&lt;/span&gt;&#xD;
[xUnit.net 00:00:02.22]                   &lt;span class="arrow-descending mdi mdi-arrow-down" &gt;&lt;/span&gt;&#xD;
[xUnit.net 00:00:02.22]                 &lt;/div&gt;&#xD;
[xUnit.net 00:00:02.22]               &lt;/div&gt;&#xD;
[xUnit.net 00:00:02.22]               &lt;div class="header-row-item row-item ascending heading-2"  &gt;&#xD;
[xUnit.net 00:00:02.22]                 &lt;span class="heading-text" &gt;CreatedDate&lt;/span&gt;&#xD;
[xUnit.net 00:00:02.22]                 &lt;div class="sort-arrows" &gt;&#xD;
[xUnit.net 00:00:02.22]                   &lt;span class="arrow-ascending mdi mdi-arrow-up" &gt;&lt;/span&gt;&#xD;
[xUnit.net 00:00:02.22]                   &lt;span class="arrow-descending mdi mdi-arrow-down" &gt;&lt;/span&gt;&#xD;
[xUnit.net 00:00:02.22]                 &lt;/div&gt;&#xD;
[xUnit.net 00:00:02.22]               &lt;/div&gt;&#xD;
[xUnit.net 00:00:02.22]             &lt;/div&gt;&#xD;
[xUnit.net 00:00:02.22]           &lt;/div&gt;&#xD;
[xUnit.net 00:00:02.22]           &lt;div class="item-row table-row" &gt;&#xD;
[xUnit.net 00:00:02.22]             &lt;div class="test-row"&gt;&#xD;
[xUnit.net 00:00:02.22]               &lt;span&gt;ID:1&lt;/span&gt;&#xD;
[xUnit.net 00:00:02.22]               &lt;span&gt;Display Name:Item A&lt;/span&gt;&#xD;
[xUnit.net 00:00:02.22]               &lt;span&gt;Date:10/9/2023 12:00:00 AM&lt;/span&gt;&#xD;
[xUnit.net 00:00:02.22]             &lt;/div&gt;&#xD;
[xUnit.net 00:00:02.22]           &lt;/div&gt;&#xD;
[xUnit.net 00:00:02.22]           &lt;div class="item-row table-row" &gt;&#xD;
[xUnit.net 00:00:02.22]             &lt;div class="test-row"&gt;&#xD;
[xUnit.net 00:00:02.22]               &lt;span&gt;ID:2&lt;/span&gt;&#xD;
[xUnit.net 00:00:02.22]               &lt;span&gt;Display Name:Item B&lt;/span&gt;&#xD;
[xUnit.net 00:00:02.22]               &lt;span&gt;Date:2/3/2022 12:00:00 AM&lt;/span&gt;&#xD;
[xUnit.net 00:00:02.22]             &lt;/div&gt;&#xD;
[xUnit.net 00:00:02.22]           &lt;/div&gt;&#xD;
[xUnit.net 00:00:02.22]           &lt;div class="item-row table-row" &gt;&#xD;
[xUnit.net 00:00:02.22]             &lt;div class="test-row"&gt;&#xD;
[xUnit.net 00:00:02.22]               &lt;span&gt;ID:3&lt;/span&gt;&#xD;
[xUnit.net 00:00:02.22]               &lt;span&gt;Display Name:Item C&lt;/span&gt;&#xD;
[xUnit.net 00:00:02.22]               &lt;span&gt;Date:5/19/2021 12:00:00 AM&lt;/span&gt;&#xD;
[xUnit.net 00:00:02.22]             &lt;/div&gt;&#xD;
[xUnit.net 00:00:02.22]           &lt;/div&gt;&#xD;
[xUnit.net 00:00:02.22]           &lt;div class="pagination-row table-row" &gt;&#xD;
[xUnit.net 00:00:02.22]             &lt;div class="pagination-row-item" &gt;&#xD;
[xUnit.net 00:00:02.22]               &lt;div class="rows-per-page" &gt;&#xD;
[xUnit.net 00:00:02.22]                 &lt;span class="rows-per-page-label" &gt;Rows Per Page&lt;/span&gt;&#xD;
[xUnit.net 00:00:02.22]                 &lt;div class="select" &gt;&#xD;
[xUnit.net 00:00:02.22]                   &lt;input readonly="" placeholder=" " value="5" &gt;&#xD;
[xUnit.net 00:00:02.22]                   &lt;div class="label" &gt;&lt;/div&gt;&#xD;
[xUnit.net 00:00:02.22]                   &lt;div class="options" &gt;&#xD;
[xUnit.net 00:00:02.22]                     &lt;div class="option"  &gt;5&lt;/div&gt;&#xD;
[xUnit.net 00:00:02.22]                     &lt;div class="option"  &gt;10&lt;/div&gt;&#xD;
[xUnit.net 00:00:02.23]                     &lt;div class="option"  &gt;15&lt;/div&gt;&#xD;
[xUnit.net 00:00:02.23]                   &lt;/div&gt;&#xD;
[xUnit.net 00:00:02.23]                 &lt;/div&gt;&#xD;
[xUnit.net 00:00:02.23]               &lt;/div&gt;&#xD;
[xUnit.net 00:00:02.23]               &lt;div class="page-number" &gt;&#xD;
[xUnit.net 00:00:02.23]                 &lt;span class="pagination-label" &gt;1-3 of 3&lt;/span&gt;&#xD;
[xUnit.net 00:00:02.23]               &lt;/div&gt;&#xD;
[xUnit.net 00:00:02.23]               &lt;div class="page-chevrons" &gt;&#xD;
[xUnit.net 00:00:02.23]                 &lt;span class="mdi mdi-18px mdi-page-first disabled"  &gt;&lt;/span&gt;&#xD;
[xUnit.net 00:00:02.23]                 &lt;span class="mdi mdi-18px mdi-chevron-left disabled"  &gt;&lt;/span&gt;&#xD;
[xUnit.net 00:00:02.23]                 &lt;span class="mdi mdi-18px mdi-chevron-right disabled"  &gt;&lt;/span&gt;&#xD;
[xUnit.net 00:00:02.23]                 &lt;span class="mdi mdi-18px mdi-page-last disabled"  &gt;&lt;/span&gt;&#xD;
[xUnit.net 00:00:02.23]               &lt;/div&gt;&#xD;
[xUnit.net 00:00:02.23]             &lt;/div&gt;&#xD;
[xUnit.net 00:00:02.23]           &lt;/div&gt;&#xD;
[xUnit.net 00:00:02.23]         &lt;/div&gt;&#xD;
[xUnit.net 00:00:02.23]       &lt;/div&gt;&#xD;
[xUnit.net 00:00:02.23]       &#xD;
[xUnit.net 00:00:02.23]       Expected HTML: &#xD;
[xUnit.net 00:00:02.23]       &lt;div class="main-container" &gt;&#xD;
[xUnit.net 00:00:02.23]         &lt;div class="table-container" &gt;&#xD;
[xUnit.net 00:00:02.23]           &lt;div class="header-row table-row" &gt;&#xD;
[xUnit.net 00:00:02.23]             &lt;div class="header-row-item row-item ascending"  &gt;&#xD;
[xUnit.net 00:00:02.23]               &lt;span class="heading-text" &gt;ID&lt;/span&gt;&#xD;
[xUnit.net 00:00:02.23]               &lt;div class="sort-arrows" &gt;&#xD;
[xUnit.net 00:00:02.23]                 &lt;span class="arrow-ascending mdi mdi-arrow-up" &gt;&lt;/span&gt;&#xD;
[xUnit.net 00:00:02.23]                 &lt;span class="arrow-descending mdi mdi-arrow-down" &gt;&lt;/span&gt;&#xD;
[xUnit.net 00:00:02.23]               &lt;/div&gt;&#xD;
[xUnit.net 00:00:02.23]             &lt;/div&gt;&#xD;
[xUnit.net 00:00:02.23]             &lt;div class="header-row-item row-item ascending"  &gt;&#xD;
[xUnit.net 00:00:02.23]               &lt;span class="heading-text" &gt;DisplayName&lt;/span&gt;&#xD;
[xUnit.net 00:00:02.23]               &lt;div class="sort-arrows" &gt;&#xD;
[xUnit.net 00:00:02.23]                 &lt;span class="arrow-ascending mdi mdi-arrow-up" &gt;&lt;/span&gt;&#xD;
[xUnit.net 00:00:02.23]                 &lt;span class="arrow-descending mdi mdi-arrow-down" &gt;&lt;/span&gt;&#xD;
[xUnit.net 00:00:02.23]               &lt;/div&gt;&#xD;
[xUnit.net 00:00:02.23]             &lt;/div&gt;&#xD;
[xUnit.net 00:00:02.23]             &lt;div class="header-row-item row-item ascending"  &gt;&#xD;
[xUnit.net 00:00:02.23]               &lt;span class="heading-text" &gt;CreatedDate&lt;/span&gt;&#xD;
[xUnit.net 00:00:02.23]               &lt;div class="sort-arrows" &gt;&#xD;
[xUnit.net 00:00:02.23]                 &lt;span class="arrow-ascending mdi mdi-arrow-up" &gt;&lt;/span&gt;&#xD;
[xUnit.net 00:00:02.23]                 &lt;span class="arrow-descending mdi mdi-arrow-down" &gt;&lt;/span&gt;&#xD;
[xUnit.net 00:00:02.23]               &lt;/div&gt;&#xD;
[xUnit.net 00:00:02.23]             &lt;/div&gt;&#xD;
[xUnit.net 00:00:02.23]           &lt;/div&gt;&#xD;
[xUnit.net 00:00:02.23]           &lt;div class="item-row table-row" &gt;&#xD;
[xUnit.net 00:00:02.23]             &lt;div class="test-row"&gt;&#xD;
[xUnit.net 00:00:02.23]               &lt;span&gt;ID:1&lt;/span&gt;&#xD;
[xUnit.net 00:00:02.23]               &lt;span&gt;Display Name:Item A&lt;/span&gt;&#xD;
[xUnit.net 00:00:02.23]               &lt;span&gt;Date:10/9/2023 12:00:00 AM&lt;/span&gt;&#xD;
[xUnit.net 00:00:02.23]             &lt;/div&gt;&#xD;
[xUnit.net 00:00:02.23]           &lt;/div&gt;&#xD;
[xUnit.net 00:00:02.23]           &lt;div class="item-row table-row" &gt;&#xD;
[xUnit.net 00:00:02.23]             &lt;div class="test-row"&gt;&#xD;
[xUnit.net 00:00:02.23]               &lt;span&gt;ID:2&lt;/span&gt;&#xD;
[xUnit.net 00:00:02.23]               &lt;span&gt;Display Name:Item B&lt;/span&gt;&#xD;
[xUnit.net 00:00:02.23]               &lt;span&gt;Date:2/3/2022 12:00:00 AM&lt;/span&gt;&#xD;
[xUnit.net 00:00:02.23]             &lt;/div&gt;&#xD;
[xUnit.net 00:00:02.23]           &lt;/div&gt;&#xD;
[xUnit.net 00:00:02.23]           &lt;div class="item-row table-row" &gt;&#xD;
[xUnit.net 00:00:02.23]             &lt;div class="test-row"&gt;&#xD;
[xUnit.net 00:00:02.23]               &lt;span&gt;ID:3&lt;/span&gt;&#xD;
[xUnit.net 00:00:02.23]               &lt;span&gt;Display Name:Item C&lt;/span&gt;&#xD;
[xUnit.net 00:00:02.23]               &lt;span&gt;Date:5/19/2021 12:00:00 AM&lt;/span&gt;&#xD;
[xUnit.net 00:00:02.23]             &lt;/div&gt;&#xD;
[xUnit.net 00:00:02.23]           &lt;/div&gt;&#xD;
[xUnit.net 00:00:02.23]           &lt;div class="pagination-row table-row" &gt;&#xD;
[xUnit.net 00:00:02.23]             &lt;div class="pagination-row-item" &gt;&#xD;
[xUnit.net 00:00:02.23]               &lt;div class="rows-per-page" &gt;&#xD;
[xUnit.net 00:00:02.23]                 &lt;span class="rows-per-page-label" &gt;Rows Per Page&lt;/span&gt;&#xD;
[xUnit.net 00:00:02.23]                 &lt;div class="select" &gt;&#xD;
[xUnit.net 00:00:02.23]                   &lt;input readonly="" placeholder=" " value="5" &gt;&#xD;
[xUnit.net 00:00:02.23]                   &lt;div class="label" &gt;&lt;/div&gt;&#xD;
[xUnit.net 00:00:02.23]                   &lt;div class="options" &gt;&#xD;
[xUnit.net 00:00:02.23]                     &lt;div class="option"  &gt;5&lt;/div&gt;&#xD;
[xUnit.net 00:00:02.23]                     &lt;div class="option"  &gt;10&lt;/div&gt;&#xD;
[xUnit.net 00:00:02.23]                     &lt;div class="option"  &gt;15&lt;/div&gt;&#xD;
[xUnit.net 00:00:02.23]                   &lt;/div&gt;&#xD;
[xUnit.net 00:00:02.23]                 &lt;/div&gt;&#xD;
[xUnit.net 00:00:02.24]               &lt;/div&gt;&#xD;
[xUnit.net 00:00:02.24]               &lt;div class="page-number" &gt;&#xD;
[xUnit.net 00:00:02.24]                 &lt;span class="pagination-label" &gt;1-3 of 3&lt;/span&gt;&#xD;
[xUnit.net 00:00:02.24]               &lt;/div&gt;&#xD;
[xUnit.net 00:00:02.24]               &lt;div class="page-chevrons" &gt;&#xD;
[xUnit.net 00:00:02.24]                 &lt;span class="mdi mdi-18px mdi-page-first disabled"  &gt;&lt;/span&gt;&#xD;
[xUnit.net 00:00:02.24]                 &lt;span class="mdi mdi-18px mdi-chevron-left disabled"  &gt;&lt;/span&gt;&#xD;
[xUnit.net 00:00:02.24]                 &lt;span class="mdi mdi-18px mdi-chevron-right disabled"  &gt;&lt;/span&gt;&#xD;
[xUnit.net 00:00:02.24]                 &lt;span class="mdi mdi-18px mdi-page-last disabled"  &gt;&lt;/span&gt;&#xD;
[xUnit.net 00:00:02.24]               &lt;/div&gt;&#xD;
[xUnit.net 00:00:02.24]             &lt;/div&gt;&#xD;
[xUnit.net 00:00:02.24]           &lt;/div&gt;&#xD;
[xUnit.net 00:00:02.24]         &lt;/div&gt;&#xD;
[xUnit.net 00:00:02.24]       &lt;/div&gt;&#xD;
[xUnit.net 00:00:02.24]       &#xD;
[xUnit.net 00:00:02.24]       Stack Trace:&#xD;
[xUnit.net 00:00:02.24]         /_/src/bunit.web/Asserting/MarkupMatchesAssertExtensions.cs(237,0): at Bunit.MarkupMatchesAssertExtensions.MarkupMatches(INodeList actual, INodeList expected, String userMessage)&#xD;
[xUnit.net 00:00:02.24]         /_/src/bunit.web/Asserting/MarkupMatchesAssertExtensions.cs(113,0): at Bunit.MarkupMatchesAssertExtensions.MarkupMatches(IRenderedFragment actual, String expected, String userMessage)&#xD;
[xUnit.net 00:00:02.24]         C:\Users\nicho\source\repos\NickGalazzo\Carlton.Base\src\Tests\Carlton.Base.Components.Test\Table\TableComponentTests.cs(18,0): at Carlton.Base.Components.Test.TableComponentTests.Table_Markup_RendersCorrectly()&#xD;
[xUnit.net 00:00:02.24]            at System.RuntimeMethodHandle.InvokeMethod(Object target, Void** arguments, Signature sig, Boolean isConstructor)&#xD;
[xUnit.net 00:00:02.24]            at System.Reflection.MethodInvoker.Invoke(Object obj, IntPtr* args, BindingFlags invokeAttr)&#xD;
[xUnit.net 00:00:02.28]   Finished:    Carlton.Base.Components.Test&#xD;
</StdOut>
    </Output>
    <RunInfos>
      <RunInfo computerName="DESKTOP-HE04GST" outcome="Min" timestamp="2023-04-30T09:40:42.6453031-04:00">
        <Text>[xUnit.net 00:00:02.15]     Carlton.Base.Components.Test.TableHeaderComponentTests.TableHeader_Markup_RendersCorrectly [FAIL]</Text>
      </RunInfo>
      <RunInfo computerName="DESKTOP-HE04GST" outcome="Min" timestamp="2023-04-30T09:40:42.7078342-04:00">
        <Text>[xUnit.net 00:00:02.22]     Carlton.Base.Components.Test.TableComponentTests.Table_Markup_RendersCorrectly [FAIL]</Text>
      </RunInfo>
    </RunInfos>
  </ResultSummary>
</TestRun>