<?xml version="1.0" encoding="utf-8"?>
<TestRun id="6a3e5c14-0e7f-45a7-901a-468953ed6672" name="nicho@DESKTOP-HE04GST 2023-05-07 10:58:02" runUser="DESKTOP-HE04GST\nicho" xmlns="http://microsoft.com/schemas/VisualStudio/TeamTest/2010">
  <Times creation="2023-05-07T10:58:02.3106887-04:00" queuing="2023-05-07T10:58:02.3106890-04:00" start="2023-05-07T10:58:00.4158546-04:00" finish="2023-05-07T10:58:02.7536125-04:00" />
  <TestSettings name="default" id="f230e182-4c2b-4b64-a82f-6df508727992">
    <Deployment runDeploymentRoot="nicho_DESKTOP-HE04GST_2023-05-07_10_58_02" />
  </TestSettings>
  <Results>
    <UnitTestResult executionId="e6827623-8c48-4f56-869f-77edd700a767" testId="ac3d64d6-59fc-428c-aae0-b62e3cf29162" testName="ReadOnly Parameter Test(isReadOnly: True)" computerName="DESKTOP-HE04GST" duration="00:00:00.0016052" startTime="2023-05-07T10:58:02.2564906-04:00" endTime="2023-05-07T10:58:02.2564907-04:00" testType="13cdc9d9-ddb5-4fa4-a97d-d965ccfc6d4b" outcome="Passed" testListId="8c84fa94-04c1-424b-9868-57a2d4851a1d" relativeResultsDirectory="e6827623-8c48-4f56-869f-77edd700a767" />
    <UnitTestResult executionId="ec84fbc5-c5e7-45fe-be4c-8739bdd07de6" testId="2233ccff-1d94-df6b-afa2-1cb6b7d0296b" testName="Invalid OrderColumn Parameter Test(columnName: &quot;Wrong&quot;)" computerName="DESKTOP-HE04GST" duration="00:00:00.0023266" startTime="2023-05-07T10:58:02.5062981-04:00" endTime="2023-05-07T10:58:02.5062983-04:00" testType="13cdc9d9-ddb5-4fa4-a97d-d965ccfc6d4b" outcome="Passed" testListId="8c84fa94-04c1-424b-9868-57a2d4851a1d" relativeResultsDirectory="ec84fbc5-c5e7-45fe-be4c-8739bdd07de6" />
    <UnitTestResult executionId="32d28fa1-2231-44cc-bd31-8459a8507631" testId="d861b366-8b7a-507b-a4be-fa0acafd9d18" testName="Count Parameter Test(count: 10)" computerName="DESKTOP-HE04GST" duration="00:00:00.0021245" startTime="2023-05-07T10:58:02.2761520-04:00" endTime="2023-05-07T10:58:02.2761524-04:00" testType="13cdc9d9-ddb5-4fa4-a97d-d965ccfc6d4b" outcome="Passed" testListId="8c84fa94-04c1-424b-9868-57a2d4851a1d" relativeResultsDirectory="32d28fa1-2231-44cc-bd31-8459a8507631" />
    <UnitTestResult executionId="16c10113-213a-45af-8c8e-dc695833c46f" testId="4c624072-3469-3d06-1b6a-9cf723873fdb" testName="Groups Parameter Test(groups: [SelectGroup { Name = Group 1, Index = 0, Items = System.Collections.Generic.List`1[Carlton.Base.Components.SelectItem`1[System.Int32]] }, SelectGroup { Name = Group 2, Index = 1, Items = System.Collections.Generic.List`1[Carlton.Base.Components.SelectItem`1[System.Int32]] }, SelectGroup { Name = Group 3, Index = 2, Items = System.Collections.Generic.List`1[Carlton.Base.Components.SelectItem`1[System.Int32]] }])" computerName="DESKTOP-HE04GST" duration="00:00:00.0021695" startTime="2023-05-07T10:58:02.2562376-04:00" endTime="2023-05-07T10:58:02.2562377-04:00" testType="13cdc9d9-ddb5-4fa4-a97d-d965ccfc6d4b" outcome="Passed" testListId="8c84fa94-04c1-424b-9868-57a2d4851a1d" relativeResultsDirectory="16c10113-213a-45af-8c8e-dc695833c46f" />
    <UnitTestResult executionId="a19e427b-4703-428b-920e-4214fa56990e" testId="4b6514f5-8258-f539-a400-bc0b147a93fc" testName="Two Tabs Test" computerName="DESKTOP-HE04GST" duration="00:00:00.0257519" startTime="2023-05-07T10:58:02.3795002-04:00" endTime="2023-05-07T10:58:02.3795003-04:00" testType="13cdc9d9-ddb5-4fa4-a97d-d965ccfc6d4b" outcome="Passed" testListId="8c84fa94-04c1-424b-9868-57a2d4851a1d" relativeResultsDirectory="a19e427b-4703-428b-920e-4214fa56990e" />
    <UnitTestResult executionId="8060387b-1fb0-4d9c-8d19-7354d6d3a231" testId="285dd188-0677-95b9-bdc8-5f4be2504763" testName="Markup Test" computerName="DESKTOP-HE04GST" duration="00:00:00.0103944" startTime="2023-05-07T10:58:02.4187226-04:00" endTime="2023-05-07T10:58:02.4187227-04:00" testType="13cdc9d9-ddb5-4fa4-a97d-d965ccfc6d4b" outcome="Passed" testListId="8c84fa94-04c1-424b-9868-57a2d4851a1d" relativeResultsDirectory="8060387b-1fb0-4d9c-8d19-7354d6d3a231" />
    <UnitTestResult executionId="a82706c2-41b9-4b69-9c35-2d8eafaebcbc" testId="090a8dd5-7432-938f-38c8-3e25de645fe6" testName="Collapser Click Event Test(isCollapsed: False)" computerName="DESKTOP-HE04GST" duration="00:00:00.0193964" startTime="2023-05-07T10:58:02.2313951-04:00" endTime="2023-05-07T10:58:02.2313953-04:00" testType="13cdc9d9-ddb5-4fa4-a97d-d965ccfc6d4b" outcome="Passed" testListId="8c84fa94-04c1-424b-9868-57a2d4851a1d" relativeResultsDirectory="a82706c2-41b9-4b69-9c35-2d8eafaebcbc" />
    <UnitTestResult executionId="d3c04eb9-6646-449e-9f16-69ff9cb24ecf" testId="2379e7a0-5ee9-5f99-6a52-0d712fc2e781" testName="Disabled Parameter Test(isDisabled: True)" computerName="DESKTOP-HE04GST" duration="00:00:00.0019307" startTime="2023-05-07T10:58:02.2328503-04:00" endTime="2023-05-07T10:58:02.2328504-04:00" testType="13cdc9d9-ddb5-4fa4-a97d-d965ccfc6d4b" outcome="Passed" testListId="8c84fa94-04c1-424b-9868-57a2d4851a1d" relativeResultsDirectory="d3c04eb9-6646-449e-9f16-69ff9cb24ecf" />
    <UnitTestResult executionId="0f71f0f0-5c15-4092-ab5f-02571a8c1245" testId="fcd25c10-c16d-6e3a-163b-5f53194e3189" testName="SelectedValue Parameter Test(selectedIndex: 1, selectedValue: 2)" computerName="DESKTOP-HE04GST" duration="00:00:00.0029363" startTime="2023-05-07T10:58:02.5037169-04:00" endTime="2023-05-07T10:58:02.5037170-04:00" testType="13cdc9d9-ddb5-4fa4-a97d-d965ccfc6d4b" outcome="Passed" testListId="8c84fa94-04c1-424b-9868-57a2d4851a1d" relativeResultsDirectory="0f71f0f0-5c15-4092-ab5f-02571a8c1245" />
    <UnitTestResult executionId="2d0cb07f-41d9-4c4f-8e44-471041ef0f9a" testId="9c40f4b2-e395-94c9-2055-b3813cd48484" testName="Page Greater Than One, Left Chevron Enabled Test(currentPage: 3)" computerName="DESKTOP-HE04GST" duration="00:00:00.0155536" startTime="2023-05-07T10:58:02.3550778-04:00" endTime="2023-05-07T10:58:02.3550780-04:00" testType="13cdc9d9-ddb5-4fa4-a97d-d965ccfc6d4b" outcome="Passed" testListId="8c84fa94-04c1-424b-9868-57a2d4851a1d" relativeResultsDirectory="2d0cb07f-41d9-4c4f-8e44-471041ef0f9a" />
    <UnitTestResult executionId="207d88d4-8e99-4c79-8ea1-a41a3e982e08" testId="af23e599-62ff-bbe1-7224-29d5ec4e87a0" testName="RowsPerPageOpts Parameter Test(opts: [1, 3, 5])" computerName="DESKTOP-HE04GST" duration="00:00:00.0135151" startTime="2023-05-07T10:58:02.3820628-04:00" endTime="2023-05-07T10:58:02.3820630-04:00" testType="13cdc9d9-ddb5-4fa4-a97d-d965ccfc6d4b" outcome="Passed" testListId="8c84fa94-04c1-424b-9868-57a2d4851a1d" relativeResultsDirectory="207d88d4-8e99-4c79-8ea1-a41a3e982e08" />
    <UnitTestResult executionId="6001f880-28e5-4fda-9bd8-8410267d2b83" testId="fc7b79c7-3523-04fd-60af-a22152a3cdb2" testName="Options Parameter Tests(opts: [[&quot;Item 1&quot;] = 1, [&quot;Item 2&quot;] = 2])" computerName="DESKTOP-HE04GST" duration="00:00:00.0036894" startTime="2023-05-07T10:58:02.2291253-04:00" endTime="2023-05-07T10:58:02.2291255-04:00" testType="13cdc9d9-ddb5-4fa4-a97d-d965ccfc6d4b" outcome="Passed" testListId="8c84fa94-04c1-424b-9868-57a2d4851a1d" relativeResultsDirectory="6001f880-28e5-4fda-9bd8-8410267d2b83" />
    <UnitTestResult executionId="b0d4ec8d-316b-44db-9f7e-3606331f0724" testId="01312f82-8178-605f-aae1-26970b526840" testName="Markup Test" computerName="DESKTOP-HE04GST" duration="00:00:00.0351739" startTime="2023-05-07T10:58:02.2402030-04:00" endTime="2023-05-07T10:58:02.2402030-04:00" testType="13cdc9d9-ddb5-4fa4-a97d-d965ccfc6d4b" outcome="Passed" testListId="8c84fa94-04c1-424b-9868-57a2d4851a1d" relativeResultsDirectory="b0d4ec8d-316b-44db-9f7e-3606331f0724" />
    <UnitTestResult executionId="bcd33fec-690f-4c6a-b861-5cb651ab0bf6" testId="a41dcb24-b89d-3f22-c149-d98a0341724c" testName="Headings Parameter Test(headings: [TableHeadingItem { DisplayName = ID, OrderColumn = ID }, TableHeadingItem { DisplayName = DisplayName, OrderColumn = DisplayName }])" computerName="DESKTOP-HE04GST" duration="00:00:00.0014952" startTime="2023-05-07T10:58:02.5619977-04:00" endTime="2023-05-07T10:58:02.5619978-04:00" testType="13cdc9d9-ddb5-4fa4-a97d-d965ccfc6d4b" outcome="Passed" testListId="8c84fa94-04c1-424b-9868-57a2d4851a1d" relativeResultsDirectory="bcd33fec-690f-4c6a-b861-5cb651ab0bf6" />
    <UnitTestResult executionId="f0de736e-cd34-4ed3-94ec-ad2c2a42da56" testId="c8e77cac-6f32-7922-908e-be27d6adb862" testName="Active Tab, Render Test(activeTabIndex: 1, expectedText: &quot;&lt;span&gt;This is the second tab&lt;/span&gt;&quot;)" computerName="DESKTOP-HE04GST" duration="00:00:00.0328006" startTime="2023-05-07T10:58:02.2329501-04:00" endTime="2023-05-07T10:58:02.2329502-04:00" testType="13cdc9d9-ddb5-4fa4-a97d-d965ccfc6d4b" outcome="Passed" testListId="8c84fa94-04c1-424b-9868-57a2d4851a1d" relativeResultsDirectory="f0de736e-cd34-4ed3-94ec-ad2c2a42da56" />
    <UnitTestResult executionId="16b34eb2-58da-42b8-891b-720fb06fed26" testId="62f820de-c617-6809-2846-c9e07a96b1bb" testName="IsChecked Parameter Test(isChecked: True)" computerName="DESKTOP-HE04GST" duration="00:00:00.0017822" startTime="2023-05-07T10:58:02.2534688-04:00" endTime="2023-05-07T10:58:02.2534689-04:00" testType="13cdc9d9-ddb5-4fa4-a97d-d965ccfc6d4b" outcome="Passed" testListId="8c84fa94-04c1-424b-9868-57a2d4851a1d" relativeResultsDirectory="16b34eb2-58da-42b8-891b-720fb06fed26" />
    <UnitTestResult executionId="7e26cb9a-8230-4741-b621-6de9d59419b9" testId="00925146-e6ae-6796-a2a6-310a670c5040" testName="Header Click, CSS Ascending Class Test(selectedIndex: 1)" computerName="DESKTOP-HE04GST" duration="00:00:00.0075237" startTime="2023-05-07T10:58:02.5216797-04:00" endTime="2023-05-07T10:58:02.5216799-04:00" testType="13cdc9d9-ddb5-4fa4-a97d-d965ccfc6d4b" outcome="Passed" testListId="8c84fa94-04c1-424b-9868-57a2d4851a1d" relativeResultsDirectory="7e26cb9a-8230-4741-b621-6de9d59419b9" />
    <UnitTestResult executionId="0ec05ed7-2639-4ac8-858b-426fd182d72f" testId="9af5ba7b-1b74-a10f-e959-9d59535dc4af" testName="OnChangeCallback Parameter Test(expectedText: &quot;new text&quot;)" computerName="DESKTOP-HE04GST" duration="00:00:00.0020919" startTime="2023-05-07T10:58:02.2588108-04:00" endTime="2023-05-07T10:58:02.2588109-04:00" testType="13cdc9d9-ddb5-4fa4-a97d-d965ccfc6d4b" outcome="Passed" testListId="8c84fa94-04c1-424b-9868-57a2d4851a1d" relativeResultsDirectory="0ec05ed7-2639-4ac8-858b-426fd182d72f" />
    <UnitTestResult executionId="0fc3994b-4452-44d2-bcdb-492fca972306" testId="3b7633ea-161f-2116-c52f-52e37a852c76" testName="Page Greater Than One, Left Chevron Enabled Test(currentPage: 2)" computerName="DESKTOP-HE04GST" duration="00:00:00.0056571" startTime="2023-05-07T10:58:02.3259233-04:00" endTime="2023-05-07T10:58:02.3259235-04:00" testType="13cdc9d9-ddb5-4fa4-a97d-d965ccfc6d4b" outcome="Passed" testListId="8c84fa94-04c1-424b-9868-57a2d4851a1d" relativeResultsDirectory="0fc3994b-4452-44d2-bcdb-492fca972306" />
    <UnitTestResult executionId="c1ef994d-83b7-44df-9c29-40a9095533c9" testId="c1c9e98a-00be-5d46-2e89-b28b2ec9151b" testName="Header Click Once, CSS Ascending Class Test(selectedIndex: 1)" computerName="DESKTOP-HE04GST" duration="00:00:00.0059106" startTime="2023-05-07T10:58:02.5878974-04:00" endTime="2023-05-07T10:58:02.5878978-04:00" testType="13cdc9d9-ddb5-4fa4-a97d-d965ccfc6d4b" outcome="Passed" testListId="8c84fa94-04c1-424b-9868-57a2d4851a1d" relativeResultsDirectory="c1ef994d-83b7-44df-9c29-40a9095533c9" />
    <UnitTestResult executionId="755571a3-30a0-4130-8a13-fc14bbd31fac" testId="58fcf6c5-7948-ccaf-aeab-2b9508acda13" testName="Parent Active True, Render Test" computerName="DESKTOP-HE04GST" duration="00:00:00.0107844" startTime="2023-05-07T10:58:02.3120490-04:00" endTime="2023-05-07T10:58:02.3120491-04:00" testType="13cdc9d9-ddb5-4fa4-a97d-d965ccfc6d4b" outcome="Passed" testListId="8c84fa94-04c1-424b-9868-57a2d4851a1d" relativeResultsDirectory="755571a3-30a0-4130-8a13-fc14bbd31fac" />
    <UnitTestResult executionId="c49d8d69-aafb-40bf-9a1e-9bff614f5e97" testId="1d3214d0-58ed-27fe-6283-c0167a9cb4ee" testName="CardTitle Parameter Test(title: &quot;Test Title 1&quot;)" computerName="DESKTOP-HE04GST" duration="00:00:00.0019941" startTime="2023-05-07T10:58:02.3547524-04:00" endTime="2023-05-07T10:58:02.3547525-04:00" testType="13cdc9d9-ddb5-4fa4-a97d-d965ccfc6d4b" outcome="Passed" testListId="8c84fa94-04c1-424b-9868-57a2d4851a1d" relativeResultsDirectory="c49d8d69-aafb-40bf-9a1e-9bff614f5e97" />
    <UnitTestResult executionId="17a5f779-9f4c-4c75-9787-ccee6a7f0ce5" testId="52d24878-db09-1723-cee6-5b4fd5d5342a" testName="Text Parameter Test(expectedText: &quot;here is some more super special test text&quot;)" computerName="DESKTOP-HE04GST" duration="00:00:00.0032746" startTime="2023-05-07T10:58:02.2601666-04:00" endTime="2023-05-07T10:58:02.2601667-04:00" testType="13cdc9d9-ddb5-4fa4-a97d-d965ccfc6d4b" outcome="Passed" testListId="8c84fa94-04c1-424b-9868-57a2d4851a1d" relativeResultsDirectory="17a5f779-9f4c-4c75-9787-ccee6a7f0ce5" />
    <UnitTestResult executionId="dad1ce24-b0da-4888-b18e-68f14f496869" testId="a5583b3d-3f91-3c4f-21d1-42bb4138e6f4" testName="Message Parameter Test(expectedMessage: &quot;Notification Message Test 1&quot;)" computerName="DESKTOP-HE04GST" duration="00:00:00.0015879" startTime="2023-05-07T10:58:02.3534235-04:00" endTime="2023-05-07T10:58:02.3534236-04:00" testType="13cdc9d9-ddb5-4fa4-a97d-d965ccfc6d4b" outcome="Passed" testListId="8c84fa94-04c1-424b-9868-57a2d4851a1d" relativeResultsDirectory="dad1ce24-b0da-4888-b18e-68f14f496869" />
    <UnitTestResult executionId="82572d55-7536-4e9f-99f3-0f0e440112a6" testId="920e4354-fec6-14c2-1380-06b61a0b9ea9" testName="ValueChangedCallback Parameter Test(index: 1)" computerName="DESKTOP-HE04GST" duration="00:00:00.0141328" startTime="2023-05-07T10:58:02.2384798-04:00" endTime="2023-05-07T10:58:02.2384799-04:00" testType="13cdc9d9-ddb5-4fa4-a97d-d965ccfc6d4b" outcome="Passed" testListId="8c84fa94-04c1-424b-9868-57a2d4851a1d" relativeResultsDirectory="82572d55-7536-4e9f-99f3-0f0e440112a6" />
    <UnitTestResult executionId="52297b8b-4a47-472d-b04a-f41299a641b6" testId="d8c8392b-547d-6757-25b2-7211cb87e121" testName="PaginationLabel Parameter Test(currentPage: 1, currentRowsPerPage: 5, expectedText: &quot;1-5 of 15&quot;)" computerName="DESKTOP-HE04GST" duration="00:00:00.0112490" startTime="2023-05-07T10:58:02.2764042-04:00" endTime="2023-05-07T10:58:02.2764044-04:00" testType="13cdc9d9-ddb5-4fa4-a97d-d965ccfc6d4b" outcome="Passed" testListId="8c84fa94-04c1-424b-9868-57a2d4851a1d" relativeResultsDirectory="52297b8b-4a47-472d-b04a-f41299a641b6" />
    <UnitTestResult executionId="81fe5688-3f26-4f75-b6b0-dd1fad3e8d40" testId="aa57a9f5-bc65-b287-a5c7-b36d21c6642f" testName="Markup Test" computerName="DESKTOP-HE04GST" duration="00:00:00.0314488" startTime="2023-05-07T10:58:02.3620265-04:00" endTime="2023-05-07T10:58:02.3620266-04:00" testType="13cdc9d9-ddb5-4fa4-a97d-d965ccfc6d4b" outcome="Passed" testListId="8c84fa94-04c1-424b-9868-57a2d4851a1d" relativeResultsDirectory="81fe5688-3f26-4f75-b6b0-dd1fad3e8d40" />
    <UnitTestResult executionId="a5e972f4-a12d-490d-b9ae-f4557976cd13" testId="e7a23f8f-f15f-1845-f70b-de2f133d8416" testName="Markup Test" computerName="DESKTOP-HE04GST" duration="00:00:00.0034456" startTime="2023-05-07T10:58:02.2532441-04:00" endTime="2023-05-07T10:58:02.2532443-04:00" testType="13cdc9d9-ddb5-4fa4-a97d-d965ccfc6d4b" outcome="Passed" testListId="8c84fa94-04c1-424b-9868-57a2d4851a1d" relativeResultsDirectory="a5e972f4-a12d-490d-b9ae-f4557976cd13" />
    <UnitTestResult executionId="0b1cfc2e-7e6f-45c4-9dde-c9a119940e8e" testId="82fdc03c-6a72-dde8-456a-eaf39698c697" testName="Title Parameter Test(expectedTitle: &quot;Notification Title Test 3&quot;)" computerName="DESKTOP-HE04GST" duration="00:00:00.0017373" startTime="2023-05-07T10:58:02.3602860-04:00" endTime="2023-05-07T10:58:02.3602861-04:00" testType="13cdc9d9-ddb5-4fa4-a97d-d965ccfc6d4b" outcome="Passed" testListId="8c84fa94-04c1-424b-9868-57a2d4851a1d" relativeResultsDirectory="0b1cfc2e-7e6f-45c4-9dde-c9a119940e8e" />
    <UnitTestResult executionId="dd16c65a-633e-4061-b00f-1d1ffa36765f" testId="4408a461-87db-3cee-31e3-ef22beacc86a" testName="TopRight Parameter Test(top: 10, right: 5, expectedResult: &quot;top:10px;right:5px;&quot;)" computerName="DESKTOP-HE04GST" duration="00:00:00.0071284" startTime="2023-05-07T10:58:02.5208794-04:00" endTime="2023-05-07T10:58:02.5208796-04:00" testType="13cdc9d9-ddb5-4fa4-a97d-d965ccfc6d4b" outcome="Passed" testListId="8c84fa94-04c1-424b-9868-57a2d4851a1d" relativeResultsDirectory="dd16c65a-633e-4061-b00f-1d1ffa36765f" />
    <UnitTestResult executionId="1bad9d90-ad3e-4128-8bc0-72f4add02d20" testId="8604af9a-6283-f41c-5895-dcded0b19ca9" testName="Content Parameter Test(expectedContent: &quot;&lt;span class=\&quot;test-content\&quot;&gt;Here is some test con&quot;...)" computerName="DESKTOP-HE04GST" duration="00:00:00.0019532" startTime="2023-05-07T10:58:02.4224319-04:00" endTime="2023-05-07T10:58:02.4224321-04:00" testType="13cdc9d9-ddb5-4fa4-a97d-d965ccfc6d4b" outcome="Passed" testListId="8c84fa94-04c1-424b-9868-57a2d4851a1d" relativeResultsDirectory="1bad9d90-ad3e-4128-8bc0-72f4add02d20" />
    <UnitTestResult executionId="20a120c7-88a0-433c-879b-e6365ce36fb9" testId="e89c759a-07b6-738f-393f-29d4295989c6" testName="Title Parameter Test(expectedTitle: &quot;Test 3&quot;)" computerName="DESKTOP-HE04GST" duration="00:00:00.0084171" startTime="2023-05-07T10:58:02.4495671-04:00" endTime="2023-05-07T10:58:02.4495672-04:00" testType="13cdc9d9-ddb5-4fa4-a97d-d965ccfc6d4b" outcome="Passed" testListId="8c84fa94-04c1-424b-9868-57a2d4851a1d" relativeResultsDirectory="20a120c7-88a0-433c-879b-e6365ce36fb9" />
    <UnitTestResult executionId="4716665e-2353-4638-9154-aff0917a0765" testId="e5e3f589-0b7d-a06d-d06c-19426b0e1ca4" testName="Icon Parameter Test(icon: &quot;icon-3&quot;)" computerName="DESKTOP-HE04GST" duration="00:00:00.0201210" startTime="2023-05-07T10:58:02.3614156-04:00" endTime="2023-05-07T10:58:02.3614157-04:00" testType="13cdc9d9-ddb5-4fa4-a97d-d965ccfc6d4b" outcome="Passed" testListId="8c84fa94-04c1-424b-9868-57a2d4851a1d" relativeResultsDirectory="4716665e-2353-4638-9154-aff0917a0765" />
    <UnitTestResult executionId="d4e8e16e-9f2d-4c9b-9ccd-25373cdbc733" testId="a41dcb24-b89d-3f22-c149-d98a0341724c" testName="Headings Parameter Test(headings: [TableHeadingItem { DisplayName = ID, OrderColumn = ID }, TableHeadingItem { DisplayName = DisplayName, OrderColumn = DisplayName }, TableHeadingItem { DisplayName = CreatedDate, OrderColumn = CreatedDate }])" computerName="DESKTOP-HE04GST" duration="00:00:00.0013787" startTime="2023-05-07T10:58:02.5633941-04:00" endTime="2023-05-07T10:58:02.5633942-04:00" testType="13cdc9d9-ddb5-4fa4-a97d-d965ccfc6d4b" outcome="Passed" testListId="8c84fa94-04c1-424b-9868-57a2d4851a1d" relativeResultsDirectory="d4e8e16e-9f2d-4c9b-9ccd-25373cdbc733" />
    <UnitTestResult executionId="6233b622-c5cb-4c2e-b675-d480f615c834" testId="067218af-67a2-68da-98aa-e9243dbda169" testName="IsExpanded Parameter Test(isExpanded: True, expectedClass: &quot;mdi-minus-box-outline&quot;)" computerName="DESKTOP-HE04GST" duration="00:00:00.0033021" startTime="2023-05-07T10:58:02.4545410-04:00" endTime="2023-05-07T10:58:02.4545412-04:00" testType="13cdc9d9-ddb5-4fa4-a97d-d965ccfc6d4b" outcome="Passed" testListId="8c84fa94-04c1-424b-9868-57a2d4851a1d" relativeResultsDirectory="6233b622-c5cb-4c2e-b675-d480f615c834" />
    <UnitTestResult executionId="ff98b711-f801-45e6-b9a5-560bae71a4a7" testId="aac20a49-8396-283f-b646-be5402a974aa" testName="SelectedItemChanged Callback Parameter Test(itemIndex: 0, expectedValue: 1)" computerName="DESKTOP-HE04GST" duration="00:00:00.0028942" startTime="2023-05-07T10:58:02.4857185-04:00" endTime="2023-05-07T10:58:02.4857187-04:00" testType="13cdc9d9-ddb5-4fa4-a97d-d965ccfc6d4b" outcome="Passed" testListId="8c84fa94-04c1-424b-9868-57a2d4851a1d" relativeResultsDirectory="ff98b711-f801-45e6-b9a5-560bae71a4a7" />
    <UnitTestResult executionId="0357d481-5855-46cd-bc6f-3bf72ddec6b3" testId="e9efa1ee-ef5b-0467-85f1-461dd551b536" testName="Title Parameter Test(expectedTitle: &quot;Test Title 1&quot;)" computerName="DESKTOP-HE04GST" duration="00:00:00.0017005" startTime="2023-05-07T10:58:02.4073292-04:00" endTime="2023-05-07T10:58:02.4073293-04:00" testType="13cdc9d9-ddb5-4fa4-a97d-d965ccfc6d4b" outcome="Passed" testListId="8c84fa94-04c1-424b-9868-57a2d4851a1d" relativeResultsDirectory="0357d481-5855-46cd-bc6f-3bf72ddec6b3" />
    <UnitTestResult executionId="7542c394-fa34-4364-9cb1-a5dc30671b02" testId="6f8d796c-6ca4-169d-1cc8-af66825f8e0b" testName="ActionBarContentChild Parameter Test(expectedActionBarContent: &quot;ActionBar Testing Content 2&quot;)" computerName="DESKTOP-HE04GST" duration="00:00:00.0063614" startTime="2023-05-07T10:58:02.3686304-04:00" endTime="2023-05-07T10:58:02.3686305-04:00" testType="13cdc9d9-ddb5-4fa4-a97d-d965ccfc6d4b" outcome="Passed" testListId="8c84fa94-04c1-424b-9868-57a2d4851a1d" relativeResultsDirectory="7542c394-fa34-4364-9cb1-a5dc30671b02" />
    <UnitTestResult executionId="b4b3a913-d5e2-4d1a-be9e-a69ff22e9c89" testId="801f7583-d760-3b33-e730-154e30024100" testName="MenutItemIcon Parameter Test(icon: &quot;icon-1&quot;)" computerName="DESKTOP-HE04GST" duration="00:00:00.0015502" startTime="2023-05-07T10:58:02.2341454-04:00" endTime="2023-05-07T10:58:02.2341455-04:00" testType="13cdc9d9-ddb5-4fa4-a97d-d965ccfc6d4b" outcome="Passed" testListId="8c84fa94-04c1-424b-9868-57a2d4851a1d" relativeResultsDirectory="b4b3a913-d5e2-4d1a-be9e-a69ff22e9c89" />
    <UnitTestResult executionId="1a75effc-3cb1-4d02-8e1b-d292ede211bc" testId="f53e06b6-7175-ade3-7410-8fb2fdd5371a" testName="Message Parameter Test(expectedMessage: &quot;Notification Message Test 2&quot;)" computerName="DESKTOP-HE04GST" duration="00:00:00.0031820" startTime="2023-05-07T10:58:02.3145463-04:00" endTime="2023-05-07T10:58:02.3145465-04:00" testType="13cdc9d9-ddb5-4fa4-a97d-d965ccfc6d4b" outcome="Passed" testListId="8c84fa94-04c1-424b-9868-57a2d4851a1d" relativeResultsDirectory="1a75effc-3cb1-4d02-8e1b-d292ede211bc" />
    <UnitTestResult executionId="38519539-ee5e-44db-9dae-694f94b556ee" testId="842338a5-fce3-2697-103d-cee95acc7e69" testName="FadeOutEnabled Parameter Test(fadeOutEnabled: True, notificationClass: &quot;warning-btn&quot;)" computerName="DESKTOP-HE04GST" duration="00:00:00.0034510" startTime="2023-05-07T10:58:02.4644470-04:00" endTime="2023-05-07T10:58:02.4644475-04:00" testType="13cdc9d9-ddb5-4fa4-a97d-d965ccfc6d4b" outcome="Passed" testListId="8c84fa94-04c1-424b-9868-57a2d4851a1d" relativeResultsDirectory="38519539-ee5e-44db-9dae-694f94b556ee" />
    <UnitTestResult executionId="6572667a-c2bd-4217-b8ec-747fcb91f3e1" testId="5c88af88-27e1-5531-551d-d096b081bbbb" testName="Notification Bar Multiple Click Test(clickCounts: [1, 2, 3, 4])" computerName="DESKTOP-HE04GST" duration="00:00:00.0346270" startTime="2023-05-07T10:58:02.4539750-04:00" endTime="2023-05-07T10:58:02.4539753-04:00" testType="13cdc9d9-ddb5-4fa4-a97d-d965ccfc6d4b" outcome="Passed" testListId="8c84fa94-04c1-424b-9868-57a2d4851a1d" relativeResultsDirectory="6572667a-c2bd-4217-b8ec-747fcb91f3e1" />
    <UnitTestResult executionId="2c92531f-1c2b-46dc-9e02-300688e97bd0" testId="c4fb013e-c3fa-3f7e-a20f-093fae04a3ce" testName="Style Parameter Test" computerName="DESKTOP-HE04GST" duration="00:00:00.0035648" startTime="2023-05-07T10:58:02.3825700-04:00" endTime="2023-05-07T10:58:02.3825702-04:00" testType="13cdc9d9-ddb5-4fa4-a97d-d965ccfc6d4b" outcome="Passed" testListId="8c84fa94-04c1-424b-9868-57a2d4851a1d" relativeResultsDirectory="2c92531f-1c2b-46dc-9e02-300688e97bd0" />
    <UnitTestResult executionId="8638a05f-4743-4ddd-b3a5-8122396f48f8" testId="e3d58337-cca2-5278-f8eb-4611788d2b5a" testName="Parent Active False, Render Test" computerName="DESKTOP-HE04GST" duration="00:00:00.0158400" startTime="2023-05-07T10:58:02.3531499-04:00" endTime="2023-05-07T10:58:02.3531501-04:00" testType="13cdc9d9-ddb5-4fa4-a97d-d965ccfc6d4b" outcome="Passed" testListId="8c84fa94-04c1-424b-9868-57a2d4851a1d" relativeResultsDirectory="8638a05f-4743-4ddd-b3a5-8122396f48f8" />
    <UnitTestResult executionId="dc0fb067-b0dc-4dd1-b832-9ddf1bdafc69" testId="925a0f7a-d69c-5d5e-e82e-3f410ec45cc2" testName="SelectedItem Parameter Test(groupIndex: 0, itemIndex: 1, itemValue: 2)" computerName="DESKTOP-HE04GST" duration="00:00:00.0029627" startTime="2023-05-07T10:58:02.2900079-04:00" endTime="2023-05-07T10:58:02.2900082-04:00" testType="13cdc9d9-ddb5-4fa4-a97d-d965ccfc6d4b" outcome="Passed" testListId="8c84fa94-04c1-424b-9868-57a2d4851a1d" relativeResultsDirectory="dc0fb067-b0dc-4dd1-b832-9ddf1bdafc69" />
    <UnitTestResult executionId="3bd5638a-2e9d-4c12-b7ed-97441fb77c4e" testId="6a55153b-39b5-d341-62f7-244509958fad" testName="Default Active Tab, CSS Active Class Test(activeTabIndex: 2)" computerName="DESKTOP-HE04GST" duration="00:00:00.0032891" startTime="2023-05-07T10:58:02.2388136-04:00" endTime="2023-05-07T10:58:02.2388137-04:00" testType="13cdc9d9-ddb5-4fa4-a97d-d965ccfc6d4b" outcome="Passed" testListId="8c84fa94-04c1-424b-9868-57a2d4851a1d" relativeResultsDirectory="3bd5638a-2e9d-4c12-b7ed-97441fb77c4e" />
    <UnitTestResult executionId="e34e8177-8e1d-463e-ba24-22480064bf3f" testId="9e655c7d-9475-0067-4c9a-5961a0e0aea6" testName="Header Click Once, CSS Selected Class Test(selectedIndex: 0)" computerName="DESKTOP-HE04GST" duration="00:00:00.0039235" startTime="2023-05-07T10:58:02.5674083-04:00" endTime="2023-05-07T10:58:02.5674085-04:00" testType="13cdc9d9-ddb5-4fa4-a97d-d965ccfc6d4b" outcome="Passed" testListId="8c84fa94-04c1-424b-9868-57a2d4851a1d" relativeResultsDirectory="e34e8177-8e1d-463e-ba24-22480064bf3f" />
    <UnitTestResult executionId="a63d3ec6-59d4-429a-82c9-c249311cc8d3" testId="4f8bba3f-ea59-4891-a117-39ddd264c169" testName="ShowDisplayText Paramter Test(showDisplayText: False)" computerName="DESKTOP-HE04GST" duration="00:00:00.0031407" startTime="2023-05-07T10:58:02.2344252-04:00" endTime="2023-05-07T10:58:02.2344253-04:00" testType="13cdc9d9-ddb5-4fa4-a97d-d965ccfc6d4b" outcome="Passed" testListId="8c84fa94-04c1-424b-9868-57a2d4851a1d" relativeResultsDirectory="a63d3ec6-59d4-429a-82c9-c249311cc8d3" />
    <UnitTestResult executionId="30e294c1-b0a3-4c21-b90e-3239212f04f7" testId="65837e06-a6c7-53d1-fc95-f36b7233b4f8" testName="Markup Test" computerName="DESKTOP-HE04GST" duration="00:00:00.0048836" startTime="2023-05-07T10:58:02.4564791-04:00" endTime="2023-05-07T10:58:02.4564793-04:00" testType="13cdc9d9-ddb5-4fa4-a97d-d965ccfc6d4b" outcome="Passed" testListId="8c84fa94-04c1-424b-9868-57a2d4851a1d" relativeResultsDirectory="30e294c1-b0a3-4c21-b90e-3239212f04f7" />
    <UnitTestResult executionId="2231dc2b-0213-4fbd-ad40-14fc7f6df702" testId="88b02857-31c6-c6a5-e9ec-e82f8eaf3750" testName="Icon Parameter Test(icon: &quot;icon-1&quot;)" computerName="DESKTOP-HE04GST" duration="00:00:00.0056186" startTime="2023-05-07T10:58:02.3618427-04:00" endTime="2023-05-07T10:58:02.3618428-04:00" testType="13cdc9d9-ddb5-4fa4-a97d-d965ccfc6d4b" outcome="Passed" testListId="8c84fa94-04c1-424b-9868-57a2d4851a1d" relativeResultsDirectory="2231dc2b-0213-4fbd-ad40-14fc7f6df702" />
    <UnitTestResult executionId="590b88a6-40ac-4019-af95-2d62e7447b4b" testId="4c0edeb2-cccc-45bf-c1ff-0ee97ac8aab7" testName="Default Active Tab, CSS Active Class Test(activeTabIndex: 1)" computerName="DESKTOP-HE04GST" duration="00:00:00.0145506" startTime="2023-05-07T10:58:02.2294131-04:00" endTime="2023-05-07T10:58:02.2294132-04:00" testType="13cdc9d9-ddb5-4fa4-a97d-d965ccfc6d4b" outcome="Passed" testListId="8c84fa94-04c1-424b-9868-57a2d4851a1d" relativeResultsDirectory="590b88a6-40ac-4019-af95-2d62e7447b4b" />
    <UnitTestResult executionId="65bcf089-3a58-41c7-91e1-460a31b0708a" testId="e9eb0071-7c11-ea6a-d23e-514dfad8a621" testName="Default Active Tab Test" computerName="DESKTOP-HE04GST" duration="00:00:00.0161594" startTime="2023-05-07T10:58:02.2404767-04:00" endTime="2023-05-07T10:58:02.2404768-04:00" testType="13cdc9d9-ddb5-4fa4-a97d-d965ccfc6d4b" outcome="Passed" testListId="8c84fa94-04c1-424b-9868-57a2d4851a1d" relativeResultsDirectory="65bcf089-3a58-41c7-91e1-460a31b0708a" />
    <UnitTestResult executionId="d7ceb765-3494-4467-88de-abbc3fec235d" testId="b47fdb9b-41a3-4beb-8213-e51c7f90bfa2" testName="MenuItemAccentColorIndex Parameter Test(accentColorIndex: 1, expectedValue: &quot;accent-color-1&quot;)" computerName="DESKTOP-HE04GST" duration="00:00:00.0016112" startTime="2023-05-07T10:58:02.2198641-04:00" endTime="2023-05-07T10:58:02.2198642-04:00" testType="13cdc9d9-ddb5-4fa4-a97d-d965ccfc6d4b" outcome="Passed" testListId="8c84fa94-04c1-424b-9868-57a2d4851a1d" relativeResultsDirectory="d7ceb765-3494-4467-88de-abbc3fec235d" />
    <UnitTestResult executionId="d933d742-a689-44bd-9586-73731883851a" testId="a5f37b94-3456-a27f-6809-5d7bb156948a" testName="ShowDisplayText Paramter Test(showDisplayText: True)" computerName="DESKTOP-HE04GST" duration="00:00:00.0147300" startTime="2023-05-07T10:58:02.2371547-04:00" endTime="2023-05-07T10:58:02.2371548-04:00" testType="13cdc9d9-ddb5-4fa4-a97d-d965ccfc6d4b" outcome="Passed" testListId="8c84fa94-04c1-424b-9868-57a2d4851a1d" relativeResultsDirectory="d933d742-a689-44bd-9586-73731883851a" />
    <UnitTestResult executionId="a49bfa66-f705-4317-94c3-f5583f837628" testId="4c624072-3469-3d06-1b6a-9cf723873fdb" testName="Groups Parameter Test(groups: [SelectGroup { Name = Group 1, Index = 0, Items = System.Collections.Generic.List`1[Carlton.Base.Components.SelectItem`1[System.Int32]] }])" computerName="DESKTOP-HE04GST" duration="00:00:00.0035062" startTime="2023-05-07T10:58:02.2548983-04:00" endTime="2023-05-07T10:58:02.2548984-04:00" testType="13cdc9d9-ddb5-4fa4-a97d-d965ccfc6d4b" outcome="Passed" testListId="8c84fa94-04c1-424b-9868-57a2d4851a1d" relativeResultsDirectory="a49bfa66-f705-4317-94c3-f5583f837628" />
    <UnitTestResult executionId="64b3ad05-5593-4303-8108-df8ff51ffc6a" testId="af23e599-62ff-bbe1-7224-29d5ec4e87a0" testName="RowsPerPageOpts Parameter Test(opts: [5, 10, 15, 20, 25])" computerName="DESKTOP-HE04GST" duration="00:00:00.0012820" startTime="2023-05-07T10:58:02.3877718-04:00" endTime="2023-05-07T10:58:02.3877720-04:00" testType="13cdc9d9-ddb5-4fa4-a97d-d965ccfc6d4b" outcome="Passed" testListId="8c84fa94-04c1-424b-9868-57a2d4851a1d" relativeResultsDirectory="64b3ad05-5593-4303-8108-df8ff51ffc6a" />
    <UnitTestResult executionId="2a2a6633-a0dd-4511-ad4c-81cda60609b7" testId="499a4bba-291d-374f-711c-1097a1a52e0f" testName="Items Parameter Test(items: [SelectItem { Name = Item 1, Index = 0, Value = 1 }, SelectItem { Name = Item 2, Index = 1, Value = 2 }])" computerName="DESKTOP-HE04GST" duration="00:00:00.0015567" startTime="2023-05-07T10:58:02.5129346-04:00" endTime="2023-05-07T10:58:02.5129348-04:00" testType="13cdc9d9-ddb5-4fa4-a97d-d965ccfc6d4b" outcome="Passed" testListId="8c84fa94-04c1-424b-9868-57a2d4851a1d" relativeResultsDirectory="2a2a6633-a0dd-4511-ad4c-81cda60609b7" />
    <UnitTestResult executionId="d27dd9ec-7def-46a0-89ed-9136ada612bb" testId="3f3f7bde-292c-12e4-5ac8-b27eaef55d68" testName="ActionBarContentChild Parameter Test(expectedActionBarContent: &quot;ActionBar Testing Content 3&quot;)" computerName="DESKTOP-HE04GST" duration="00:00:00.0149314" startTime="2023-05-07T10:58:02.3836637-04:00" endTime="2023-05-07T10:58:02.3836638-04:00" testType="13cdc9d9-ddb5-4fa4-a97d-d965ccfc6d4b" outcome="Passed" testListId="8c84fa94-04c1-424b-9868-57a2d4851a1d" relativeResultsDirectory="d27dd9ec-7def-46a0-89ed-9136ada612bb" />
    <UnitTestResult executionId="1c670b8b-4cf3-4998-933c-7e7ecd6cfec5" testId="ff2833ad-55bf-08c7-90a9-0dcc4a199d2c" testName="Carlton.Base.Components.Test.DesktopTabBarComponentTests.DesktopTabBar_WithThreeTabs_RendersCorrectly" computerName="DESKTOP-HE04GST" duration="00:00:00.0039956" startTime="2023-05-07T10:58:02.2561081-04:00" endTime="2023-05-07T10:58:02.2561082-04:00" testType="13cdc9d9-ddb5-4fa4-a97d-d965ccfc6d4b" outcome="Passed" testListId="8c84fa94-04c1-424b-9868-57a2d4851a1d" relativeResultsDirectory="1c670b8b-4cf3-4998-933c-7e7ecd6cfec5" />
    <UnitTestResult executionId="5dac426e-3188-4cfe-bde3-5c5df6602374" testId="cfcd9d72-0e99-fe1a-9d32-327efc2e96dc" testName="MenuTemplate Parameter Test" computerName="DESKTOP-HE04GST" duration="00:00:00.0172292" startTime="2023-05-07T10:58:02.3793189-04:00" endTime="2023-05-07T10:58:02.3793192-04:00" testType="13cdc9d9-ddb5-4fa4-a97d-d965ccfc6d4b" outcome="Passed" testListId="8c84fa94-04c1-424b-9868-57a2d4851a1d" relativeResultsDirectory="5dac426e-3188-4cfe-bde3-5c5df6602374" />
    <UnitTestResult executionId="4b8ac7fc-24e5-45c6-8eee-c1d5d4319a41" testId="35bf7ad8-b67e-b278-db91-44c6d96aa154" testName="Markup Test" computerName="DESKTOP-HE04GST" duration="00:00:00.0119182" startTime="2023-05-07T10:58:02.2434522-04:00" endTime="2023-05-07T10:58:02.2434523-04:00" testType="13cdc9d9-ddb5-4fa4-a97d-d965ccfc6d4b" outcome="Passed" testListId="8c84fa94-04c1-424b-9868-57a2d4851a1d" relativeResultsDirectory="4b8ac7fc-24e5-45c6-8eee-c1d5d4319a41" />
    <UnitTestResult executionId="67e458da-462d-425b-8b44-ad13224b2951" testId="96dcda85-2436-d344-d080-d012760267de" testName="Header Click, CSS Descending Class Test(selectedIndex: 0)" computerName="DESKTOP-HE04GST" duration="00:00:00.0067044" startTime="2023-05-07T10:58:02.4839264-04:00" endTime="2023-05-07T10:58:02.4839266-04:00" testType="13cdc9d9-ddb5-4fa4-a97d-d965ccfc6d4b" outcome="Passed" testListId="8c84fa94-04c1-424b-9868-57a2d4851a1d" relativeResultsDirectory="67e458da-462d-425b-8b44-ad13224b2951" />
    <UnitTestResult executionId="37dabdfe-caa3-4a6b-97f9-aa48116e9f03" testId="4abc7ea4-adf7-cb95-e891-e2b782813e5f" testName="Markup Test" computerName="DESKTOP-HE04GST" duration="00:00:00.0585548" startTime="2023-05-07T10:58:02.2437639-04:00" endTime="2023-05-07T10:58:02.2437640-04:00" testType="13cdc9d9-ddb5-4fa4-a97d-d965ccfc6d4b" outcome="Passed" testListId="8c84fa94-04c1-424b-9868-57a2d4851a1d" relativeResultsDirectory="37dabdfe-caa3-4a6b-97f9-aa48116e9f03" />
    <UnitTestResult executionId="6542903d-1da8-438a-8fb2-de9bc7d722bc" testId="07a792cc-4abe-5fd5-bf96-777500667402" testName="RowTemplate Parameter Test(rowTemplate: &quot;&lt;div class=\&quot;test-row\&quot;&gt;{0}&lt;span class=\&quot;test\&quot;&gt;{1&quot;...)" computerName="DESKTOP-HE04GST" duration="00:00:00.0028919" startTime="2023-05-07T10:58:02.5782341-04:00" endTime="2023-05-07T10:58:02.5782343-04:00" testType="13cdc9d9-ddb5-4fa4-a97d-d965ccfc6d4b" outcome="Passed" testListId="8c84fa94-04c1-424b-9868-57a2d4851a1d" relativeResultsDirectory="6542903d-1da8-438a-8fb2-de9bc7d722bc" />
    <UnitTestResult executionId="ded8a667-ba0a-4b2b-b012-9e4723519c35" testId="9321447f-d766-9024-4984-1ceaf0b5819f" testName="Markup Test, No Items" computerName="DESKTOP-HE04GST" duration="00:00:00.0028823" startTime="2023-05-07T10:58:02.4794666-04:00" endTime="2023-05-07T10:58:02.4794669-04:00" testType="13cdc9d9-ddb5-4fa4-a97d-d965ccfc6d4b" outcome="Passed" testListId="8c84fa94-04c1-424b-9868-57a2d4851a1d" relativeResultsDirectory="ded8a667-ba0a-4b2b-b012-9e4723519c35" />
    <UnitTestResult executionId="caae90cb-f938-4b87-8a76-d89d284dcfab" testId="b2c7375c-ef0b-de75-a0bd-b6e7dea52a65" testName="MenuItemName Parameter Test(menuItemName: &quot;Test Menu Items Yet Another Time&quot;)" computerName="DESKTOP-HE04GST" duration="00:00:00.0075872" startTime="2023-05-07T10:58:02.2359554-04:00" endTime="2023-05-07T10:58:02.2359555-04:00" testType="13cdc9d9-ddb5-4fa4-a97d-d965ccfc6d4b" outcome="Passed" testListId="8c84fa94-04c1-424b-9868-57a2d4851a1d" relativeResultsDirectory="caae90cb-f938-4b87-8a76-d89d284dcfab" />
    <UnitTestResult executionId="d4464b84-9d16-4944-b745-3fc70c70f28d" testId="f5ae9156-697c-b89e-f27a-a4bad46350cf" testName="PaginationLabel Parameter Test(currentPage: 1, currentRowsPerPage: 10, expectedText: &quot;1-10 of 15&quot;)" computerName="DESKTOP-HE04GST" duration="00:00:00.0028638" startTime="2023-05-07T10:58:02.3096889-04:00" endTime="2023-05-07T10:58:02.3096890-04:00" testType="13cdc9d9-ddb5-4fa4-a97d-d965ccfc6d4b" outcome="Passed" testListId="8c84fa94-04c1-424b-9868-57a2d4851a1d" relativeResultsDirectory="d4464b84-9d16-4944-b745-3fc70c70f28d" />
    <UnitTestResult executionId="4cea1fb2-41d6-4853-8869-11c995e29a0d" testId="b076ac6c-261b-164f-31f2-2b1cbc6f2155" testName="HeaderContentChild Parameter Test(expectedHeaderContent: &quot;&lt;span&gt;Header Testing Content&lt;/span&gt;&quot;)" computerName="DESKTOP-HE04GST" duration="00:00:00.0219628" startTime="2023-05-07T10:58:02.3603737-04:00" endTime="2023-05-07T10:58:02.3603738-04:00" testType="13cdc9d9-ddb5-4fa4-a97d-d965ccfc6d4b" outcome="Passed" testListId="8c84fa94-04c1-424b-9868-57a2d4851a1d" relativeResultsDirectory="4cea1fb2-41d6-4853-8869-11c995e29a0d" />
    <UnitTestResult executionId="caf37dd2-2521-44ca-b550-f429bbe7a51d" testId="e1b6bec7-160e-aa54-3156-206a80de3487" testName="Title Parameter Test(expectedTitle: &quot;Yet Another Test Title&quot;)" computerName="DESKTOP-HE04GST" duration="00:00:00.0022575" startTime="2023-05-07T10:58:02.4189207-04:00" endTime="2023-05-07T10:58:02.4189208-04:00" testType="13cdc9d9-ddb5-4fa4-a97d-d965ccfc6d4b" outcome="Passed" testListId="8c84fa94-04c1-424b-9868-57a2d4851a1d" relativeResultsDirectory="caf37dd2-2521-44ca-b550-f429bbe7a51d" />
    <UnitTestResult executionId="c4aa8070-aedf-4f98-ac63-cab5f54a8fb2" testId="d880a4e2-5397-c2b9-229a-5b82b9fa1cdf" testName="Item Click Test(selectedIndex: 2, expectedValue: 3)" computerName="DESKTOP-HE04GST" duration="00:00:00.0090244" startTime="2023-05-07T10:58:02.4714651-04:00" endTime="2023-05-07T10:58:02.4714653-04:00" testType="13cdc9d9-ddb5-4fa4-a97d-d965ccfc6d4b" outcome="Passed" testListId="8c84fa94-04c1-424b-9868-57a2d4851a1d" relativeResultsDirectory="c4aa8070-aedf-4f98-ac63-cab5f54a8fb2" />
    <UnitTestResult executionId="38f06dc9-8a59-4239-a2d6-ea2ace3dc732" testId="d43bf906-3878-764e-857c-5c92b0d09825" testName="Message Parameter Test(expectedMessage: &quot;Notification Message Test 3&quot;)" computerName="DESKTOP-HE04GST" duration="00:00:00.0117096" startTime="2023-05-07T10:58:02.3272269-04:00" endTime="2023-05-07T10:58:02.3272270-04:00" testType="13cdc9d9-ddb5-4fa4-a97d-d965ccfc6d4b" outcome="Passed" testListId="8c84fa94-04c1-424b-9868-57a2d4851a1d" relativeResultsDirectory="38f06dc9-8a59-4239-a2d6-ea2ace3dc732" />
    <UnitTestResult executionId="2b9a736a-ff4a-4f22-ae75-240687fdd593" testId="ed45e4eb-b6ad-88dd-d7a4-f45adb748cda" testName="PrimaryContentChild Parameter Test(expectedPrimaryCardContent: &quot;&lt;span&gt;Primary Testing Content 2&lt;/span&gt;&quot;)" computerName="DESKTOP-HE04GST" duration="00:00:00.0025472" startTime="2023-05-07T10:58:02.4213914-04:00" endTime="2023-05-07T10:58:02.4213916-04:00" testType="13cdc9d9-ddb5-4fa4-a97d-d965ccfc6d4b" outcome="Passed" testListId="8c84fa94-04c1-424b-9868-57a2d4851a1d" relativeResultsDirectory="2b9a736a-ff4a-4f22-ae75-240687fdd593" />
    <UnitTestResult executionId="837ccce4-37a2-4930-919e-94ecd6991575" testId="ce09e5ad-ead2-a4f9-ac20-3523122167a5" testName="Header Click, CSS Descending Class Test(selectedIndex: 2)" computerName="DESKTOP-HE04GST" duration="00:00:00.0026950" startTime="2023-05-07T10:58:02.4993938-04:00" endTime="2023-05-07T10:58:02.4993939-04:00" testType="13cdc9d9-ddb5-4fa4-a97d-d965ccfc6d4b" outcome="Passed" testListId="8c84fa94-04c1-424b-9868-57a2d4851a1d" relativeResultsDirectory="837ccce4-37a2-4930-919e-94ecd6991575" />
    <UnitTestResult executionId="06456ae7-09f5-4839-b9bc-8a6e000dec76" testId="73754bc2-b000-9e2a-28d6-b696512a0fa5" testName="Item Count, Right Chevron Disabled Test(itemCount: 3)" computerName="DESKTOP-HE04GST" duration="00:00:00.0026952" startTime="2023-05-07T10:58:02.3630837-04:00" endTime="2023-05-07T10:58:02.3630839-04:00" testType="13cdc9d9-ddb5-4fa4-a97d-d965ccfc6d4b" outcome="Passed" testListId="8c84fa94-04c1-424b-9868-57a2d4851a1d" relativeResultsDirectory="06456ae7-09f5-4839-b9bc-8a6e000dec76" />
    <UnitTestResult executionId="d3ded7d7-e3f8-4239-adf5-b258266b4482" testId="1b5a6e10-6117-b35a-8490-31620c83610e" testName="OnChangeCallback Parameter Test(expectedText: &quot;some more new text&quot;)" computerName="DESKTOP-HE04GST" duration="00:00:00.0104631" startTime="2023-05-07T10:58:02.2577052-04:00" endTime="2023-05-07T10:58:02.2577053-04:00" testType="13cdc9d9-ddb5-4fa4-a97d-d965ccfc6d4b" outcome="Passed" testListId="8c84fa94-04c1-424b-9868-57a2d4851a1d" relativeResultsDirectory="d3ded7d7-e3f8-4239-adf5-b258266b4482" />
    <UnitTestResult executionId="5d1736c7-4073-4427-b32b-6502cabea870" testId="bbe27599-2aa3-47df-83f1-62c6f6c60de1" testName="Item Click Test(selectedIndex: 0, expectedValue: 1)" computerName="DESKTOP-HE04GST" duration="00:00:00.0022599" startTime="2023-05-07T10:58:02.4738350-04:00" endTime="2023-05-07T10:58:02.4738352-04:00" testType="13cdc9d9-ddb5-4fa4-a97d-d965ccfc6d4b" outcome="Passed" testListId="8c84fa94-04c1-424b-9868-57a2d4851a1d" relativeResultsDirectory="5d1736c7-4073-4427-b32b-6502cabea870" />
    <UnitTestResult executionId="f6391516-83f8-4b11-9547-aacb25ea42b6" testId="66b8e62c-41e1-ac4c-e3ed-694c95834d4f" testName="Header Click Once Test(expected: (0, System.Collections.ObjectModel.ReadOnlyCollection`1[Carlton.Base.Components.Test.TableTestHelper+TableTestObject]))" computerName="DESKTOP-HE04GST" duration="00:00:00.0045506" startTime="2023-05-07T10:58:02.6526526-04:00" endTime="2023-05-07T10:58:02.6526531-04:00" testType="13cdc9d9-ddb5-4fa4-a97d-d965ccfc6d4b" outcome="Passed" testListId="8c84fa94-04c1-424b-9868-57a2d4851a1d" relativeResultsDirectory="f6391516-83f8-4b11-9547-aacb25ea42b6" />
    <UnitTestResult executionId="94cd49b0-4c3e-4b3d-bdea-3794ffcc16ca" testId="bea3b166-3bab-7652-299c-ec207b224b47" testName="ShowPaginationRow Paremter Test(showPaginationRow: False)" computerName="DESKTOP-HE04GST" duration="00:00:00.0019478" startTime="2023-05-07T10:58:02.2817200-04:00" endTime="2023-05-07T10:58:02.2817201-04:00" testType="13cdc9d9-ddb5-4fa4-a97d-d965ccfc6d4b" outcome="Passed" testListId="8c84fa94-04c1-424b-9868-57a2d4851a1d" relativeResultsDirectory="94cd49b0-4c3e-4b3d-bdea-3794ffcc16ca" />
    <UnitTestResult executionId="5b1b0263-1dd6-4c05-9dbc-87163f80a359" testId="0059705e-91ed-d5f7-24c7-ed5bee8a892f" testName="RowTemplate Parameter Test(rowTemplate: &quot;&lt;div class=\&quot;test-row\&quot;&gt;&lt;span&gt;{0}Test Template {1}&quot;...)" computerName="DESKTOP-HE04GST" duration="00:00:00.0018233" startTime="2023-05-07T10:58:02.5801754-04:00" endTime="2023-05-07T10:58:02.5801755-04:00" testType="13cdc9d9-ddb5-4fa4-a97d-d965ccfc6d4b" outcome="Passed" testListId="8c84fa94-04c1-424b-9868-57a2d4851a1d" relativeResultsDirectory="5b1b0263-1dd6-4c05-9dbc-87163f80a359" />
    <UnitTestResult executionId="b914bfa8-a6f8-487a-b54b-cd6a4d339ad7" testId="721c0a35-2fdd-0dac-ca44-4ff0d0a712e9" testName="Header Click Once Test(columnIndex: 2, expectedColumnName: &quot;CreatedDate&quot;)" computerName="DESKTOP-HE04GST" duration="00:00:00.0034879" startTime="2023-05-07T10:58:02.5253362-04:00" endTime="2023-05-07T10:58:02.5253363-04:00" testType="13cdc9d9-ddb5-4fa4-a97d-d965ccfc6d4b" outcome="Passed" testListId="8c84fa94-04c1-424b-9868-57a2d4851a1d" relativeResultsDirectory="b914bfa8-a6f8-487a-b54b-cd6a4d339ad7" />
    <UnitTestResult executionId="bcbbf5f1-6025-4326-995f-cd3e88e73605" testId="0be2e34f-6619-8975-afab-64437187ca4d" testName="Headings Parameter Test(headings: [TableHeadingItem { DisplayName = ID, OrderColumn = ID }])" computerName="DESKTOP-HE04GST" duration="00:00:00.0049052" startTime="2023-05-07T10:58:02.5482340-04:00" endTime="2023-05-07T10:58:02.5482340-04:00" testType="13cdc9d9-ddb5-4fa4-a97d-d965ccfc6d4b" outcome="Passed" testListId="8c84fa94-04c1-424b-9868-57a2d4851a1d" relativeResultsDirectory="bcbbf5f1-6025-4326-995f-cd3e88e73605" />
    <UnitTestResult executionId="ceabbb96-ca21-4787-ab2e-b07e4e585615" testId="a32d1ab1-d7c5-d068-d255-020c3716ee13" testName="Active Tab, Render Test(activeTabIndex: 2, expectedText: &quot;&lt;span&gt;This is the third tab&lt;/span&gt;&quot;)" computerName="DESKTOP-HE04GST" duration="00:00:00.0045254" startTime="2023-05-07T10:58:02.2345018-04:00" endTime="2023-05-07T10:58:02.2345019-04:00" testType="13cdc9d9-ddb5-4fa4-a97d-d965ccfc6d4b" outcome="Passed" testListId="8c84fa94-04c1-424b-9868-57a2d4851a1d" relativeResultsDirectory="ceabbb96-ca21-4787-ab2e-b07e4e585615" />
    <UnitTestResult executionId="e66f7002-cbe4-4a08-91c8-1724e680796f" testId="575a6c02-c985-735a-d70d-1061600e252c" testName="NotificationBar Click Test(btnClass: &quot;info-btn&quot;, expectedType: typeof(Carlton.Base.Components.InfoNotification))" computerName="DESKTOP-HE04GST" duration="00:00:00.0023045" startTime="2023-05-07T10:58:02.5109576-04:00" endTime="2023-05-07T10:58:02.5109578-04:00" testType="13cdc9d9-ddb5-4fa4-a97d-d965ccfc6d4b" outcome="Passed" testListId="8c84fa94-04c1-424b-9868-57a2d4851a1d" relativeResultsDirectory="e66f7002-cbe4-4a08-91c8-1724e680796f" />
    <UnitTestResult executionId="f11068dd-69b5-4dd4-b182-203175b210c5" testId="dd37b1b9-4c67-5b2f-d5d5-ea991ef86fd8" testName="Seperator Parameter Test(expectedSeparator: &quot;/&quot;)" computerName="DESKTOP-HE04GST" duration="00:00:00.0013533" startTime="2023-05-07T10:58:02.4397174-04:00" endTime="2023-05-07T10:58:02.4397175-04:00" testType="13cdc9d9-ddb5-4fa4-a97d-d965ccfc6d4b" outcome="Passed" testListId="8c84fa94-04c1-424b-9868-57a2d4851a1d" relativeResultsDirectory="f11068dd-69b5-4dd4-b182-203175b210c5" />
    <UnitTestResult executionId="771dba76-3d58-4749-ab39-70416c17d019" testId="dd925c60-da53-25bf-1f76-c292f459c42a" testName="PositionBottom Parameter Test(expectedPositionBottom: 500)" computerName="DESKTOP-HE04GST" duration="00:00:00.0192236" startTime="2023-05-07T10:58:02.3994475-04:00" endTime="2023-05-07T10:58:02.3994476-04:00" testType="13cdc9d9-ddb5-4fa4-a97d-d965ccfc6d4b" outcome="Passed" testListId="8c84fa94-04c1-424b-9868-57a2d4851a1d" relativeResultsDirectory="771dba76-3d58-4749-ab39-70416c17d019" />
    <UnitTestResult executionId="20e5fcf6-2772-4d84-9ee4-09d7b39911df" testId="911fda85-2a8a-0289-0e5d-1f27e32d0aa6" testName="MenuItemAccentColorIndex Parameter Test(accentColorIndex: 3, expectedValue: &quot;accent-color-3&quot;)" computerName="DESKTOP-HE04GST" duration="00:00:00.0024082" startTime="2023-05-07T10:58:02.2196962-04:00" endTime="2023-05-07T10:58:02.2196964-04:00" testType="13cdc9d9-ddb5-4fa4-a97d-d965ccfc6d4b" outcome="Passed" testListId="8c84fa94-04c1-424b-9868-57a2d4851a1d" relativeResultsDirectory="20e5fcf6-2772-4d84-9ee4-09d7b39911df" />
    <UnitTestResult executionId="b4d1b7a7-5df6-44ed-9753-c03e7f31bae0" testId="53725233-af41-4972-32ac-000c684e2b98" testName="Theme Parameter Test(theme: Blue)" computerName="DESKTOP-HE04GST" duration="00:00:00.0015640" startTime="2023-05-07T10:58:02.3533301-04:00" endTime="2023-05-07T10:58:02.3533301-04:00" testType="13cdc9d9-ddb5-4fa4-a97d-d965ccfc6d4b" outcome="Passed" testListId="8c84fa94-04c1-424b-9868-57a2d4851a1d" relativeResultsDirectory="b4d1b7a7-5df6-44ed-9753-c03e7f31bae0" />
    <UnitTestResult executionId="6c495a19-01d2-47ce-8a13-d363114577e6" testId="7162dc71-0713-ba09-c292-fa119bc36516" testName="ItemsChangedCallback Parameter Test(currentPage: 1, optIndex: 1, expectedSkip: 0, expectedTake: 10)" computerName="DESKTOP-HE04GST" duration="00:00:00.0061465" startTime="2023-05-07T10:58:02.4229669-04:00" endTime="2023-05-07T10:58:02.4229672-04:00" testType="13cdc9d9-ddb5-4fa4-a97d-d965ccfc6d4b" outcome="Passed" testListId="8c84fa94-04c1-424b-9868-57a2d4851a1d" relativeResultsDirectory="6c495a19-01d2-47ce-8a13-d363114577e6" />
    <UnitTestResult executionId="58c9df80-5372-4fe7-bbcd-2a7651b93238" testId="2ede1c93-1a23-c618-a45a-75a973ec060c" testName="RowsPerPageOpts Parameter Test(rowsPerPageOpts: [2])" computerName="DESKTOP-HE04GST" duration="00:00:00.0015609" startTime="2023-05-07T10:58:02.6228877-04:00" endTime="2023-05-07T10:58:02.6228878-04:00" testType="13cdc9d9-ddb5-4fa4-a97d-d965ccfc6d4b" outcome="Passed" testListId="8c84fa94-04c1-424b-9868-57a2d4851a1d" relativeResultsDirectory="58c9df80-5372-4fe7-bbcd-2a7651b93238" />
    <UnitTestResult executionId="283ae1fe-a7d1-4ec0-8e2a-78c294c1aa76" testId="d8f0c920-c22a-d3bb-c6d9-8857d2f2f6e8" testName="OnMenuItemSelected Parameter Test(value: 1)" computerName="DESKTOP-HE04GST" duration="00:00:00.0016204" startTime="2023-05-07T10:58:02.2294852-04:00" endTime="2023-05-07T10:58:02.2294853-04:00" testType="13cdc9d9-ddb5-4fa4-a97d-d965ccfc6d4b" outcome="Passed" testListId="8c84fa94-04c1-424b-9868-57a2d4851a1d" relativeResultsDirectory="283ae1fe-a7d1-4ec0-8e2a-78c294c1aa76" />
    <UnitTestResult executionId="205e237b-d899-491e-935a-cf03a10f85b7" testId="58f6c3ef-e1df-709f-c47d-bb8fe9deb7c8" testName="Header Click Once, CSS Selected Class Test(selectedIndex: 1)" computerName="DESKTOP-HE04GST" duration="00:00:00.0032204" startTime="2023-05-07T10:58:02.5752178-04:00" endTime="2023-05-07T10:58:02.5752180-04:00" testType="13cdc9d9-ddb5-4fa4-a97d-d965ccfc6d4b" outcome="Passed" testListId="8c84fa94-04c1-424b-9868-57a2d4851a1d" relativeResultsDirectory="205e237b-d899-491e-935a-cf03a10f85b7" />
    <UnitTestResult executionId="9a947d06-92d4-4d47-afd1-a5694c679bc6" testId="4dface37-f7d5-e179-cda3-11b6fc0ed259" testName="FadeOutEnabled Parameter Test(fadeOutEnabled: False, notificationClass: &quot;info-btn&quot;)" computerName="DESKTOP-HE04GST" duration="00:00:00.0029992" startTime="2023-05-07T10:58:02.4751198-04:00" endTime="2023-05-07T10:58:02.4751200-04:00" testType="13cdc9d9-ddb5-4fa4-a97d-d965ccfc6d4b" outcome="Passed" testListId="8c84fa94-04c1-424b-9868-57a2d4851a1d" relativeResultsDirectory="9a947d06-92d4-4d47-afd1-a5694c679bc6" />
    <UnitTestResult executionId="118e2c13-5db7-4a94-b0bc-5a5bf744a0fa" testId="0b97f27c-fe86-c1fc-4ad3-df5b339bb0c0" testName="Three Tabs Test" computerName="DESKTOP-HE04GST" duration="00:00:00.0046334" startTime="2023-05-07T10:58:02.3110541-04:00" endTime="2023-05-07T10:58:02.3110541-04:00" testType="13cdc9d9-ddb5-4fa4-a97d-d965ccfc6d4b" outcome="Passed" testListId="8c84fa94-04c1-424b-9868-57a2d4851a1d" relativeResultsDirectory="118e2c13-5db7-4a94-b0bc-5a5bf744a0fa" />
    <UnitTestResult executionId="27413b50-4409-4eb3-852f-650651ba6503" testId="55dfd735-8734-de35-834e-08dd21df3135" testName="Header Click Once Test(columnIndex: 1, expectedColumnName: &quot;DisplayName&quot;)" computerName="DESKTOP-HE04GST" duration="00:00:00.0022620" startTime="2023-05-07T10:58:02.5300561-04:00" endTime="2023-05-07T10:58:02.5300564-04:00" testType="13cdc9d9-ddb5-4fa4-a97d-d965ccfc6d4b" outcome="Passed" testListId="8c84fa94-04c1-424b-9868-57a2d4851a1d" relativeResultsDirectory="27413b50-4409-4eb3-852f-650651ba6503" />
    <UnitTestResult executionId="d740dd73-c95f-4377-87e6-ba8a0e54eaa0" testId="663d98db-4c1c-7d60-e8fc-b858868a8a67" testName="Markup Test" computerName="DESKTOP-HE04GST" duration="00:00:00.0895572" startTime="2023-05-07T10:58:02.2401515-04:00" endTime="2023-05-07T10:58:02.2401516-04:00" testType="13cdc9d9-ddb5-4fa4-a97d-d965ccfc6d4b" outcome="Passed" testListId="8c84fa94-04c1-424b-9868-57a2d4851a1d" relativeResultsDirectory="d740dd73-c95f-4377-87e6-ba8a0e54eaa0" />
    <UnitTestResult executionId="f6c42206-8892-4f97-b503-4596df8c4a24" testId="dd6cf3e8-1aaf-8f04-58a5-b14cae718ff7" testName="Collapser Click Event Test(isCollapsed: True)" computerName="DESKTOP-HE04GST" duration="00:00:00.4346340" startTime="2023-05-07T10:58:02.2291949-04:00" endTime="2023-05-07T10:58:02.2291950-04:00" testType="13cdc9d9-ddb5-4fa4-a97d-d965ccfc6d4b" outcome="Passed" testListId="8c84fa94-04c1-424b-9868-57a2d4851a1d" relativeResultsDirectory="f6c42206-8892-4f97-b503-4596df8c4a24" />
    <UnitTestResult executionId="68556d2f-f1aa-418c-8ae2-c1e324df34c8" testId="707e1374-0d9b-937d-a234-1835e7eaa177" testName="ChildIcon Parameter Test(icon: &quot;Icon-Test&quot;)" computerName="DESKTOP-HE04GST" duration="00:00:00.0143875" startTime="2023-05-07T10:58:02.2577753-04:00" endTime="2023-05-07T10:58:02.2577754-04:00" testType="13cdc9d9-ddb5-4fa4-a97d-d965ccfc6d4b" outcome="Passed" testListId="8c84fa94-04c1-424b-9868-57a2d4851a1d" relativeResultsDirectory="68556d2f-f1aa-418c-8ae2-c1e324df34c8" />
    <UnitTestResult executionId="f0fa18c1-fa3b-41fe-8048-d3268aa33622" testId="aa7e615a-7f15-9843-7c19-46e835d236eb" testName="OnPaginationChangedCallback Parameter Test(selectedPage: 2, selectedRowsPerPage: 15, expectedPage: 1)" computerName="DESKTOP-HE04GST" duration="00:00:00.0127963" startTime="2023-05-07T10:58:02.2360433-04:00" endTime="2023-05-07T10:58:02.2360433-04:00" testType="13cdc9d9-ddb5-4fa4-a97d-d965ccfc6d4b" outcome="Passed" testListId="8c84fa94-04c1-424b-9868-57a2d4851a1d" relativeResultsDirectory="f0fa18c1-fa3b-41fe-8048-d3268aa33622" />
    <UnitTestResult executionId="c5e2dcf2-ebdd-4f8a-9f12-ac9f194dcd9b" testId="2dd119ab-590e-b66e-b5c2-d9a3d024a064" testName="Theme Parameter Test(theme: Green)" computerName="DESKTOP-HE04GST" duration="00:00:00.0014835" startTime="2023-05-07T10:58:02.3546436-04:00" endTime="2023-05-07T10:58:02.3546437-04:00" testType="13cdc9d9-ddb5-4fa4-a97d-d965ccfc6d4b" outcome="Passed" testListId="8c84fa94-04c1-424b-9868-57a2d4851a1d" relativeResultsDirectory="c5e2dcf2-ebdd-4f8a-9f12-ac9f194dcd9b" />
    <UnitTestResult executionId="67320c93-0866-4439-9081-ccdae6696a68" testId="e0cddd5e-2a45-1288-289d-9ff1fd5e0351" testName="MenuItems Parameter Test(items: [DropdownMenuItem { MenuItemName = Item 1, Value = 1, MenuIcon = icon-1, AccentColorIndex = 1 }, DropdownMenuItem { MenuItemName = Item 2, Value = 2, MenuIcon = icon-2, AccentColorIndex = 2 }])" computerName="DESKTOP-HE04GST" duration="00:00:00.0062736" startTime="2023-05-07T10:58:02.4247635-04:00" endTime="2023-05-07T10:58:02.4247636-04:00" testType="13cdc9d9-ddb5-4fa4-a97d-d965ccfc6d4b" outcome="Passed" testListId="8c84fa94-04c1-424b-9868-57a2d4851a1d" relativeResultsDirectory="67320c93-0866-4439-9081-ccdae6696a68" />
    <UnitTestResult executionId="70151d4d-3087-4ca6-b0f9-2f595373309d" testId="ecc30bc4-46be-bc3d-f1cf-7cf78fe8f2ab" testName="PaginationLabel Parameter Test(currentPage: 1, currentRowsPerPage: 15, expectedText: &quot;1-15 of 15&quot;)" computerName="DESKTOP-HE04GST" duration="00:00:00.0028454" startTime="2023-05-07T10:58:02.2650228-04:00" endTime="2023-05-07T10:58:02.2650229-04:00" testType="13cdc9d9-ddb5-4fa4-a97d-d965ccfc6d4b" outcome="Passed" testListId="8c84fa94-04c1-424b-9868-57a2d4851a1d" relativeResultsDirectory="70151d4d-3087-4ca6-b0f9-2f595373309d" />
    <UnitTestResult executionId="5419e218-89da-4e31-a9c5-8c78d778d8d4" testId="5c88af88-27e1-5531-551d-d096b081bbbb" testName="Notification Bar Multiple Click Test(clickCounts: [2, 7, 3, 4])" computerName="DESKTOP-HE04GST" duration="00:00:00.1321427" startTime="2023-05-07T10:58:02.4192641-04:00" endTime="2023-05-07T10:58:02.4192643-04:00" testType="13cdc9d9-ddb5-4fa4-a97d-d965ccfc6d4b" outcome="Passed" testListId="8c84fa94-04c1-424b-9868-57a2d4851a1d" relativeResultsDirectory="5419e218-89da-4e31-a9c5-8c78d778d8d4" />
    <UnitTestResult executionId="0ff72b60-4c7b-4d41-bc57-bcfca848ea0f" testId="7878d288-15ad-26de-21f0-8826c4067c26" testName="OnPaginationChangedCallback Parameter Test(selectedPage: 3, selectedRowsPerPage: 15, expectedPage: 1)" computerName="DESKTOP-HE04GST" duration="00:00:00.0044731" startTime="2023-05-07T10:58:02.2386475-04:00" endTime="2023-05-07T10:58:02.2386475-04:00" testType="13cdc9d9-ddb5-4fa4-a97d-d965ccfc6d4b" outcome="Passed" testListId="8c84fa94-04c1-424b-9868-57a2d4851a1d" relativeResultsDirectory="0ff72b60-4c7b-4d41-bc57-bcfca848ea0f" />
    <UnitTestResult executionId="1397fa59-1aa8-4471-aa3c-de69c829be95" testId="dfe9ce7a-0bc1-eeb7-3cba-161664fa3ef5" testName="OrderColumn and OrderDirection Parameter Test(columnName: &quot;DisplayName&quot;, columnIndex: 1, orderAscending: True)" computerName="DESKTOP-HE04GST" duration="00:00:00.0022476" startTime="2023-05-07T10:58:02.4554567-04:00" endTime="2023-05-07T10:58:02.4554570-04:00" testType="13cdc9d9-ddb5-4fa4-a97d-d965ccfc6d4b" outcome="Passed" testListId="8c84fa94-04c1-424b-9868-57a2d4851a1d" relativeResultsDirectory="1397fa59-1aa8-4471-aa3c-de69c829be95" />
    <UnitTestResult executionId="2070420f-0a4e-4b24-adcd-bfaa7232ccf7" testId="45878f2f-0e73-97ca-b181-7f95ac5a8418" testName="Header Click Once, CSS Ascending Class Test(selectedIndex: 0)" computerName="DESKTOP-HE04GST" duration="00:00:00.0050140" startTime="2023-05-07T10:58:02.6016684-04:00" endTime="2023-05-07T10:58:02.6016688-04:00" testType="13cdc9d9-ddb5-4fa4-a97d-d965ccfc6d4b" outcome="Passed" testListId="8c84fa94-04c1-424b-9868-57a2d4851a1d" relativeResultsDirectory="2070420f-0a4e-4b24-adcd-bfaa7232ccf7" />
    <UnitTestResult executionId="580630d8-98de-4067-a8bf-7c6edc2f1f5b" testId="41ef5a33-62e1-ee23-395b-9e241d1e28fc" testName="PositionBottom Parameter Test(expectedPositionBottom: 5)" computerName="DESKTOP-HE04GST" duration="00:00:00.0016788" startTime="2023-05-07T10:58:02.4041966-04:00" endTime="2023-05-07T10:58:02.4041967-04:00" testType="13cdc9d9-ddb5-4fa4-a97d-d965ccfc6d4b" outcome="Passed" testListId="8c84fa94-04c1-424b-9868-57a2d4851a1d" relativeResultsDirectory="580630d8-98de-4067-a8bf-7c6edc2f1f5b" />
    <UnitTestResult executionId="9958744d-1ddb-4dcd-aeca-fdff73b74f02" testId="9c3c2473-256a-97a6-46f2-1e4c09162e41" testName="IsCollapsed Parameter Test(isCollapsed: False)" computerName="DESKTOP-HE04GST" duration="00:00:00.3917100" startTime="2023-05-07T10:58:02.0986838-04:00" endTime="2023-05-07T10:58:02.0987476-04:00" testType="13cdc9d9-ddb5-4fa4-a97d-d965ccfc6d4b" outcome="Passed" testListId="8c84fa94-04c1-424b-9868-57a2d4851a1d" relativeResultsDirectory="9958744d-1ddb-4dcd-aeca-fdff73b74f02" />
    <UnitTestResult executionId="96455e67-8919-4477-8a82-bb077d08108c" testId="7183fcb2-96ea-e60f-6a0d-221a2ec30690" testName="OnSelectedItemChanged Callback Parameter Test" computerName="DESKTOP-HE04GST" duration="00:00:00.4557412" startTime="2023-05-07T10:58:02.2316837-04:00" endTime="2023-05-07T10:58:02.2316838-04:00" testType="13cdc9d9-ddb5-4fa4-a97d-d965ccfc6d4b" outcome="Passed" testListId="8c84fa94-04c1-424b-9868-57a2d4851a1d" relativeResultsDirectory="96455e67-8919-4477-8a82-bb077d08108c" />
    <UnitTestResult executionId="0e73082f-366b-46e3-b979-e90a7b3326a1" testId="84b23f90-69f9-f433-d7fd-f1242ca93715" testName="OrderColumn and OrderDirection Parameter Test(columnName: &quot;ID&quot;, columnIndex: 0, orderAscending: False)" computerName="DESKTOP-HE04GST" duration="00:00:00.0024351" startTime="2023-05-07T10:58:02.4580599-04:00" endTime="2023-05-07T10:58:02.4580600-04:00" testType="13cdc9d9-ddb5-4fa4-a97d-d965ccfc6d4b" outcome="Passed" testListId="8c84fa94-04c1-424b-9868-57a2d4851a1d" relativeResultsDirectory="0e73082f-366b-46e3-b979-e90a7b3326a1" />
    <UnitTestResult executionId="d2ea3f4e-8566-4d25-8303-2cd6cefd7536" testId="03aa21a3-5e37-91dc-e5c6-7f98978fd03c" testName="Disabled Parameter Test(isDisabled: False)" computerName="DESKTOP-HE04GST" duration="00:00:00.0199681" startTime="2023-05-07T10:58:02.2326817-04:00" endTime="2023-05-07T10:58:02.2326818-04:00" testType="13cdc9d9-ddb5-4fa4-a97d-d965ccfc6d4b" outcome="Passed" testListId="8c84fa94-04c1-424b-9868-57a2d4851a1d" relativeResultsDirectory="d2ea3f4e-8566-4d25-8303-2cd6cefd7536" />
    <UnitTestResult executionId="790e68c7-d8b8-4817-8d37-ba8de11377c2" testId="1aba4601-c380-c5da-070d-9d8a2cb4ed6d" testName="Title Parameter Test(expectedTitle: &quot;Notification Title Test 1&quot;)" computerName="DESKTOP-HE04GST" duration="00:00:00.0022816" startTime="2023-05-07T10:58:02.3601726-04:00" endTime="2023-05-07T10:58:02.3601727-04:00" testType="13cdc9d9-ddb5-4fa4-a97d-d965ccfc6d4b" outcome="Passed" testListId="8c84fa94-04c1-424b-9868-57a2d4851a1d" relativeResultsDirectory="790e68c7-d8b8-4817-8d37-ba8de11377c2" />
    <UnitTestResult executionId="18c9e712-dd08-4852-9223-88b2379855ca" testId="0be2e34f-6619-8975-afab-64437187ca4d" testName="Headings Parameter Test(headings: [TableHeadingItem { DisplayName = ID, OrderColumn = ID }, TableHeadingItem { DisplayName = DisplayName, OrderColumn = DisplayName }])" computerName="DESKTOP-HE04GST" duration="00:00:00.0042804" startTime="2023-05-07T10:58:02.5526215-04:00" endTime="2023-05-07T10:58:02.5526217-04:00" testType="13cdc9d9-ddb5-4fa4-a97d-d965ccfc6d4b" outcome="Passed" testListId="8c84fa94-04c1-424b-9868-57a2d4851a1d" relativeResultsDirectory="18c9e712-dd08-4852-9223-88b2379855ca" />
    <UnitTestResult executionId="80777a1b-f78b-420d-a7a0-c051a172b33b" testId="c5354939-c673-43ca-14be-2bd609b6c1da" testName="FadeOutEnabled Parameter True Test" computerName="DESKTOP-HE04GST" duration="00:00:00.0119131" startTime="2023-05-07T10:58:02.4994608-04:00" endTime="2023-05-07T10:58:02.4994609-04:00" testType="13cdc9d9-ddb5-4fa4-a97d-d965ccfc6d4b" outcome="Passed" testListId="8c84fa94-04c1-424b-9868-57a2d4851a1d" relativeResultsDirectory="80777a1b-f78b-420d-a7a0-c051a172b33b" />
    <UnitTestResult executionId="39373e15-b6f9-4f57-8435-d3613625fe96" testId="8f597377-bc86-3011-70c1-8f0f455f5181" testName="Header Click Once, CSS Descending Class Test(selectedIndex: 0)" computerName="DESKTOP-HE04GST" duration="00:00:00.1025683" startTime="2023-05-07T10:58:02.5403711-04:00" endTime="2023-05-07T10:58:02.5403712-04:00" testType="13cdc9d9-ddb5-4fa4-a97d-d965ccfc6d4b" outcome="Passed" testListId="8c84fa94-04c1-424b-9868-57a2d4851a1d" relativeResultsDirectory="39373e15-b6f9-4f57-8435-d3613625fe96" />
    <UnitTestResult executionId="26037414-8235-4d92-96c5-bb64018af5bb" testId="0fb68c2a-bd7a-d55c-90e4-2e456030a380" testName="IconClass Parameter Test(expectedIconClass: &quot;icon-class-test-3&quot;)" computerName="DESKTOP-HE04GST" duration="00:00:00.0026771" startTime="2023-05-07T10:58:02.4385870-04:00" endTime="2023-05-07T10:58:02.4385872-04:00" testType="13cdc9d9-ddb5-4fa4-a97d-d965ccfc6d4b" outcome="Passed" testListId="8c84fa94-04c1-424b-9868-57a2d4851a1d" relativeResultsDirectory="26037414-8235-4d92-96c5-bb64018af5bb" />
    <UnitTestResult executionId="2b34d210-ae98-414d-838f-a1b4c3b55da9" testId="54eed8b1-a365-c9d4-a02c-5452ed1f485d" testName="Content Parameter Test(expectedContent: &quot;&lt;button class=\&quot;test-content\&quot;&gt;Here is some test c&quot;...)" computerName="DESKTOP-HE04GST" duration="00:00:00.0035829" startTime="2023-05-07T10:58:02.4199227-04:00" endTime="2023-05-07T10:58:02.4199229-04:00" testType="13cdc9d9-ddb5-4fa4-a97d-d965ccfc6d4b" outcome="Passed" testListId="8c84fa94-04c1-424b-9868-57a2d4851a1d" relativeResultsDirectory="2b34d210-ae98-414d-838f-a1b4c3b55da9" />
    <UnitTestResult executionId="99d592e9-6197-4a07-841a-fea3026e4838" testId="38f24bd1-c5d2-b046-3be4-29128b1c3535" testName="CardSubTitle Parameter Test(subtitle: &quot;Test Subtitle 3&quot;)" computerName="DESKTOP-HE04GST" duration="00:00:00.0593574" startTime="2023-05-07T10:58:02.2901175-04:00" endTime="2023-05-07T10:58:02.2901176-04:00" testType="13cdc9d9-ddb5-4fa4-a97d-d965ccfc6d4b" outcome="Passed" testListId="8c84fa94-04c1-424b-9868-57a2d4851a1d" relativeResultsDirectory="99d592e9-6197-4a07-841a-fea3026e4838" />
    <UnitTestResult executionId="b9657867-66e4-48b7-8c73-8c0cb8c91b39" testId="ea3f11fa-1b3e-de93-fdcb-d0070e98f88c" testName="ShowPaginationRow Paremter Test(showPaginationRow: True)" computerName="DESKTOP-HE04GST" duration="00:00:00.0741603" startTime="2023-05-07T10:58:02.2805804-04:00" endTime="2023-05-07T10:58:02.2805807-04:00" testType="13cdc9d9-ddb5-4fa4-a97d-d965ccfc6d4b" outcome="Passed" testListId="8c84fa94-04c1-424b-9868-57a2d4851a1d" relativeResultsDirectory="b9657867-66e4-48b7-8c73-8c0cb8c91b39" />
    <UnitTestResult executionId="2aa6448b-88a3-47d3-902f-60350799f41f" testId="ec6b482c-220d-b4e0-fe3f-b20b1be1b822" testName="PositionBottom Parameter Test(expectedPositionBottom: 50)" computerName="DESKTOP-HE04GST" duration="00:00:00.0021180" startTime="2023-05-07T10:58:02.4016609-04:00" endTime="2023-05-07T10:58:02.4016611-04:00" testType="13cdc9d9-ddb5-4fa4-a97d-d965ccfc6d4b" outcome="Passed" testListId="8c84fa94-04c1-424b-9868-57a2d4851a1d" relativeResultsDirectory="2aa6448b-88a3-47d3-902f-60350799f41f" />
    <UnitTestResult executionId="ba76dc5c-0ab0-4592-b4da-a74001954865" testId="c4d4803f-3bc8-a1b9-2e2e-1d9bfb66d32e" testName="Header Click Twice Test(columnIndex: 0, expectedColumnName: &quot;ID&quot;)" computerName="DESKTOP-HE04GST" duration="00:00:00.0024047" startTime="2023-05-07T10:58:02.4771180-04:00" endTime="2023-05-07T10:58:02.4771182-04:00" testType="13cdc9d9-ddb5-4fa4-a97d-d965ccfc6d4b" outcome="Passed" testListId="8c84fa94-04c1-424b-9868-57a2d4851a1d" relativeResultsDirectory="ba76dc5c-0ab0-4592-b4da-a74001954865" />
    <UnitTestResult executionId="f7d11005-2327-4dca-a8cc-b636731c8848" testId="0419bf75-fe13-ba31-ce3d-95f4193a989f" testName="Markup Test" computerName="DESKTOP-HE04GST" duration="00:00:00.0326792" startTime="2023-05-07T10:58:02.2433173-04:00" endTime="2023-05-07T10:58:02.2433174-04:00" testType="13cdc9d9-ddb5-4fa4-a97d-d965ccfc6d4b" outcome="Passed" testListId="8c84fa94-04c1-424b-9868-57a2d4851a1d" relativeResultsDirectory="f7d11005-2327-4dca-a8cc-b636731c8848" />
    <UnitTestResult executionId="0490fce8-450a-45b1-9774-8dc9bf70c962" testId="57da913c-5bb2-4d04-fc29-2d9bd99b6d41" testName="CardTitle Parameter Test(title: &quot;Test Title 2&quot;)" computerName="DESKTOP-HE04GST" duration="00:00:00.0134212" startTime="2023-05-07T10:58:02.3260318-04:00" endTime="2023-05-07T10:58:02.3260320-04:00" testType="13cdc9d9-ddb5-4fa4-a97d-d965ccfc6d4b" outcome="Passed" testListId="8c84fa94-04c1-424b-9868-57a2d4851a1d" relativeResultsDirectory="0490fce8-450a-45b1-9774-8dc9bf70c962" />
    <UnitTestResult executionId="1a2286f7-5596-4d08-8a2f-2d60cc01fc64" testId="7b453ea3-7024-aa7e-6d3c-770aa31365af" testName="Group Click Event Test(groupIndex: 0, itemIndex: 1, expectedValue: 2)" computerName="DESKTOP-HE04GST" duration="00:00:00.0123791" startTime="2023-05-07T10:58:02.2587185-04:00" endTime="2023-05-07T10:58:02.2587186-04:00" testType="13cdc9d9-ddb5-4fa4-a97d-d965ccfc6d4b" outcome="Passed" testListId="8c84fa94-04c1-424b-9868-57a2d4851a1d" relativeResultsDirectory="1a2286f7-5596-4d08-8a2f-2d60cc01fc64" />
    <UnitTestResult executionId="727f58df-96e2-421b-a2fd-bfddff427f4d" testId="ff7c89f4-a1a2-0935-fb2c-5d4a46474c55" testName="Dispose Component Test" computerName="DESKTOP-HE04GST" duration="00:00:00.0114027" startTime="2023-05-07T10:58:02.3632672-04:00" endTime="2023-05-07T10:58:02.3632673-04:00" testType="13cdc9d9-ddb5-4fa4-a97d-d965ccfc6d4b" outcome="Passed" testListId="8c84fa94-04c1-424b-9868-57a2d4851a1d" relativeResultsDirectory="727f58df-96e2-421b-a2fd-bfddff427f4d" />
    <UnitTestResult executionId="2904cc62-dbd9-4ee7-bcd0-dfc99a25dca7" testId="1972b45b-ed98-2287-19fe-826d48d6295b" testName="ItemsChangedCallback Parameter Test(currentPage: 1, optIndex: 2, expectedSkip: 0, expectedTake: 15)" computerName="DESKTOP-HE04GST" duration="00:00:00.0059701" startTime="2023-05-07T10:58:02.3906513-04:00" endTime="2023-05-07T10:58:02.3906515-04:00" testType="13cdc9d9-ddb5-4fa4-a97d-d965ccfc6d4b" outcome="Passed" testListId="8c84fa94-04c1-424b-9868-57a2d4851a1d" relativeResultsDirectory="2904cc62-dbd9-4ee7-bcd0-dfc99a25dca7" />
    <UnitTestResult executionId="72301e10-8cde-407e-9720-5dcf4d7c13f5" testId="a2886431-9c55-db6f-26b5-a842c5946b9e" testName="ChildIcon Parameter Test(icon: &quot;Icon-Done-Testing&quot;)" computerName="DESKTOP-HE04GST" duration="00:00:00.0016991" startTime="2023-05-07T10:58:02.2591235-04:00" endTime="2023-05-07T10:58:02.2591236-04:00" testType="13cdc9d9-ddb5-4fa4-a97d-d965ccfc6d4b" outcome="Passed" testListId="8c84fa94-04c1-424b-9868-57a2d4851a1d" relativeResultsDirectory="72301e10-8cde-407e-9720-5dcf4d7c13f5" />
    <UnitTestResult executionId="f9113a2e-097c-4572-addb-f9dee0061f9a" testId="ea8df251-c950-3cc7-7913-16d1bb48ae44" testName="OnPaginationChangedCallback Parameter Test(selectedPage: 3, selectedRowsPerPage: 10, expectedPage: 2)" computerName="DESKTOP-HE04GST" duration="00:00:00.0115620" startTime="2023-05-07T10:58:02.2546955-04:00" endTime="2023-05-07T10:58:02.2546956-04:00" testType="13cdc9d9-ddb5-4fa4-a97d-d965ccfc6d4b" outcome="Passed" testListId="8c84fa94-04c1-424b-9868-57a2d4851a1d" relativeResultsDirectory="f9113a2e-097c-4572-addb-f9dee0061f9a" />
    <UnitTestResult executionId="842cc1aa-2335-4cd1-b5fe-7123eb110aad" testId="65cbf13a-03de-c808-9ecc-3063a87651fa" testName="Markup Test" computerName="DESKTOP-HE04GST" duration="00:00:00.0072001" startTime="2023-05-07T10:58:02.6090989-04:00" endTime="2023-05-07T10:58:02.6090993-04:00" testType="13cdc9d9-ddb5-4fa4-a97d-d965ccfc6d4b" outcome="Passed" testListId="8c84fa94-04c1-424b-9868-57a2d4851a1d" relativeResultsDirectory="842cc1aa-2335-4cd1-b5fe-7123eb110aad" />
    <UnitTestResult executionId="0c55ee19-3672-40d4-949e-27ffa904dd31" testId="6c84f820-8c77-3950-e7b5-4b415ef42446" testName="Markup Test, With Items" computerName="DESKTOP-HE04GST" duration="00:00:00.0039238" startTime="2023-05-07T10:58:02.5077590-04:00" endTime="2023-05-07T10:58:02.5077591-04:00" testType="13cdc9d9-ddb5-4fa4-a97d-d965ccfc6d4b" outcome="Passed" testListId="8c84fa94-04c1-424b-9868-57a2d4851a1d" relativeResultsDirectory="0c55ee19-3672-40d4-949e-27ffa904dd31" />
    <UnitTestResult executionId="4d2e4d48-192e-45e4-97db-a4e612fae2b9" testId="70fae74a-dc94-7381-efaa-28b4f51bb46e" testName="PaginationLabel Parameter Test(currentPage: 3, currentRowsPerPage: 15, expectedText: &quot;1-15 of 15&quot;)" computerName="DESKTOP-HE04GST" duration="00:00:00.0269779" startTime="2023-05-07T10:58:02.2590131-04:00" endTime="2023-05-07T10:58:02.2590132-04:00" testType="13cdc9d9-ddb5-4fa4-a97d-d965ccfc6d4b" outcome="Passed" testListId="8c84fa94-04c1-424b-9868-57a2d4851a1d" relativeResultsDirectory="4d2e4d48-192e-45e4-97db-a4e612fae2b9" />
    <UnitTestResult executionId="d73fa23c-010a-4e0b-9655-126ec7e05707" testId="3e551b4b-b7c6-e1c4-c73d-ec6688824e8f" testName="IsExpanded Parameter Test(expectedIsExpanded: True)" computerName="DESKTOP-HE04GST" duration="00:00:00.0027589" startTime="2023-05-07T10:58:02.4062992-04:00" endTime="2023-05-07T10:58:02.4062994-04:00" testType="13cdc9d9-ddb5-4fa4-a97d-d965ccfc6d4b" outcome="Passed" testListId="8c84fa94-04c1-424b-9868-57a2d4851a1d" relativeResultsDirectory="d73fa23c-010a-4e0b-9655-126ec7e05707" />
    <UnitTestResult executionId="4ddce4ce-886d-46a7-9364-6a8f3cbc7e19" testId="4292ddf4-274b-19b7-255b-545fc6e6acb2" testName="Item Count, Right Chevron Enabled Test(itemCount: 100)" computerName="DESKTOP-HE04GST" duration="00:00:00.0160392" startTime="2023-05-07T10:58:02.4043407-04:00" endTime="2023-05-07T10:58:02.4043408-04:00" testType="13cdc9d9-ddb5-4fa4-a97d-d965ccfc6d4b" outcome="Passed" testListId="8c84fa94-04c1-424b-9868-57a2d4851a1d" relativeResultsDirectory="4ddce4ce-886d-46a7-9364-6a8f3cbc7e19" />
    <UnitTestResult executionId="b8769d5a-bf8d-4a83-a045-5ad1713c759f" testId="71d1b203-03e0-a0bb-47e6-3b7b7064588a" testName="Tab Markup Test" computerName="DESKTOP-HE04GST" duration="00:00:00.0027903" startTime="2023-05-07T10:58:02.3548625-04:00" endTime="2023-05-07T10:58:02.3548626-04:00" testType="13cdc9d9-ddb5-4fa4-a97d-d965ccfc6d4b" outcome="Passed" testListId="8c84fa94-04c1-424b-9868-57a2d4851a1d" relativeResultsDirectory="b8769d5a-bf8d-4a83-a045-5ad1713c759f" />
    <UnitTestResult executionId="ece062ba-b93c-46d9-9257-7003bbe1c334" testId="b32e12fa-2bf4-acc1-061b-74ff1b512708" testName="Group Click Event Test(groupIndex: 1, itemIndex: 2, expectedValue: 3)" computerName="DESKTOP-HE04GST" duration="00:00:00.0035953" startTime="2023-05-07T10:58:02.2591763-04:00" endTime="2023-05-07T10:58:02.2591764-04:00" testType="13cdc9d9-ddb5-4fa4-a97d-d965ccfc6d4b" outcome="Passed" testListId="8c84fa94-04c1-424b-9868-57a2d4851a1d" relativeResultsDirectory="ece062ba-b93c-46d9-9257-7003bbe1c334" />
    <UnitTestResult executionId="d562786a-b7a7-4235-9dbc-0ec35cbad800" testId="10597dda-a407-f9c8-7523-ceedcc006f63" testName="PaginationLabel Parameter Test(currentPage: 3, currentRowsPerPage: 5, expectedText: &quot;11-15 of 15&quot;)" computerName="DESKTOP-HE04GST" duration="00:00:00.0048696" startTime="2023-05-07T10:58:02.2816475-04:00" endTime="2023-05-07T10:58:02.2816476-04:00" testType="13cdc9d9-ddb5-4fa4-a97d-d965ccfc6d4b" outcome="Passed" testListId="8c84fa94-04c1-424b-9868-57a2d4851a1d" relativeResultsDirectory="d562786a-b7a7-4235-9dbc-0ec35cbad800" />
    <UnitTestResult executionId="8a2b1abe-e971-4718-be7a-3a3290907add" testId="fd513a31-56bd-5d39-eca2-0c4821ffb0ec" testName="BreadCrumbItems Parameter Test(expected: (System.Collections.Generic.List`1[System.String], Home Page &gt; Test Page &gt; SubTest Page))" computerName="DESKTOP-HE04GST" duration="00:00:00.0014733" startTime="2023-05-07T10:58:02.4265006-04:00" endTime="2023-05-07T10:58:02.4265007-04:00" testType="13cdc9d9-ddb5-4fa4-a97d-d965ccfc6d4b" outcome="Passed" testListId="8c84fa94-04c1-424b-9868-57a2d4851a1d" relativeResultsDirectory="8a2b1abe-e971-4718-be7a-3a3290907add" />
    <UnitTestResult executionId="bdfe3dd3-f731-453e-9463-b8208b39f764" testId="6fd5bb32-f1e4-ed32-b396-0c120007ecc3" testName="Title Parameter Test(expectedTitle: &quot;Test Title&quot;)" computerName="DESKTOP-HE04GST" duration="00:00:00.0175188" startTime="2023-05-07T10:58:02.4165638-04:00" endTime="2023-05-07T10:58:02.4165639-04:00" testType="13cdc9d9-ddb5-4fa4-a97d-d965ccfc6d4b" outcome="Passed" testListId="8c84fa94-04c1-424b-9868-57a2d4851a1d" relativeResultsDirectory="bdfe3dd3-f731-453e-9463-b8208b39f764" />
    <UnitTestResult executionId="a3bb94bc-caf9-4a2f-ad8e-f7e62654ce53" testId="d5ebd779-0db5-d487-ac59-a2968e29cda7" testName="Seperator Parameter Test(expectedSeparator: &quot;&gt;&quot;)" computerName="DESKTOP-HE04GST" duration="00:00:00.0019607" startTime="2023-05-07T10:58:02.4386734-04:00" endTime="2023-05-07T10:58:02.4386735-04:00" testType="13cdc9d9-ddb5-4fa4-a97d-d965ccfc6d4b" outcome="Passed" testListId="8c84fa94-04c1-424b-9868-57a2d4851a1d" relativeResultsDirectory="a3bb94bc-caf9-4a2f-ad8e-f7e62654ce53" />
    <UnitTestResult executionId="8cfc229d-5761-4795-aacc-1c4a820262c8" testId="2d168e72-b1c4-0b57-fd31-afcc70bd9911" testName="Markup Test" computerName="DESKTOP-HE04GST" duration="00:00:00.0192478" startTime="2023-05-07T10:58:02.3841584-04:00" endTime="2023-05-07T10:58:02.3841586-04:00" testType="13cdc9d9-ddb5-4fa4-a97d-d965ccfc6d4b" outcome="Passed" testListId="8c84fa94-04c1-424b-9868-57a2d4851a1d" relativeResultsDirectory="8cfc229d-5761-4795-aacc-1c4a820262c8" />
    <UnitTestResult executionId="2b64f76f-c8e9-45c8-9a13-63181defcdcc" testId="14a241c6-a958-4260-ba4e-654c705d25f8" testName="Title Parameter Test(expectedTitle: &quot;Test Title 3&quot;)" computerName="DESKTOP-HE04GST" duration="00:00:00.0015604" startTime="2023-05-07T10:58:02.4082873-04:00" endTime="2023-05-07T10:58:02.4082874-04:00" testType="13cdc9d9-ddb5-4fa4-a97d-d965ccfc6d4b" outcome="Passed" testListId="8c84fa94-04c1-424b-9868-57a2d4851a1d" relativeResultsDirectory="2b64f76f-c8e9-45c8-9a13-63181defcdcc" />
    <UnitTestResult executionId="a579ef9f-e0dc-4714-a8a1-29c5d409b775" testId="fd6e953f-5dd0-0abb-0784-55a54af88074" testName="PaginationLabel Parameter, Item Count Less Than Page Count Test(optIndex: 1)" computerName="DESKTOP-HE04GST" duration="00:00:00.4540514" startTime="2023-05-07T10:58:02.2314643-04:00" endTime="2023-05-07T10:58:02.2314645-04:00" testType="13cdc9d9-ddb5-4fa4-a97d-d965ccfc6d4b" outcome="Passed" testListId="8c84fa94-04c1-424b-9868-57a2d4851a1d" relativeResultsDirectory="a579ef9f-e0dc-4714-a8a1-29c5d409b775" />
    <UnitTestResult executionId="c10ca015-5934-474b-8940-ff0505e5c3cf" testId="6ee29016-8a57-9582-6b81-a21d757f27ac" testName="PaginationLabel Parameter Test(currentPage: 2, currentRowsPerPage: 10, expectedText: &quot;11-15 of 15&quot;)" computerName="DESKTOP-HE04GST" duration="00:00:00.0043444" startTime="2023-05-07T10:58:02.2633369-04:00" endTime="2023-05-07T10:58:02.2633370-04:00" testType="13cdc9d9-ddb5-4fa4-a97d-d965ccfc6d4b" outcome="Passed" testListId="8c84fa94-04c1-424b-9868-57a2d4851a1d" relativeResultsDirectory="c10ca015-5934-474b-8940-ff0505e5c3cf" />
    <UnitTestResult executionId="37a0f13b-d556-414c-b175-2bda7ca22039" testId="19699ab8-56b4-61b7-0754-1ac8ee2c3788" testName="Items Parameter Test(expected: (System.Collections.ObjectModel.ReadOnlyCollection`1[Carlton.Base.Components.Test.TableTestHelper+TableTestObject], System.Collections.ObjectModel.ReadOnlyCollection`1[System.String]))" computerName="DESKTOP-HE04GST" duration="00:00:00.0043015" startTime="2023-05-07T10:58:02.6140926-04:00" endTime="2023-05-07T10:58:02.6140929-04:00" testType="13cdc9d9-ddb5-4fa4-a97d-d965ccfc6d4b" outcome="Passed" testListId="8c84fa94-04c1-424b-9868-57a2d4851a1d" relativeResultsDirectory="37a0f13b-d556-414c-b175-2bda7ca22039" />
    <UnitTestResult executionId="b8852c4e-3b11-4416-8113-5f8bf80a58ec" testId="18569e55-01d3-2cbe-9a47-b7a6b6af48bd" testName="Items Parameter Test(expectedItems: [1, 2, 3])" computerName="DESKTOP-HE04GST" duration="00:00:00.0042492" startTime="2023-05-07T10:58:02.3108551-04:00" endTime="2023-05-07T10:58:02.3108552-04:00" testType="13cdc9d9-ddb5-4fa4-a97d-d965ccfc6d4b" outcome="Passed" testListId="8c84fa94-04c1-424b-9868-57a2d4851a1d" relativeResultsDirectory="b8852c4e-3b11-4416-8113-5f8bf80a58ec" />
    <UnitTestResult executionId="41298d30-0fcf-4191-88a1-dddafe901d2c" testId="8a6fe78d-1950-ca2c-fcac-76683a017d7a" testName="MenuItemName Parameter Test(menuItemName: &quot;Test Menu Item Again&quot;)" computerName="DESKTOP-HE04GST" duration="00:00:00.0025761" startTime="2023-05-07T10:58:02.2355144-04:00" endTime="2023-05-07T10:58:02.2355145-04:00" testType="13cdc9d9-ddb5-4fa4-a97d-d965ccfc6d4b" outcome="Passed" testListId="8c84fa94-04c1-424b-9868-57a2d4851a1d" relativeResultsDirectory="41298d30-0fcf-4191-88a1-dddafe901d2c" />
    <UnitTestResult executionId="751bb1ca-19bb-4bce-bdd6-c6182695f4e2" testId="6adfb11f-b707-1c16-4f78-f05186887b40" testName="IsValid Parameter Test(expectedIsValid: False)" computerName="DESKTOP-HE04GST" duration="00:00:00.0017567" startTime="2023-05-07T10:58:02.2559999-04:00" endTime="2023-05-07T10:58:02.2560001-04:00" testType="13cdc9d9-ddb5-4fa4-a97d-d965ccfc6d4b" outcome="Passed" testListId="8c84fa94-04c1-424b-9868-57a2d4851a1d" relativeResultsDirectory="751bb1ca-19bb-4bce-bdd6-c6182695f4e2" />
    <UnitTestResult executionId="41487f7b-f406-4eac-9b25-f6d7e065a55f" testId="19699ab8-56b4-61b7-0754-1ac8ee2c3788" testName="Items Parameter Test(expected: (System.Collections.ObjectModel.ReadOnlyCollection`1[Carlton.Base.Components.Test.TableTestHelper+TableTestObject], System.Collections.ObjectModel.ReadOnlyCollection`1[System.String]))" computerName="DESKTOP-HE04GST" duration="00:00:00.0014823" startTime="2023-05-07T10:58:02.6173098-04:00" endTime="2023-05-07T10:58:02.6173100-04:00" testType="13cdc9d9-ddb5-4fa4-a97d-d965ccfc6d4b" outcome="Passed" testListId="8c84fa94-04c1-424b-9868-57a2d4851a1d" relativeResultsDirectory="41487f7b-f406-4eac-9b25-f6d7e065a55f" />
    <UnitTestResult executionId="e44c1ee4-81cc-4529-a57b-06d1bbbf2c88" testId="e0cddd5e-2a45-1288-289d-9ff1fd5e0351" testName="MenuItems Parameter Test(items: [DropdownMenuItem { MenuItemName = Item 1, Value = 1, MenuIcon = icon-1, AccentColorIndex = 1 }])" computerName="DESKTOP-HE04GST" duration="00:00:00.0116006" startTime="2023-05-07T10:58:02.4184472-04:00" endTime="2023-05-07T10:58:02.4184474-04:00" testType="13cdc9d9-ddb5-4fa4-a97d-d965ccfc6d4b" outcome="Passed" testListId="8c84fa94-04c1-424b-9868-57a2d4851a1d" relativeResultsDirectory="e44c1ee4-81cc-4529-a57b-06d1bbbf2c88" />
[...]
    <TestEntry testId="7f6a9984-6418-1329-1ddd-ff46325f35f0" executionId="95c25a9e-dca9-453f-bfbc-fcef7ba0bd49" testListId="8c84fa94-04c1-424b-9868-57a2d4851a1d" />
    <TestEntry testId="499a4bba-291d-374f-711c-1097a1a52e0f" executionId="9648bb41-fd0e-4f37-9f55-41aedf85384a" testListId="8c84fa94-04c1-424b-9868-57a2d4851a1d" />
    <TestEntry testId="4c3c8efe-8bf5-8a38-a5a0-de9721f93478" executionId="cce187f5-eaea-40b7-ac79-78561dafd7fa" testListId="8c84fa94-04c1-424b-9868-57a2d4851a1d" />
    <TestEntry testId="17369e9f-e0bd-1c7b-7945-dea8f9bd2825" executionId="92276176-2fb6-404c-9524-9254171019b2" testListId="8c84fa94-04c1-424b-9868-57a2d4851a1d" />
    <TestEntry testId="571e52cc-9e6a-e23f-26e7-d7422fa96287" executionId="2db69c78-f73a-4965-b7fb-c3aa872ef746" testListId="8c84fa94-04c1-424b-9868-57a2d4851a1d" />
    <TestEntry testId="b71d196b-5d7d-7218-f948-d0c24d038ef9" executionId="08d045a6-d417-4eda-8f04-33e9da1f47b6" testListId="8c84fa94-04c1-424b-9868-57a2d4851a1d" />
    <TestEntry testId="8604c345-8857-b944-5bd1-a96a9a067ba4" executionId="93204165-b441-4689-9e10-17ba95936a37" testListId="8c84fa94-04c1-424b-9868-57a2d4851a1d" />
    <TestEntry testId="55fb0a26-9c99-4be0-982c-ede52667b895" executionId="8b30e7dc-2160-48d5-848d-6c7dea75f066" testListId="8c84fa94-04c1-424b-9868-57a2d4851a1d" />
    <TestEntry testId="fc7b79c7-3523-04fd-60af-a22152a3cdb2" executionId="ca248b5c-93ce-4fea-937f-1304e6139fdf" testListId="8c84fa94-04c1-424b-9868-57a2d4851a1d" />
    <TestEntry testId="abac6730-0dfa-768f-44d6-3d8c55284461" executionId="455c6530-ce7f-4f51-8cbe-1b746da61f28" testListId="8c84fa94-04c1-424b-9868-57a2d4851a1d" />
    <TestEntry testId="0e19d662-3eda-75d2-8b4e-f3c96f6d0a88" executionId="34d9de7e-d7d4-4a02-9612-7d21f70a350d" testListId="8c84fa94-04c1-424b-9868-57a2d4851a1d" />
    <TestEntry testId="171104a2-6a51-5fc9-7ed0-45112a1bc210" executionId="f64e145d-a899-408a-b2f0-17b303e2a911" testListId="8c84fa94-04c1-424b-9868-57a2d4851a1d" />
    <TestEntry testId="37edd2ee-f80c-098c-cce6-2592ce58d6a6" executionId="bb923560-9a36-4c90-b3b8-73c5f027fb32" testListId="8c84fa94-04c1-424b-9868-57a2d4851a1d" />
    <TestEntry testId="723957d6-8abc-9be3-77c2-e323767653a8" executionId="802f0b55-dc52-4e56-8241-0bb1ba0cbcf8" testListId="8c84fa94-04c1-424b-9868-57a2d4851a1d" />
    <TestEntry testId="8126e01a-cdcc-e7f3-dd05-3d0d1e78a7c8" executionId="caa1cb48-406e-4d25-a655-cbc0d201772a" testListId="8c84fa94-04c1-424b-9868-57a2d4851a1d" />
    <TestEntry testId="d795c0a8-9a9f-f433-ed96-af7d3460b21c" executionId="0fe434c2-a156-4b5d-8400-6788c091a4d9" testListId="8c84fa94-04c1-424b-9868-57a2d4851a1d" />
    <TestEntry testId="2ede1c93-1a23-c618-a45a-75a973ec060c" executionId="ad6ae3dd-b309-4da5-a9e9-8bc8dd33a898" testListId="8c84fa94-04c1-424b-9868-57a2d4851a1d" />
    <TestEntry testId="06c68ee5-4115-5846-7fc3-9d60a4e87d30" executionId="e2b65532-ab4c-468d-aa7a-848833cb89a3" testListId="8c84fa94-04c1-424b-9868-57a2d4851a1d" />
    <TestEntry testId="a0d5f268-093a-ce20-e2cc-9639f69015bc" executionId="374a5a93-2dea-4b2c-9044-06d94ccfb04c" testListId="8c84fa94-04c1-424b-9868-57a2d4851a1d" />
    <TestEntry testId="edcac07c-0187-8feb-c533-c6a6f3a28b60" executionId="34d2e535-434f-4794-b5a6-9829e0036d4e" testListId="8c84fa94-04c1-424b-9868-57a2d4851a1d" />
    <TestEntry testId="d1dda812-a522-3dfd-f226-01661877f3cd" executionId="699b2317-a39e-4163-b9da-2e78868373ed" testListId="8c84fa94-04c1-424b-9868-57a2d4851a1d" />
    <TestEntry testId="2eb286f0-704e-1041-cbe7-249a3f01188e" executionId="5975af43-4956-4e40-bd09-b1494f8dfc9c" testListId="8c84fa94-04c1-424b-9868-57a2d4851a1d" />
    <TestEntry testId="7cfa6867-ebb1-e0dd-508a-8497d7fa54a0" executionId="70cecad2-8e8f-449a-ad67-4dbcb08dac28" testListId="8c84fa94-04c1-424b-9868-57a2d4851a1d" />
    <TestEntry testId="2f1882f1-d6f3-7332-d3a2-9e3758b94b59" executionId="a69d1776-2a84-4392-8326-204c57fc2750" testListId="8c84fa94-04c1-424b-9868-57a2d4851a1d" />
    <TestEntry testId="11467e6d-1446-1c33-4c35-953b21f647c3" executionId="de9a9f6f-0a96-45d8-8201-366722acf834" testListId="8c84fa94-04c1-424b-9868-57a2d4851a1d" />
    <TestEntry testId="50865f7a-d1cf-32ac-c5cb-a183385e8eca" executionId="7a599694-ab11-4f3c-8da6-44ef4364c34f" testListId="8c84fa94-04c1-424b-9868-57a2d4851a1d" />
    <TestEntry testId="0be2e34f-6619-8975-afab-64437187ca4d" executionId="25116144-5f25-4d27-8166-cdeb240c8567" testListId="8c84fa94-04c1-424b-9868-57a2d4851a1d" />
    <TestEntry testId="b9366499-2fa9-2b74-777c-bd5ce9b81d50" executionId="902efc95-bedd-4b41-9e50-f9d99b982b52" testListId="8c84fa94-04c1-424b-9868-57a2d4851a1d" />
    <TestEntry testId="5edad639-7772-08f8-4106-625d4c43a8b3" executionId="15602e5a-157e-4401-bb14-e38eb0e8a4d2" testListId="8c84fa94-04c1-424b-9868-57a2d4851a1d" />
    <TestEntry testId="0da18184-c20f-d5ad-bc5e-22dc0f1cb3a7" executionId="04786ea4-550c-476b-b4fc-9ffda27bf6eb" testListId="8c84fa94-04c1-424b-9868-57a2d4851a1d" />
    <TestEntry testId="8b53c199-c168-bbf7-eda1-d20e6041e2a6" executionId="91d6dffb-e0bd-445b-b7ae-ebc377e457ba" testListId="8c84fa94-04c1-424b-9868-57a2d4851a1d" />
    <TestEntry testId="f8e87052-3c31-7772-0006-d96208939871" executionId="106b24be-c2c1-40d7-84c0-9e3c536610d6" testListId="8c84fa94-04c1-424b-9868-57a2d4851a1d" />
    <TestEntry testId="41b926d3-3d70-b9d0-fd5a-db49635794a4" executionId="0e0042cc-f6d3-4a46-a115-a13390c61a6e" testListId="8c84fa94-04c1-424b-9868-57a2d4851a1d" />
    <TestEntry testId="4fc3bf72-5878-f9f1-8f88-5cc276408beb" executionId="faefab65-3957-4d22-ba02-162afbf6b965" testListId="8c84fa94-04c1-424b-9868-57a2d4851a1d" />
    <TestEntry testId="691771b2-9881-2584-0382-8b2d381324cf" executionId="c533f711-eb12-4afd-a06f-c8693fb6eafd" testListId="8c84fa94-04c1-424b-9868-57a2d4851a1d" />
    <TestEntry testId="d6ebcc12-cfb0-53aa-98c4-6cc50d60c9db" executionId="d9ffb8b0-35c4-41e9-9a17-5ec9ca0123b6" testListId="8c84fa94-04c1-424b-9868-57a2d4851a1d" />
    <TestEntry testId="5770f1a8-6ef2-8f70-7afe-af85c0fe7780" executionId="f4989cee-a980-4062-84b2-89ee26a942a1" testListId="8c84fa94-04c1-424b-9868-57a2d4851a1d" />
    <TestEntry testId="10e3d357-1906-14db-33eb-5f09e282e5ed" executionId="8e6e3113-0a22-4be2-8d88-13d55c6dff00" testListId="8c84fa94-04c1-424b-9868-57a2d4851a1d" />
    <TestEntry testId="7f9ad7c1-2677-a538-72d9-c606ba0c8487" executionId="f369caa3-6f7e-479d-8c5c-65033219d21f" testListId="8c84fa94-04c1-424b-9868-57a2d4851a1d" />
    <TestEntry testId="d2c9aff5-47d5-b79a-c0eb-4e831caf7a21" executionId="277a4008-5798-46b8-baf9-007ca50f3780" testListId="8c84fa94-04c1-424b-9868-57a2d4851a1d" />
    <TestEntry testId="d18b6434-c864-afc2-ce16-b7274bf9826f" executionId="f6f7b62e-fab3-43dd-a666-dff49ce96675" testListId="8c84fa94-04c1-424b-9868-57a2d4851a1d" />
    <TestEntry testId="526c9bb8-1995-0684-2f22-aa3400de016f" executionId="3914e663-c6da-4600-a8eb-752b013c01b0" testListId="8c84fa94-04c1-424b-9868-57a2d4851a1d" />
    <TestEntry testId="69a8af49-3dfe-560f-907d-c6f19402dc4c" executionId="86853af8-2116-4aca-97d0-864260c0bdc0" testListId="8c84fa94-04c1-424b-9868-57a2d4851a1d" />
    <TestEntry testId="abec9a13-deaf-e930-46a3-bb5a190e831a" executionId="1448cdff-21e5-415e-9321-7fe6a5aec3de" testListId="8c84fa94-04c1-424b-9868-57a2d4851a1d" />
    <TestEntry testId="97987535-2968-7f77-7024-d278c34b0d82" executionId="dc10aee5-7730-44b3-b08e-522f45a8a7f4" testListId="8c84fa94-04c1-424b-9868-57a2d4851a1d" />
    <TestEntry testId="8bd8f64f-5b3a-ce8b-2a95-38deb100db6e" executionId="b45f6ec8-bcc5-4a07-8303-689c18bc68a8" testListId="8c84fa94-04c1-424b-9868-57a2d4851a1d" />
    <TestEntry testId="26c4603d-2ecb-30d4-f06b-7570582ea7ac" executionId="73e07ce8-7309-41d8-84ff-f1824b151c27" testListId="8c84fa94-04c1-424b-9868-57a2d4851a1d" />
    <TestEntry testId="14b71093-01d3-79b3-699f-161f58724b21" executionId="93bb3ce7-a909-47bf-b77c-0049f3b87974" testListId="8c84fa94-04c1-424b-9868-57a2d4851a1d" />
    <TestEntry testId="5c0ec28d-c5d9-3f0b-b666-ef73fc816bf9" executionId="dc8f77f4-21ae-4b0c-8111-24b0ff088d30" testListId="8c84fa94-04c1-424b-9868-57a2d4851a1d" />
    <TestEntry testId="c8c8c482-3662-3a70-a2ff-e4dbea2300e5" executionId="50fee8c6-c1ed-46f3-a7b4-5f581d8751e0" testListId="8c84fa94-04c1-424b-9868-57a2d4851a1d" />
    <TestEntry testId="1c0c0ede-94cf-1f31-cf90-2475a239bc38" executionId="4236ed75-9cb6-48e9-9925-19b886b715a1" testListId="8c84fa94-04c1-424b-9868-57a2d4851a1d" />
    <TestEntry testId="c1fd8e65-8e01-0474-0fff-7d2af4135b46" executionId="f57bccfb-2202-4b83-8906-a3caa783f4db" testListId="8c84fa94-04c1-424b-9868-57a2d4851a1d" />
    <TestEntry testId="9ead1186-c628-8ae9-fc32-0c702d45e94a" executionId="b0f0b387-bd47-4eaf-b753-8c244dbe08c4" testListId="8c84fa94-04c1-424b-9868-57a2d4851a1d" />
    <TestEntry testId="cb827e29-70c8-5330-47ce-9981d0ba2876" executionId="0ff04541-4953-43b8-9b08-bce722118a80" testListId="8c84fa94-04c1-424b-9868-57a2d4851a1d" />
    <TestEntry testId="177ef4bf-7531-a779-4b80-032e62efe340" executionId="bb4c7b94-a37e-439b-91c6-2339487721f1" testListId="8c84fa94-04c1-424b-9868-57a2d4851a1d" />
    <TestEntry testId="510b24b8-e7ed-d0e5-067c-54701224d287" executionId="94fe186d-c4b9-494d-b483-c83426f52091" testListId="8c84fa94-04c1-424b-9868-57a2d4851a1d" />
    <TestEntry testId="eb2000eb-be48-b645-012d-23b04fb855fa" executionId="8c29ace8-2b11-49da-ab9a-f40c8035ed9e" testListId="8c84fa94-04c1-424b-9868-57a2d4851a1d" />
    <TestEntry testId="28e45289-e885-7685-d25c-3d36aa53824f" executionId="8c6b5b98-ff81-4def-bf4a-07889a6ed42a" testListId="8c84fa94-04c1-424b-9868-57a2d4851a1d" />
    <TestEntry testId="1ff3aeae-7a63-fbe9-58e8-019dae187cfb" executionId="c7a7fcf2-d636-4b3b-86a3-58b8a2e4e0e0" testListId="8c84fa94-04c1-424b-9868-57a2d4851a1d" />
    <TestEntry testId="8ea35cbd-e8bd-57df-5fbe-822641e9e234" executionId="dccfe54d-8f36-4395-aba7-299300165e31" testListId="8c84fa94-04c1-424b-9868-57a2d4851a1d" />
    <TestEntry testId="99fe2d9f-2eb0-853a-b738-215cc0d01990" executionId="a22cb53f-2f25-421d-99e6-ee7fdfd9d9e0" testListId="8c84fa94-04c1-424b-9868-57a2d4851a1d" />
    <TestEntry testId="85b3cc95-910c-ccf8-fa6c-207ac76f89b7" executionId="c34de6bc-de41-42bd-abe2-c930994b52c1" testListId="8c84fa94-04c1-424b-9868-57a2d4851a1d" />
    <TestEntry testId="01cca043-7422-59f0-8edf-1a356304b220" executionId="4907ab3d-158f-47b0-87bc-44593fa5df45" testListId="8c84fa94-04c1-424b-9868-57a2d4851a1d" />
    <TestEntry testId="f8a4fdfd-2ee1-6ccb-9204-9fa723643148" executionId="3824c329-4b1b-43a5-803d-4335ba29e08a" testListId="8c84fa94-04c1-424b-9868-57a2d4851a1d" />
    <TestEntry testId="9b5468a2-4813-db67-ef8f-8ee6cb07a98d" executionId="ed8c975d-ac6f-4d5c-b3ad-cf5a753dd631" testListId="8c84fa94-04c1-424b-9868-57a2d4851a1d" />
    <TestEntry testId="66b8e62c-41e1-ac4c-e3ed-694c95834d4f" executionId="a65b3ee0-1a6d-4747-826b-cf396f2cda7a" testListId="8c84fa94-04c1-424b-9868-57a2d4851a1d" />
    <TestEntry testId="7017f552-29c1-e84c-7d16-ba9bc8601904" executionId="61241ddc-dbec-4a43-8b4c-d7fd7261c564" testListId="8c84fa94-04c1-424b-9868-57a2d4851a1d" />
    <TestEntry testId="1e71a163-7cc6-73ff-f5a1-2c06a14b2998" executionId="5e3fb1ee-641c-4edb-9786-7537c70728b0" testListId="8c84fa94-04c1-424b-9868-57a2d4851a1d" />
    <TestEntry testId="83c26dfc-7c9f-0e03-2375-8e3fadd5c926" executionId="d918e79a-7ec1-4616-85f5-1cc19e0aa648" testListId="8c84fa94-04c1-424b-9868-57a2d4851a1d" />
    <TestEntry testId="0afa6e93-21df-6485-679f-9075d24581f2" executionId="1951c11f-39f5-40b2-b231-65def4c5f811" testListId="8c84fa94-04c1-424b-9868-57a2d4851a1d" />
    <TestEntry testId="50c93238-4012-6df7-32db-f969a8a7c6b3" executionId="d01c0e71-4cf4-4175-a1e0-03a7ea3701aa" testListId="8c84fa94-04c1-424b-9868-57a2d4851a1d" />
    <TestEntry testId="aec7847b-f2dd-7f82-7106-a9f877eba7a8" executionId="a2749cd9-8440-44c7-a5be-c650199a82f0" testListId="8c84fa94-04c1-424b-9868-57a2d4851a1d" />
    <TestEntry testId="115a5448-e576-bd00-5099-010be9269ce1" executionId="eb058ad7-2aa9-4fbf-8fa2-df9558b885ad" testListId="8c84fa94-04c1-424b-9868-57a2d4851a1d" />
    <TestEntry testId="1bcd7891-9ead-1691-023a-1f3f8a8b4b07" executionId="6a669114-bce2-4bdb-bf5b-bfe4a6553805" testListId="8c84fa94-04c1-424b-9868-57a2d4851a1d" />
    <TestEntry testId="18569e55-01d3-2cbe-9a47-b7a6b6af48bd" executionId="0bb686f9-80d0-49f0-b391-ead368b0431f" testListId="8c84fa94-04c1-424b-9868-57a2d4851a1d" />
    <TestEntry testId="87459f94-70c7-009f-5808-19f809ff7867" executionId="bdaf9a48-795f-424e-a060-e67d0ad45e90" testListId="8c84fa94-04c1-424b-9868-57a2d4851a1d" />
    <TestEntry testId="27c9336c-a4d2-4e4d-c59e-e21a07c10051" executionId="fad0db10-4652-4d46-b4a2-21b860c32b81" testListId="8c84fa94-04c1-424b-9868-57a2d4851a1d" />
    <TestEntry testId="fd513a31-56bd-5d39-eca2-0c4821ffb0ec" executionId="ab06dd9d-93cb-4b2e-8f9d-633cbd03eb56" testListId="8c84fa94-04c1-424b-9868-57a2d4851a1d" />
    <TestEntry testId="af23e599-62ff-bbe1-7224-29d5ec4e87a0" executionId="ec1da664-f5f9-444a-9989-484bc23fe2fb" testListId="8c84fa94-04c1-424b-9868-57a2d4851a1d" />
    <TestEntry testId="2a24a99d-6f4a-eaa0-d642-ad299b4610a3" executionId="bd51c25e-5322-49d9-9293-e820b6e61196" testListId="8c84fa94-04c1-424b-9868-57a2d4851a1d" />
    <TestEntry testId="839fa1cf-1eeb-14aa-5afb-0b73ace77a29" executionId="55ba1f1e-810d-4ae7-b78b-0ac67217aa0c" testListId="8c84fa94-04c1-424b-9868-57a2d4851a1d" />
    <TestEntry testId="417482e4-dea2-eab8-b41a-116fcc91a67d" executionId="acd98242-96fe-46e2-b1bc-137ad819930d" testListId="8c84fa94-04c1-424b-9868-57a2d4851a1d" />
    <TestEntry testId="18569e55-01d3-2cbe-9a47-b7a6b6af48bd" executionId="88fcd64b-288b-43ec-a3bc-435320c90713" testListId="8c84fa94-04c1-424b-9868-57a2d4851a1d" />
    <TestEntry testId="b9da235f-445f-e555-2621-e29da2700ddb" executionId="a370a0ed-3180-4fc7-9230-21a7eb3e84fa" testListId="8c84fa94-04c1-424b-9868-57a2d4851a1d" />
    <TestEntry testId="6fc37820-e1bc-5001-7cd4-079f33d38a13" executionId="654a7cdf-a552-4ee6-84df-8ba0bc334491" testListId="8c84fa94-04c1-424b-9868-57a2d4851a1d" />
    <TestEntry testId="15ed8627-678d-8bee-306e-690612574f77" executionId="5d0e3283-8f97-46ea-930b-ec879370598d" testListId="8c84fa94-04c1-424b-9868-57a2d4851a1d" />
    <TestEntry testId="040ce82b-4387-06af-eec7-b1df3b7630c0" executionId="43b5a6ed-dfda-4f63-a64f-985b011c04d4" testListId="8c84fa94-04c1-424b-9868-57a2d4851a1d" />
    <TestEntry testId="a2fb627a-8896-3ed7-7259-cdb7853adfe6" executionId="cc965685-3fde-4efe-898a-89cbe62d7a30" testListId="8c84fa94-04c1-424b-9868-57a2d4851a1d" />
    <TestEntry testId="92f7b709-4d9c-9ab4-3896-cc6a818b2bb8" executionId="541ef1e1-5a00-4b66-8f8a-7c2f382cb417" testListId="8c84fa94-04c1-424b-9868-57a2d4851a1d" />
    <TestEntry testId="5c88af88-27e1-5531-551d-d096b081bbbb" executionId="2315b022-ac32-4ab0-bef6-8ba4e1d37831" testListId="8c84fa94-04c1-424b-9868-57a2d4851a1d" />
    <TestEntry testId="86dcb968-4ef1-cce6-3771-f83a548b7b9b" executionId="a6b5037e-3f8c-4f2f-b95b-c097a1883969" testListId="8c84fa94-04c1-424b-9868-57a2d4851a1d" />
    <TestEntry testId="6a9bea38-8fd5-7218-ba12-e6943c567071" executionId="db5fa78d-5f07-4fcd-b8aa-7f03b136729f" testListId="8c84fa94-04c1-424b-9868-57a2d4851a1d" />
    <TestEntry testId="732f3f80-7856-cc06-369f-c64790e08623" executionId="b090fad7-4843-4068-ade5-1c02ea8fbeb8" testListId="8c84fa94-04c1-424b-9868-57a2d4851a1d" />
    <TestEntry testId="e0fdcb3f-6425-8c09-96d8-e66744e0ac09" executionId="bc1add38-c98b-4d9f-abfa-3f3b08f0c3d7" testListId="8c84fa94-04c1-424b-9868-57a2d4851a1d" />
    <TestEntry testId="efd330db-dae5-4a51-bc85-a809a15f1466" executionId="a3f1ff44-150b-497c-b8c6-88c76b8fdac0" testListId="8c84fa94-04c1-424b-9868-57a2d4851a1d" />
    <TestEntry testId="57d71933-573e-2980-1c8e-daf760c7914e" executionId="f60c9e53-4411-4816-a757-9670da9edc6a" testListId="8c84fa94-04c1-424b-9868-57a2d4851a1d" />
    <TestEntry testId="fd3b8fec-8933-ec00-bc37-6da5b1876e88" executionId="cb1bb922-32ca-43a1-ab25-1577b0ebeab3" testListId="8c84fa94-04c1-424b-9868-57a2d4851a1d" />
    <TestEntry testId="8e78724c-63f5-ec91-5670-cd3a85e04fc8" executionId="32346103-cb9d-4a07-9206-d9f07287a57c" testListId="8c84fa94-04c1-424b-9868-57a2d4851a1d" />
    <TestEntry testId="9e8ae696-cd2e-28f9-ecb6-2f243725f7fb" executionId="99b5bbba-a4a6-4ee4-b7cd-a7d6240ed636" testListId="8c84fa94-04c1-424b-9868-57a2d4851a1d" />
    <TestEntry testId="fda40231-7dc9-df35-a4fe-7ec3807fa0c9" executionId="28371459-1bac-46b4-87c7-d71bcb34bcf0" testListId="8c84fa94-04c1-424b-9868-57a2d4851a1d" />
    <TestEntry testId="f89f4f57-eb97-de03-3e41-e90be449e3d8" executionId="79551aa1-a786-41ba-adce-c9be0bf874eb" testListId="8c84fa94-04c1-424b-9868-57a2d4851a1d" />
    <TestEntry testId="b46ed5e3-62a7-5d16-9331-11b730151130" executionId="20a94f8b-d983-46cb-b12d-e6f302adf938" testListId="8c84fa94-04c1-424b-9868-57a2d4851a1d" />
    <TestEntry testId="48670272-3dd1-1148-043b-fca5b5e47e53" executionId="3aef0807-6ed7-4c8e-9262-116ec4aaaa68" testListId="8c84fa94-04c1-424b-9868-57a2d4851a1d" />
    <TestEntry testId="a6e31a15-2ab4-d1b4-8fe0-f6f10e1ab1ac" executionId="18abe442-5531-45a3-806a-25b658dcaedf" testListId="8c84fa94-04c1-424b-9868-57a2d4851a1d" />
    <TestEntry testId="e9940cc3-2ba9-f6c1-ba65-5ffd51114364" executionId="74a3915e-7f06-496e-b126-632f5de096ee" testListId="8c84fa94-04c1-424b-9868-57a2d4851a1d" />
    <TestEntry testId="228c60cf-8687-f056-2056-b4e1f563875c" executionId="82b0db20-93fb-4f33-bcdd-ae5c8e606113" testListId="8c84fa94-04c1-424b-9868-57a2d4851a1d" />
    <TestEntry testId="a49a766e-c0a2-a4b7-2f15-d1dcccd58d2a" executionId="b53d7bcf-45c2-4e00-b60f-554a85516a99" testListId="8c84fa94-04c1-424b-9868-57a2d4851a1d" />
    <TestEntry testId="a090a5e2-b798-b442-05e1-15c76df7de32" executionId="50ffb469-343c-415d-9bf0-77658cace034" testListId="8c84fa94-04c1-424b-9868-57a2d4851a1d" />
    <TestEntry testId="6c359ed0-fe50-b1fc-9e35-70ec37981b43" executionId="0b426841-10d6-419e-be17-3f78132af2e0" testListId="8c84fa94-04c1-424b-9868-57a2d4851a1d" />
    <TestEntry testId="0c9c72b4-1b61-9132-5c94-274f763c3a1f" executionId="fad45434-bde9-4391-afed-ac7db732e40d" testListId="8c84fa94-04c1-424b-9868-57a2d4851a1d" />
    <TestEntry testId="013178ef-4151-7a51-327b-76cb79a76da0" executionId="b57f3624-2c77-423c-8b8c-a7c05e3fd51c" testListId="8c84fa94-04c1-424b-9868-57a2d4851a1d" />
    <TestEntry testId="8e5dfc12-0ccd-84c7-eae7-7f89e6b43788" executionId="997b6327-6c1c-4c8c-8d67-89e9aac7861d" testListId="8c84fa94-04c1-424b-9868-57a2d4851a1d" />
    <TestEntry testId="faf6ac33-173a-dc80-7734-8174ff344fb3" executionId="8c4e0fda-a76c-42b4-8cd7-1e9f7a17f714" testListId="8c84fa94-04c1-424b-9868-57a2d4851a1d" />
    <TestEntry testId="19699ab8-56b4-61b7-0754-1ac8ee2c3788" executionId="492f1bb6-15d0-4efd-8d76-a7d0951cda70" testListId="8c84fa94-04c1-424b-9868-57a2d4851a1d" />
    <TestEntry testId="69ace1c6-c612-557f-909a-e7c5ca3bad22" executionId="86cdf658-e9fc-41df-88b6-7b29e1abe7bf" testListId="8c84fa94-04c1-424b-9868-57a2d4851a1d" />
  </TestEntries>
  <TestLists>
    <TestList name="Results Not in a List" id="8c84fa94-04c1-424b-9868-57a2d4851a1d" />
    <TestList name="All Loaded Results" id="19431567-8539-422a-85d7-44ee4e166bda" />
  </TestLists>
  <ResultSummary outcome="Completed">
    <Counters total="335" executed="335" passed="335" failed="0" error="0" timeout="0" aborted="0" inconclusive="0" passedButRunAborted="0" notRunnable="0" notExecuted="0" disconnected="0" warning="0" completed="0" inProgress="0" pending="0" />
    <Output>
      <StdOut>[xUnit.net 00:00:00.00] xUnit.net VSTest Adapter v2.4.5+1caef2f33e (64-bit .NET 7.0.5)&#xD;
[xUnit.net 00:00:00.59]   Discovering: Carlton.Base.Components.Test&#xD;
[xUnit.net 00:00:00.72]   Discovered:  Carlton.Base.Components.Test&#xD;
[xUnit.net 00:00:00.73]   Starting:    Carlton.Base.Components.Test&#xD;
[xUnit.net 00:00:01.75]   Finished:    Carlton.Base.Components.Test&#xD;
</StdOut>
    </Output>
  </ResultSummary>
</TestRun>